<?xml version="1.0" encoding="UTF-8"?>
<testsuites name="TC - New Sub - Multiple" time="558.695" tests="49" failures="16" errors="0">
   <testsuite name="TC - New Sub - Multiple" tests="49" failures="16" errors="0" time="558.695" timestamp="2020-03-18 14:48:10" hostname="arie.kurniawan - 192.168.178.1" id="Test Suites/TC - New Sub - Multiple">
      <properties>
         <property name="deviceName" value=""/>
         <property name="devicePlatform" value=""/>
         <property name="logFolder" value="C:\\Users\\arie.kurniawan\\Katalon Studio\\Testing Checklist\\Reports\\20200318_144803\\TC - New Sub - Multiple\\20200318_144803"/>
         <property name="logFiles" value="C:\\Users\\arie.kurniawan\\Katalon Studio\\Testing Checklist\\Reports\\20200318_144803\\TC - New Sub - Multiple\\20200318_144803\\execution0.log"/>
         <property name="attachments" value=""/>
         <property name="hostName" value="arie.kurniawan - 192.168.178.1"/>
         <property name="os" value="Windows 10 64bit"/>
         <property name="katalonVersion" value="7.2.6.1"/>
         <property name="browser" value="Chrome 80.0.3987.132"/>
         <property name="hostAddress" value="192.168.178.1"/>
         <property name="sessionId" value="cb91b2ff160f7bde859142f2a3d77a57"/>
         <property name="seleniumVersion" value="3.141.59"/>
         <property name="proxyInformation" value="ProxyInformation{proxyOption=NO_PROXY, proxyServerType=HTTP, password=, proxyServerAddress=, proxyServerPort=0, executionList=}"/>
         <property name="platform" value="Windows 10"/>
      </properties>
      <testcase name="Test Cases/NF Testing Checklist - Select Investor - Sub" time="34.078" classname="Test Cases/NF Testing Checklist - Select Investor - Sub" status="PASSED">
         <system-out><![CDATA[2020-03-18 14:48:10 - [TEST_CASE][PASSED] - Test Cases/NF Testing Checklist - Select Investor - Sub: Test Cases/NF Testing Checklist - Select Investor - Sub

2020-03-18 14:48:11 - [TEST_STEP][PASSED] - openBrowser(""): Browser is opened with url: ''

2020-03-18 14:48:12 - [MESSAGE][INFO] - Starting 'Chrome' driver

2020-03-18 14:48:13 - [MESSAGE][INFO] - Action delay is set to 1 seconds

2020-03-18 14:48:25 - [MESSAGE][PASSED] - Browser is opened with url: ''

2020-03-18 14:48:25 - [TEST_STEP][PASSED] - navigateToUrl("http://192.168.26.36/dev_cloud/ui/OrderManagement/AddNewTransaction"): Navigate to 'http://192.168.26.36/dev_cloud/ui/OrderManagement/AddNewTransaction' successfully

2020-03-18 14:48:34 - [MESSAGE][PASSED] - Navigate to 'http://192.168.26.36/dev_cloud/ui/OrderManagement/AddNewTransaction' successfully

2020-03-18 14:48:34 - [TEST_STEP][PASSED] - click(findTestObject("Object Repository/New Subscription/Page_Add New Transaction - PraisindoSIARUI/div_Add New Transaction                    _2d84bc")): Object: 'Object Repository/New Subscription/Page_Add New Transaction - PraisindoSIARUI/div_Add New Transaction                    _2d84bc' is clicked on

2020-03-18 14:48:36 - [MESSAGE][PASSED] - Object: 'Object Repository/New Subscription/Page_Add New Transaction - PraisindoSIARUI/div_Add New Transaction                    _2d84bc' is clicked on

2020-03-18 14:48:36 - [TEST_STEP][PASSED] - setText(findTestObject("New Subscription/Page_Add New Transaction - PraisindoSIARUI/input_Customer_cusCustomer"), "Fransiskus"): Text 'Fransiskus' is set on object 'Object Repository/New Subscription/Page_Add New Transaction - PraisindoSIARUI/input_Customer_cusCustomer'

2020-03-18 14:48:39 - [MESSAGE][PASSED] - Text 'Fransiskus' is set on object 'Object Repository/New Subscription/Page_Add New Transaction - PraisindoSIARUI/input_Customer_cusCustomer'

2020-03-18 14:48:39 - [TEST_STEP][PASSED] - sendKeys(findTestObject("Object Repository/New Subscription/Page_Add New Transaction - PraisindoSIARUI/input_Customer_cusCustomer"), Keys.chord(ENTER)): Keys 'ENTER + ' sent to object: 'Object Repository/New Subscription/Page_Add New Transaction - PraisindoSIARUI/input_Customer_cusCustomer'

2020-03-18 14:48:42 - [MESSAGE][PASSED] - Keys 'ENTER + ' sent to object: 'Object Repository/New Subscription/Page_Add New Transaction - PraisindoSIARUI/input_Customer_cusCustomer'

2020-03-18 14:48:42 - [TEST_STEP][PASSED] - click(findTestObject("Object Repository/New Subscription/Page_Add New Transaction - PraisindoSIARUI/button_Subscription")): Object: 'Object Repository/New Subscription/Page_Add New Transaction - PraisindoSIARUI/button_Subscription' is clicked on

2020-03-18 14:48:44 - [MESSAGE][PASSED] - Object: 'Object Repository/New Subscription/Page_Add New Transaction - PraisindoSIARUI/button_Subscription' is clicked on]]></system-out>
         <system-err><![CDATA[]]></system-err>
      </testcase>
      <testcase name="Test Cases/NF Testing Checklist - Ref No" time="36.041" classname="Test Cases/NF Testing Checklist - Ref No" status="PASSED">
         <system-out><![CDATA[2020-03-18 14:48:44 - [TEST_CASE][PASSED] - Test Cases/NF Testing Checklist - Ref No: Test Cases/NF Testing Checklist - Ref No

2020-03-18 14:48:45 - [TEST_STEP][PASSED] - setText(findTestObject("Object Repository/New Subscription/Page_Add New Subscription - PraisindoSIARUI/input_Reference No_RefNo"), findTestData("DataTesting_TestingChecklist/Code").getValue(5, 1)): Text 'ASDFASDFASDFASDFASDFAASASFFDDFDSFDSFDASDFASDFASDFASDFASDFAASASFFDDFDSFDSFDSFFSDFDASDFASDFASDFASDFASDFAASASFFDDFDSFDSFDSFFSDFDASDFASDFASDFASDFASDFAASASFFDDFDSFDSFDSFFSDFDASDFASDFASDFASDFASDFAASASFFDDFDSFDSFDSFFSDFDASDFASDFASDFASDFASDFAASASFFDDFDSFDSFDSFFSDFDASDFASDFASDFASDFASDFAASASFFDDFDSFDSSFFSDFD' is set on object 'Object Repository/New Subscription/Page_Add New Subscription - PraisindoSIARUI/input_Reference No_RefNo'

2020-03-18 14:49:00 - [MESSAGE][PASSED] - Text 'ASDFASDFASDFASDFASDFAASASFFDDFDSFDSFDASDFASDFASDFASDFASDFAASASFFDDFDSFDSFDSFFSDFDASDFASDFASDFASDFASDFAASASFFDDFDSFDSFDSFFSDFDASDFASDFASDFASDFASDFAASASFFDDFDSFDSFDSFFSDFDASDFASDFASDFASDFASDFAASASFFDDFDSFDSFDSFFSDFDASDFASDFASDFASDFASDFAASASFFDDFDSFDSFDSFFSDFDASDFASDFASDFASDFASDFAASASFFDDFDSFDSSFFSDFD' is set on object 'Object Repository/New Subscription/Page_Add New Subscription - PraisindoSIARUI/input_Reference No_RefNo'

2020-03-18 14:49:00 - [TEST_STEP][PASSED] - setText(findTestObject("Object Repository/New Subscription/Page_Add New Subscription - PraisindoSIARUI/input_Reference No_RefNo"), findTestData("DataTesting_TestingChecklist/Code").getValue(5, 2)): Text '~!@#$%^&*_ -+=’|\(){}[]:;”’<>,.?/; ?' is set on object 'Object Repository/New Subscription/Page_Add New Subscription - PraisindoSIARUI/input_Reference No_RefNo'

2020-03-18 14:49:07 - [MESSAGE][PASSED] - Text '~!@#$%^&*_ -+=’|\(){}[]:;”’<>,.?/; ?' is set on object 'Object Repository/New Subscription/Page_Add New Subscription - PraisindoSIARUI/input_Reference No_RefNo'

2020-03-18 14:49:07 - [TEST_STEP][PASSED] - setText(findTestObject("Object Repository/New Subscription/Page_Add New Subscription - PraisindoSIARUI/input_Reference No_RefNo"), findTestData("DataTesting_TestingChecklist/Code").getValue(5, 3)): Text 'ABCDEFGHIJKLMNOPQRSTUVWXYZ' is set on object 'Object Repository/New Subscription/Page_Add New Subscription - PraisindoSIARUI/input_Reference No_RefNo'

2020-03-18 14:49:10 - [MESSAGE][PASSED] - Text 'ABCDEFGHIJKLMNOPQRSTUVWXYZ' is set on object 'Object Repository/New Subscription/Page_Add New Subscription - PraisindoSIARUI/input_Reference No_RefNo'

2020-03-18 14:49:10 - [TEST_STEP][PASSED] - setText(findTestObject("Object Repository/New Subscription/Page_Add New Subscription - PraisindoSIARUI/input_Reference No_RefNo"), findTestData("DataTesting_TestingChecklist/Code").getValue(5, 4)): Text 'abcdefhijklmnopqrstuvwxyz' is set on object 'Object Repository/New Subscription/Page_Add New Subscription - PraisindoSIARUI/input_Reference No_RefNo'

2020-03-18 14:49:14 - [MESSAGE][PASSED] - Text 'abcdefhijklmnopqrstuvwxyz' is set on object 'Object Repository/New Subscription/Page_Add New Subscription - PraisindoSIARUI/input_Reference No_RefNo'

2020-03-18 14:49:14 - [TEST_STEP][PASSED] - setText(findTestObject("Object Repository/New Subscription/Page_Add New Subscription - PraisindoSIARUI/input_Reference No_RefNo"), findTestData("DataTesting_TestingChecklist/Code").getValue(5, 5)): Text '1234567890' is set on object 'Object Repository/New Subscription/Page_Add New Subscription - PraisindoSIARUI/input_Reference No_RefNo'

2020-03-18 14:49:17 - [MESSAGE][PASSED] - Text '1234567890' is set on object 'Object Repository/New Subscription/Page_Add New Subscription - PraisindoSIARUI/input_Reference No_RefNo'

2020-03-18 14:49:17 - [TEST_STEP][PASSED] - click(findTestObject("Object Repository/New Subscription/Page_Add New Subscription - PraisindoSIARUI/div_Investment Account                     _c7457b")): Object: 'Object Repository/New Subscription/Page_Add New Subscription - PraisindoSIARUI/div_Investment Account                     _c7457b' is clicked on

2020-03-18 14:49:19 - [MESSAGE][PASSED] - Object: 'Object Repository/New Subscription/Page_Add New Subscription - PraisindoSIARUI/div_Investment Account                     _c7457b' is clicked on

2020-03-18 14:49:19 - [TEST_STEP][PASSED] - selectOptionByValue(findTestObject("Object Repository/New Subscription/Page_Add New Subscription - PraisindoSIARUI/select_New Account 11290000233729 584 REGUL_4f48bc"), "New Account", true): All options with value 'New Account' are selected in object 'Object Repository/New Subscription/Page_Add New Subscription - PraisindoSIARUI/select_New Account 11290000233729 584 REGUL_4f48bc'  using regular expression

2020-03-18 14:49:20 - [MESSAGE][PASSED] - All options with value 'New Account' are selected in object 'Object Repository/New Subscription/Page_Add New Subscription - PraisindoSIARUI/select_New Account 11290000233729 584 REGUL_4f48bc'  using regular expression]]></system-out>
         <system-err><![CDATA[]]></system-err>
      </testcase>
      <testcase name="Test Cases/NF Testing Checklist - Prod" time="10.386" classname="Test Cases/NF Testing Checklist - Prod" status="PASSED">
         <system-out><![CDATA[2020-03-18 14:49:20 - [TEST_CASE][PASSED] - Test Cases/NF Testing Checklist - Prod: Test Cases/NF Testing Checklist - Prod

2020-03-18 14:49:21 - [TEST_STEP][PASSED] - setText(findTestObject("New Subscription/Page_Add New Subscription - PraisindoSIARUI/input__product"), ParamProd): Text 'ASDFASDFASDFASDFASDFAASASFFDDFDSFDSFDASDFASDFASDFASDFASDFAASASFFDDFDSFDSFDSFFSDFDASDFASDFASDFASDFASDFAASASFFDDFDSFDSFDSFFSDFDASDFASDFASDFASDFASDFAASASFFDDFDSFDSFDSFFSDFDASDFASDFASDFASDFASDFAASASFFDDFDSFDSFDSFFSDFDASDFASDFASDFASDFASDFAASASFFDDFDSFDSFDSFFSDFDASDFASDFASDFASDFASDFAASASFFDDFDSFDSSFFSDFD ' is set on object 'Object Repository/New Subscription/Page_Add New Subscription - PraisindoSIARUI/input__product'

2020-03-18 14:49:26 - [MESSAGE][PASSED] - Text 'ASDFASDFASDFASDFASDFAASASFFDDFDSFDSFDASDFASDFASDFASDFASDFAASASFFDDFDSFDSFDSFFSDFDASDFASDFASDFASDFASDFAASASFFDDFDSFDSFDSFFSDFDASDFASDFASDFASDFASDFAASASFFDDFDSFDSFDSFFSDFDASDFASDFASDFASDFASDFAASASFFDDFDSFDSFDSFFSDFDASDFASDFASDFASDFASDFAASASFFDDFDSFDSFDSFFSDFDASDFASDFASDFASDFASDFAASASFFDDFDSFDSSFFSDFD ' is set on object 'Object Repository/New Subscription/Page_Add New Subscription - PraisindoSIARUI/input__product'

2020-03-18 14:49:26 - [TEST_STEP][PASSED] - sendKeys(findTestObject("New Subscription/Page_Add New Subscription - PraisindoSIARUI/input__product"), Keys.chord(ENTER)): Keys 'ENTER + ' sent to object: 'Object Repository/New Subscription/Page_Add New Subscription - PraisindoSIARUI/input__product'

2020-03-18 14:49:27 - [MESSAGE][PASSED] - Keys 'ENTER + ' sent to object: 'Object Repository/New Subscription/Page_Add New Subscription - PraisindoSIARUI/input__product'

2020-03-18 14:49:27 - [TEST_STEP][PASSED] - click(findTestObject("Object Repository/New Subscription/Page_Add New Subscription - PraisindoSIARUI/label_Gross")): Object: 'Object Repository/New Subscription/Page_Add New Subscription - PraisindoSIARUI/label_Gross' is clicked on

2020-03-18 14:49:29 - [MESSAGE][PASSED] - Object: 'Object Repository/New Subscription/Page_Add New Subscription - PraisindoSIARUI/label_Gross' is clicked on

2020-03-18 14:49:29 - [TEST_STEP][PASSED] - click(findTestObject("Object Repository/New Subscription/Page_Add New Subscription - PraisindoSIARUI/label_Nett")): Object: 'Object Repository/New Subscription/Page_Add New Subscription - PraisindoSIARUI/label_Nett' is clicked on

2020-03-18 14:49:31 - [MESSAGE][PASSED] - Object: 'Object Repository/New Subscription/Page_Add New Subscription - PraisindoSIARUI/label_Nett' is clicked on]]></system-out>
         <system-err><![CDATA[]]></system-err>
      </testcase>
      <testcase name="Test Cases/NF Testing Checklist - Prod" time="8.544" classname="Test Cases/NF Testing Checklist - Prod" status="PASSED">
         <system-out><![CDATA[2020-03-18 14:49:31 - [TEST_CASE][PASSED] - Test Cases/NF Testing Checklist - Prod: Test Cases/NF Testing Checklist - Prod

2020-03-18 14:49:31 - [TEST_STEP][PASSED] - setText(findTestObject("New Subscription/Page_Add New Subscription - PraisindoSIARUI/input__product"), ParamProd): Text '~!@#$%^&*_ -+=’|\(){}[]:;”’<>,.?/; ? ' is set on object 'Object Repository/New Subscription/Page_Add New Subscription - PraisindoSIARUI/input__product'

2020-03-18 14:49:34 - [MESSAGE][PASSED] - Text '~!@#$%^&*_ -+=’|\(){}[]:;”’<>,.?/; ? ' is set on object 'Object Repository/New Subscription/Page_Add New Subscription - PraisindoSIARUI/input__product'

2020-03-18 14:49:34 - [TEST_STEP][PASSED] - sendKeys(findTestObject("New Subscription/Page_Add New Subscription - PraisindoSIARUI/input__product"), Keys.chord(ENTER)): Keys 'ENTER + ' sent to object: 'Object Repository/New Subscription/Page_Add New Subscription - PraisindoSIARUI/input__product'

2020-03-18 14:49:36 - [MESSAGE][PASSED] - Keys 'ENTER + ' sent to object: 'Object Repository/New Subscription/Page_Add New Subscription - PraisindoSIARUI/input__product'

2020-03-18 14:49:36 - [TEST_STEP][PASSED] - click(findTestObject("Object Repository/New Subscription/Page_Add New Subscription - PraisindoSIARUI/label_Gross")): Object: 'Object Repository/New Subscription/Page_Add New Subscription - PraisindoSIARUI/label_Gross' is clicked on

2020-03-18 14:49:38 - [MESSAGE][PASSED] - Object: 'Object Repository/New Subscription/Page_Add New Subscription - PraisindoSIARUI/label_Gross' is clicked on

2020-03-18 14:49:38 - [TEST_STEP][PASSED] - click(findTestObject("Object Repository/New Subscription/Page_Add New Subscription - PraisindoSIARUI/label_Nett")): Object: 'Object Repository/New Subscription/Page_Add New Subscription - PraisindoSIARUI/label_Nett' is clicked on

2020-03-18 14:49:39 - [MESSAGE][PASSED] - Object: 'Object Repository/New Subscription/Page_Add New Subscription - PraisindoSIARUI/label_Nett' is clicked on]]></system-out>
         <system-err><![CDATA[]]></system-err>
      </testcase>
      <testcase name="Test Cases/NF Testing Checklist - Prod" time="7.726" classname="Test Cases/NF Testing Checklist - Prod" status="PASSED">
         <system-out><![CDATA[2020-03-18 14:49:39 - [TEST_CASE][PASSED] - Test Cases/NF Testing Checklist - Prod: Test Cases/NF Testing Checklist - Prod

2020-03-18 14:49:39 - [TEST_STEP][PASSED] - setText(findTestObject("New Subscription/Page_Add New Subscription - PraisindoSIARUI/input__product"), ParamProd): Text 'the flying fox jumpz over the lazy dog' is set on object 'Object Repository/New Subscription/Page_Add New Subscription - PraisindoSIARUI/input__product'

2020-03-18 14:49:42 - [MESSAGE][PASSED] - Text 'the flying fox jumpz over the lazy dog' is set on object 'Object Repository/New Subscription/Page_Add New Subscription - PraisindoSIARUI/input__product'

2020-03-18 14:49:42 - [TEST_STEP][PASSED] - sendKeys(findTestObject("New Subscription/Page_Add New Subscription - PraisindoSIARUI/input__product"), Keys.chord(ENTER)): Keys 'ENTER + ' sent to object: 'Object Repository/New Subscription/Page_Add New Subscription - PraisindoSIARUI/input__product'

2020-03-18 14:49:44 - [MESSAGE][PASSED] - Keys 'ENTER + ' sent to object: 'Object Repository/New Subscription/Page_Add New Subscription - PraisindoSIARUI/input__product'

2020-03-18 14:49:44 - [TEST_STEP][PASSED] - click(findTestObject("Object Repository/New Subscription/Page_Add New Subscription - PraisindoSIARUI/label_Gross")): Object: 'Object Repository/New Subscription/Page_Add New Subscription - PraisindoSIARUI/label_Gross' is clicked on

2020-03-18 14:49:46 - [MESSAGE][PASSED] - Object: 'Object Repository/New Subscription/Page_Add New Subscription - PraisindoSIARUI/label_Gross' is clicked on

2020-03-18 14:49:46 - [TEST_STEP][PASSED] - click(findTestObject("Object Repository/New Subscription/Page_Add New Subscription - PraisindoSIARUI/label_Nett")): Object: 'Object Repository/New Subscription/Page_Add New Subscription - PraisindoSIARUI/label_Nett' is clicked on

2020-03-18 14:49:47 - [MESSAGE][PASSED] - Object: 'Object Repository/New Subscription/Page_Add New Subscription - PraisindoSIARUI/label_Nett' is clicked on]]></system-out>
         <system-err><![CDATA[]]></system-err>
      </testcase>
      <testcase name="Test Cases/NF Testing Checklist - Prod" time="7.682" classname="Test Cases/NF Testing Checklist - Prod" status="PASSED">
         <system-out><![CDATA[2020-03-18 14:49:47 - [TEST_CASE][PASSED] - Test Cases/NF Testing Checklist - Prod: Test Cases/NF Testing Checklist - Prod

2020-03-18 14:49:47 - [TEST_STEP][PASSED] - setText(findTestObject("New Subscription/Page_Add New Subscription - PraisindoSIARUI/input__product"), ParamProd): Text 'abcdefhijklmnopqrstuvwxyz ' is set on object 'Object Repository/New Subscription/Page_Add New Subscription - PraisindoSIARUI/input__product'

2020-03-18 14:49:50 - [MESSAGE][PASSED] - Text 'abcdefhijklmnopqrstuvwxyz ' is set on object 'Object Repository/New Subscription/Page_Add New Subscription - PraisindoSIARUI/input__product'

2020-03-18 14:49:50 - [TEST_STEP][PASSED] - sendKeys(findTestObject("New Subscription/Page_Add New Subscription - PraisindoSIARUI/input__product"), Keys.chord(ENTER)): Keys 'ENTER + ' sent to object: 'Object Repository/New Subscription/Page_Add New Subscription - PraisindoSIARUI/input__product'

2020-03-18 14:49:52 - [MESSAGE][PASSED] - Keys 'ENTER + ' sent to object: 'Object Repository/New Subscription/Page_Add New Subscription - PraisindoSIARUI/input__product'

2020-03-18 14:49:52 - [TEST_STEP][PASSED] - click(findTestObject("Object Repository/New Subscription/Page_Add New Subscription - PraisindoSIARUI/label_Gross")): Object: 'Object Repository/New Subscription/Page_Add New Subscription - PraisindoSIARUI/label_Gross' is clicked on

2020-03-18 14:49:53 - [MESSAGE][PASSED] - Object: 'Object Repository/New Subscription/Page_Add New Subscription - PraisindoSIARUI/label_Gross' is clicked on

2020-03-18 14:49:53 - [TEST_STEP][PASSED] - click(findTestObject("Object Repository/New Subscription/Page_Add New Subscription - PraisindoSIARUI/label_Nett")): Object: 'Object Repository/New Subscription/Page_Add New Subscription - PraisindoSIARUI/label_Nett' is clicked on

2020-03-18 14:49:55 - [MESSAGE][PASSED] - Object: 'Object Repository/New Subscription/Page_Add New Subscription - PraisindoSIARUI/label_Nett' is clicked on]]></system-out>
         <system-err><![CDATA[]]></system-err>
      </testcase>
      <testcase name="Test Cases/NF Testing Checklist - Prod" time="7.687" classname="Test Cases/NF Testing Checklist - Prod" status="PASSED">
         <system-out><![CDATA[2020-03-18 14:49:55 - [TEST_CASE][PASSED] - Test Cases/NF Testing Checklist - Prod: Test Cases/NF Testing Checklist - Prod

2020-03-18 14:49:55 - [TEST_STEP][PASSED] - setText(findTestObject("New Subscription/Page_Add New Subscription - PraisindoSIARUI/input__product"), ParamProd): Text '1234567890' is set on object 'Object Repository/New Subscription/Page_Add New Subscription - PraisindoSIARUI/input__product'

2020-03-18 14:49:57 - [MESSAGE][PASSED] - Text '1234567890' is set on object 'Object Repository/New Subscription/Page_Add New Subscription - PraisindoSIARUI/input__product'

2020-03-18 14:49:57 - [TEST_STEP][PASSED] - sendKeys(findTestObject("New Subscription/Page_Add New Subscription - PraisindoSIARUI/input__product"), Keys.chord(ENTER)): Keys 'ENTER + ' sent to object: 'Object Repository/New Subscription/Page_Add New Subscription - PraisindoSIARUI/input__product'

2020-03-18 14:49:59 - [MESSAGE][PASSED] - Keys 'ENTER + ' sent to object: 'Object Repository/New Subscription/Page_Add New Subscription - PraisindoSIARUI/input__product'

2020-03-18 14:49:59 - [TEST_STEP][PASSED] - click(findTestObject("Object Repository/New Subscription/Page_Add New Subscription - PraisindoSIARUI/label_Gross")): Object: 'Object Repository/New Subscription/Page_Add New Subscription - PraisindoSIARUI/label_Gross' is clicked on

2020-03-18 14:50:01 - [MESSAGE][PASSED] - Object: 'Object Repository/New Subscription/Page_Add New Subscription - PraisindoSIARUI/label_Gross' is clicked on

2020-03-18 14:50:01 - [TEST_STEP][PASSED] - click(findTestObject("Object Repository/New Subscription/Page_Add New Subscription - PraisindoSIARUI/label_Nett")): Object: 'Object Repository/New Subscription/Page_Add New Subscription - PraisindoSIARUI/label_Nett' is clicked on

2020-03-18 14:50:02 - [MESSAGE][PASSED] - Object: 'Object Repository/New Subscription/Page_Add New Subscription - PraisindoSIARUI/label_Nett' is clicked on]]></system-out>
         <system-err><![CDATA[]]></system-err>
      </testcase>
      <testcase name="Test Cases/NF Testing Checklist - Prod" time="6.83" classname="Test Cases/NF Testing Checklist - Prod" status="PASSED">
         <system-out><![CDATA[2020-03-18 14:50:02 - [TEST_CASE][PASSED] - Test Cases/NF Testing Checklist - Prod: Test Cases/NF Testing Checklist - Prod

2020-03-18 14:50:03 - [TEST_STEP][PASSED] - setText(findTestObject("New Subscription/Page_Add New Subscription - PraisindoSIARUI/input__product"), ParamProd): Text '' is set on object 'Object Repository/New Subscription/Page_Add New Subscription - PraisindoSIARUI/input__product'

2020-03-18 14:50:05 - [MESSAGE][PASSED] - Text '' is set on object 'Object Repository/New Subscription/Page_Add New Subscription - PraisindoSIARUI/input__product'

2020-03-18 14:50:05 - [TEST_STEP][PASSED] - sendKeys(findTestObject("New Subscription/Page_Add New Subscription - PraisindoSIARUI/input__product"), Keys.chord(ENTER)): Keys 'ENTER + ' sent to object: 'Object Repository/New Subscription/Page_Add New Subscription - PraisindoSIARUI/input__product'

2020-03-18 14:50:06 - [MESSAGE][PASSED] - Keys 'ENTER + ' sent to object: 'Object Repository/New Subscription/Page_Add New Subscription - PraisindoSIARUI/input__product'

2020-03-18 14:50:06 - [TEST_STEP][PASSED] - click(findTestObject("Object Repository/New Subscription/Page_Add New Subscription - PraisindoSIARUI/label_Gross")): Object: 'Object Repository/New Subscription/Page_Add New Subscription - PraisindoSIARUI/label_Gross' is clicked on

2020-03-18 14:50:08 - [MESSAGE][PASSED] - Object: 'Object Repository/New Subscription/Page_Add New Subscription - PraisindoSIARUI/label_Gross' is clicked on

2020-03-18 14:50:08 - [TEST_STEP][PASSED] - click(findTestObject("Object Repository/New Subscription/Page_Add New Subscription - PraisindoSIARUI/label_Nett")): Object: 'Object Repository/New Subscription/Page_Add New Subscription - PraisindoSIARUI/label_Nett' is clicked on

2020-03-18 14:50:09 - [MESSAGE][PASSED] - Object: 'Object Repository/New Subscription/Page_Add New Subscription - PraisindoSIARUI/label_Nett' is clicked on]]></system-out>
         <system-err><![CDATA[]]></system-err>
      </testcase>
      <testcase name="Test Cases/NF Testing Checklist - Prod" time="6.767" classname="Test Cases/NF Testing Checklist - Prod" status="PASSED">
         <system-out><![CDATA[2020-03-18 14:50:09 - [TEST_CASE][PASSED] - Test Cases/NF Testing Checklist - Prod: Test Cases/NF Testing Checklist - Prod

2020-03-18 14:50:09 - [TEST_STEP][PASSED] - setText(findTestObject("New Subscription/Page_Add New Subscription - PraisindoSIARUI/input__product"), ParamProd): Text '' is set on object 'Object Repository/New Subscription/Page_Add New Subscription - PraisindoSIARUI/input__product'

2020-03-18 14:50:12 - [MESSAGE][PASSED] - Text '' is set on object 'Object Repository/New Subscription/Page_Add New Subscription - PraisindoSIARUI/input__product'

2020-03-18 14:50:12 - [TEST_STEP][PASSED] - sendKeys(findTestObject("New Subscription/Page_Add New Subscription - PraisindoSIARUI/input__product"), Keys.chord(ENTER)): Keys 'ENTER + ' sent to object: 'Object Repository/New Subscription/Page_Add New Subscription - PraisindoSIARUI/input__product'

2020-03-18 14:50:13 - [MESSAGE][PASSED] - Keys 'ENTER + ' sent to object: 'Object Repository/New Subscription/Page_Add New Subscription - PraisindoSIARUI/input__product'

2020-03-18 14:50:13 - [TEST_STEP][PASSED] - click(findTestObject("Object Repository/New Subscription/Page_Add New Subscription - PraisindoSIARUI/label_Gross")): Object: 'Object Repository/New Subscription/Page_Add New Subscription - PraisindoSIARUI/label_Gross' is clicked on

2020-03-18 14:50:15 - [MESSAGE][PASSED] - Object: 'Object Repository/New Subscription/Page_Add New Subscription - PraisindoSIARUI/label_Gross' is clicked on

2020-03-18 14:50:15 - [TEST_STEP][PASSED] - click(findTestObject("Object Repository/New Subscription/Page_Add New Subscription - PraisindoSIARUI/label_Nett")): Object: 'Object Repository/New Subscription/Page_Add New Subscription - PraisindoSIARUI/label_Nett' is clicked on

2020-03-18 14:50:16 - [MESSAGE][PASSED] - Object: 'Object Repository/New Subscription/Page_Add New Subscription - PraisindoSIARUI/label_Nett' is clicked on]]></system-out>
         <system-err><![CDATA[]]></system-err>
      </testcase>
      <testcase name="Test Cases/NF Testing Checklist - Prod" time="7.201" classname="Test Cases/NF Testing Checklist - Prod" status="PASSED">
         <system-out><![CDATA[2020-03-18 14:50:16 - [TEST_CASE][PASSED] - Test Cases/NF Testing Checklist - Prod: Test Cases/NF Testing Checklist - Prod

2020-03-18 14:50:16 - [TEST_STEP][PASSED] - setText(findTestObject("New Subscription/Page_Add New Subscription - PraisindoSIARUI/input__product"), ParamProd): Text '           ' is set on object 'Object Repository/New Subscription/Page_Add New Subscription - PraisindoSIARUI/input__product'

2020-03-18 14:50:19 - [MESSAGE][PASSED] - Text '           ' is set on object 'Object Repository/New Subscription/Page_Add New Subscription - PraisindoSIARUI/input__product'

2020-03-18 14:50:19 - [TEST_STEP][PASSED] - sendKeys(findTestObject("New Subscription/Page_Add New Subscription - PraisindoSIARUI/input__product"), Keys.chord(ENTER)): Keys 'ENTER + ' sent to object: 'Object Repository/New Subscription/Page_Add New Subscription - PraisindoSIARUI/input__product'

2020-03-18 14:50:20 - [MESSAGE][PASSED] - Keys 'ENTER + ' sent to object: 'Object Repository/New Subscription/Page_Add New Subscription - PraisindoSIARUI/input__product'

2020-03-18 14:50:20 - [TEST_STEP][PASSED] - click(findTestObject("Object Repository/New Subscription/Page_Add New Subscription - PraisindoSIARUI/label_Gross")): Object: 'Object Repository/New Subscription/Page_Add New Subscription - PraisindoSIARUI/label_Gross' is clicked on

2020-03-18 14:50:22 - [MESSAGE][PASSED] - Object: 'Object Repository/New Subscription/Page_Add New Subscription - PraisindoSIARUI/label_Gross' is clicked on

2020-03-18 14:50:22 - [TEST_STEP][PASSED] - click(findTestObject("Object Repository/New Subscription/Page_Add New Subscription - PraisindoSIARUI/label_Nett")): Object: 'Object Repository/New Subscription/Page_Add New Subscription - PraisindoSIARUI/label_Nett' is clicked on

2020-03-18 14:50:23 - [MESSAGE][PASSED] - Object: 'Object Repository/New Subscription/Page_Add New Subscription - PraisindoSIARUI/label_Nett' is clicked on]]></system-out>
         <system-err><![CDATA[]]></system-err>
      </testcase>
      <testcase name="Test Cases/NF Testing Checklist - Amount" time="9.212" classname="Test Cases/NF Testing Checklist - Amount" status="FAILED">
         <failure type="FAILED" message="Test Cases/NF Testing Checklist - Amount FAILED.
Reason:
com.kms.katalon.core.exception.StepFailedException: No option matched.
	at com.kms.katalon.core.keyword.internal.KeywordMain.stepFailed(KeywordMain.groovy:39)
	at com.kms.katalon.core.keyword.internal.KeywordMain.stepFailed(KeywordMain.groovy)
	at com.kms.katalon.core.keyword.internal.KeywordMain.stepFailed(KeywordMain.groovy:23)
	at com.kms.katalon.core.webui.keyword.builtin.SelectOptionByValueKeyword$_selectOptionByValue_closure1.doCall(SelectOptionByValueKeyword.groovy:92)
	at com.kms.katalon.core.webui.keyword.builtin.SelectOptionByValueKeyword$_selectOptionByValue_closure1.call(SelectOptionByValueKeyword.groovy)
	at com.kms.katalon.core.webui.keyword.internal.WebUIKeywordMain.runKeyword(WebUIKeywordMain.groovy:20)
	at com.kms.katalon.core.webui.keyword.builtin.SelectOptionByValueKeyword.selectOptionByValue(SelectOptionByValueKeyword.groovy:99)
	at com.kms.katalon.core.webui.keyword.builtin.SelectOptionByValueKeyword.execute(SelectOptionByValueKeyword.groovy:71)
	at com.kms.katalon.core.keyword.internal.KeywordExecutor.executeKeywordForPlatform(KeywordExecutor.groovy:72)
	at com.kms.katalon.core.webui.keyword.WebUiBuiltInKeywords.selectOptionByValue(WebUiBuiltInKeywords.groovy:1164)
	at com.kms.katalon.core.webui.keyword.WebUiBuiltInKeywords$selectOptionByValue$4.call(Unknown Source)
	at NF Testing Checklist - Amount.run(NF Testing Checklist - Amount:23)
	at com.kms.katalon.core.main.ScriptEngine.run(ScriptEngine.java:194)
	at com.kms.katalon.core.main.ScriptEngine.runScriptAsRawText(ScriptEngine.java:119)
	at com.kms.katalon.core.main.TestCaseExecutor.runScript(TestCaseExecutor.java:337)
	at com.kms.katalon.core.main.TestCaseExecutor.doExecute(TestCaseExecutor.java:328)
	at com.kms.katalon.core.main.TestCaseExecutor.processExecutionPhase(TestCaseExecutor.java:307)
	at com.kms.katalon.core.main.TestCaseExecutor.accessMainPhase(TestCaseExecutor.java:299)
	at com.kms.katalon.core.main.TestCaseExecutor.execute(TestCaseExecutor.java:233)
	at com.kms.katalon.core.main.TestSuiteExecutor.accessTestCaseMainPhase(TestSuiteExecutor.java:169)
	at com.kms.katalon.core.main.TestSuiteExecutor.accessTestSuiteMainPhase(TestSuiteExecutor.java:142)
	at com.kms.katalon.core.main.TestSuiteExecutor.execute(TestSuiteExecutor.java:91)
	at com.kms.katalon.core.main.TestCaseMain.startTestSuite(TestCaseMain.java:157)
	at com.kms.katalon.core.main.TestCaseMain$startTestSuite$0.call(Unknown Source)
	at TempTestSuite1584517683796.run(TempTestSuite1584517683796.groovy:36)
"/>
         <system-out><![CDATA[2020-03-18 14:50:23 - [TEST_CASE][FAILED] - Test Cases/NF Testing Checklist - Amount: Test Cases/NF Testing Checklist - Amount FAILED.
Reason:
com.kms.katalon.core.exception.StepFailedException: No option matched.
	at com.kms.katalon.core.keyword.internal.KeywordMain.stepFailed(KeywordMain.groovy:39)
	at com.kms.katalon.core.keyword.internal.KeywordMain.stepFailed(KeywordMain.groovy)
	at com.kms.katalon.core.keyword.internal.KeywordMain.stepFailed(KeywordMain.groovy:23)
	at com.kms.katalon.core.webui.keyword.builtin.SelectOptionByValueKeyword$_selectOptionByValue_closure1.doCall(SelectOptionByValueKeyword.groovy:92)
	at com.kms.katalon.core.webui.keyword.builtin.SelectOptionByValueKeyword$_selectOptionByValue_closure1.call(SelectOptionByValueKeyword.groovy)
	at com.kms.katalon.core.webui.keyword.internal.WebUIKeywordMain.runKeyword(WebUIKeywordMain.groovy:20)
	at com.kms.katalon.core.webui.keyword.builtin.SelectOptionByValueKeyword.selectOptionByValue(SelectOptionByValueKeyword.groovy:99)
	at com.kms.katalon.core.webui.keyword.builtin.SelectOptionByValueKeyword.execute(SelectOptionByValueKeyword.groovy:71)
	at com.kms.katalon.core.keyword.internal.KeywordExecutor.executeKeywordForPlatform(KeywordExecutor.groovy:72)
	at com.kms.katalon.core.webui.keyword.WebUiBuiltInKeywords.selectOptionByValue(WebUiBuiltInKeywords.groovy:1164)
	at com.kms.katalon.core.webui.keyword.WebUiBuiltInKeywords$selectOptionByValue$4.call(Unknown Source)
	at NF Testing Checklist - Amount.run(NF Testing Checklist - Amount:23)
	at com.kms.katalon.core.main.ScriptEngine.run(ScriptEngine.java:194)
	at com.kms.katalon.core.main.ScriptEngine.runScriptAsRawText(ScriptEngine.java:119)
	at com.kms.katalon.core.main.TestCaseExecutor.runScript(TestCaseExecutor.java:337)
	at com.kms.katalon.core.main.TestCaseExecutor.doExecute(TestCaseExecutor.java:328)
	at com.kms.katalon.core.main.TestCaseExecutor.processExecutionPhase(TestCaseExecutor.java:307)
	at com.kms.katalon.core.main.TestCaseExecutor.accessMainPhase(TestCaseExecutor.java:299)
	at com.kms.katalon.core.main.TestCaseExecutor.execute(TestCaseExecutor.java:233)
	at com.kms.katalon.core.main.TestSuiteExecutor.accessTestCaseMainPhase(TestSuiteExecutor.java:169)
	at com.kms.katalon.core.main.TestSuiteExecutor.accessTestSuiteMainPhase(TestSuiteExecutor.java:142)
	at com.kms.katalon.core.main.TestSuiteExecutor.execute(TestSuiteExecutor.java:91)
	at com.kms.katalon.core.main.TestCaseMain.startTestSuite(TestCaseMain.java:157)
	at com.kms.katalon.core.main.TestCaseMain$startTestSuite$0.call(Unknown Source)
	at TempTestSuite1584517683796.run(TempTestSuite1584517683796.groovy:36)


2020-03-18 14:50:24 - [TEST_STEP][PASSED] - click(findTestObject("Object Repository/New Subscription/Page_Add New Subscription - PraisindoSIARUI/input__NetAmount")): Object: 'Object Repository/New Subscription/Page_Add New Subscription - PraisindoSIARUI/input__NetAmount' is clicked on

2020-03-18 14:50:25 - [MESSAGE][PASSED] - Object: 'Object Repository/New Subscription/Page_Add New Subscription - PraisindoSIARUI/input__NetAmount' is clicked on

2020-03-18 14:50:25 - [TEST_STEP][PASSED] - setText(findTestObject("New Subscription/Page_Add New Subscription - PraisindoSIARUI/input__NetAmount"), ParamAmount): Text '-1' is set on object 'Object Repository/New Subscription/Page_Add New Subscription - PraisindoSIARUI/input__NetAmount'

2020-03-18 14:50:28 - [MESSAGE][PASSED] - Text '-1' is set on object 'Object Repository/New Subscription/Page_Add New Subscription - PraisindoSIARUI/input__NetAmount'

2020-03-18 14:50:28 - [TEST_STEP][FAILED] - selectOptionByValue(findTestObject("Object Repository/New Subscription/Page_Add New Subscription - PraisindoSIARUI/select_Select Fee SUB 1"), "3854", true): No option matched.

2020-03-18 14:50:28 - [MESSAGE][FAILED] - No option matched.

2020-03-18 14:50:28 - [TEST_STEP][PASSED] - click(findTestObject("Object Repository/New Subscription/Page_Add New Subscription - PraisindoSIARUI/input_Fee ()_FeePercentage")): Object: 'Object Repository/New Subscription/Page_Add New Subscription - PraisindoSIARUI/input_Fee ()_FeePercentage' is clicked on

2020-03-18 14:50:30 - [MESSAGE][PASSED] - Object: 'Object Repository/New Subscription/Page_Add New Subscription - PraisindoSIARUI/input_Fee ()_FeePercentage' is clicked on

2020-03-18 14:50:30 - [TEST_STEP][PASSED] - setText(findTestObject("New Subscription/Page_Add New Subscription - PraisindoSIARUI/input_Fee ()_FeePercentage"), "4"): Text '4' is set on object 'Object Repository/New Subscription/Page_Add New Subscription - PraisindoSIARUI/input_Fee ()_FeePercentage'

2020-03-18 14:50:32 - [MESSAGE][PASSED] - Text '4' is set on object 'Object Repository/New Subscription/Page_Add New Subscription - PraisindoSIARUI/input_Fee ()_FeePercentage']]></system-out>
         <system-err><![CDATA[2020-03-18 14:50:23 - [TEST_CASE][FAILED] - Test Cases/NF Testing Checklist - Amount: Test Cases/NF Testing Checklist - Amount FAILED.
Reason:
com.kms.katalon.core.exception.StepFailedException: No option matched.
	at com.kms.katalon.core.keyword.internal.KeywordMain.stepFailed(KeywordMain.groovy:39)
	at com.kms.katalon.core.keyword.internal.KeywordMain.stepFailed(KeywordMain.groovy)
	at com.kms.katalon.core.keyword.internal.KeywordMain.stepFailed(KeywordMain.groovy:23)
	at com.kms.katalon.core.webui.keyword.builtin.SelectOptionByValueKeyword$_selectOptionByValue_closure1.doCall(SelectOptionByValueKeyword.groovy:92)
	at com.kms.katalon.core.webui.keyword.builtin.SelectOptionByValueKeyword$_selectOptionByValue_closure1.call(SelectOptionByValueKeyword.groovy)
	at com.kms.katalon.core.webui.keyword.internal.WebUIKeywordMain.runKeyword(WebUIKeywordMain.groovy:20)
	at com.kms.katalon.core.webui.keyword.builtin.SelectOptionByValueKeyword.selectOptionByValue(SelectOptionByValueKeyword.groovy:99)
	at com.kms.katalon.core.webui.keyword.builtin.SelectOptionByValueKeyword.execute(SelectOptionByValueKeyword.groovy:71)
	at com.kms.katalon.core.keyword.internal.KeywordExecutor.executeKeywordForPlatform(KeywordExecutor.groovy:72)
	at com.kms.katalon.core.webui.keyword.WebUiBuiltInKeywords.selectOptionByValue(WebUiBuiltInKeywords.groovy:1164)
	at com.kms.katalon.core.webui.keyword.WebUiBuiltInKeywords$selectOptionByValue$4.call(Unknown Source)
	at NF Testing Checklist - Amount.run(NF Testing Checklist - Amount:23)
	at com.kms.katalon.core.main.ScriptEngine.run(ScriptEngine.java:194)
	at com.kms.katalon.core.main.ScriptEngine.runScriptAsRawText(ScriptEngine.java:119)
	at com.kms.katalon.core.main.TestCaseExecutor.runScript(TestCaseExecutor.java:337)
	at com.kms.katalon.core.main.TestCaseExecutor.doExecute(TestCaseExecutor.java:328)
	at com.kms.katalon.core.main.TestCaseExecutor.processExecutionPhase(TestCaseExecutor.java:307)
	at com.kms.katalon.core.main.TestCaseExecutor.accessMainPhase(TestCaseExecutor.java:299)
	at com.kms.katalon.core.main.TestCaseExecutor.execute(TestCaseExecutor.java:233)
	at com.kms.katalon.core.main.TestSuiteExecutor.accessTestCaseMainPhase(TestSuiteExecutor.java:169)
	at com.kms.katalon.core.main.TestSuiteExecutor.accessTestSuiteMainPhase(TestSuiteExecutor.java:142)
	at com.kms.katalon.core.main.TestSuiteExecutor.execute(TestSuiteExecutor.java:91)
	at com.kms.katalon.core.main.TestCaseMain.startTestSuite(TestCaseMain.java:157)
	at com.kms.katalon.core.main.TestCaseMain$startTestSuite$0.call(Unknown Source)
	at TempTestSuite1584517683796.run(TempTestSuite1584517683796.groovy:36)]]></system-err>
      </testcase>
      <testcase name="Test Cases/NF Testing Checklist - Amount" time="8.983" classname="Test Cases/NF Testing Checklist - Amount" status="FAILED">
         <failure type="FAILED" message="Test Cases/NF Testing Checklist - Amount FAILED.
Reason:
com.kms.katalon.core.exception.StepFailedException: No option matched.
	at com.kms.katalon.core.keyword.internal.KeywordMain.stepFailed(KeywordMain.groovy:39)
	at com.kms.katalon.core.keyword.internal.KeywordMain.stepFailed(KeywordMain.groovy)
	at com.kms.katalon.core.keyword.internal.KeywordMain.stepFailed(KeywordMain.groovy:23)
	at com.kms.katalon.core.webui.keyword.builtin.SelectOptionByValueKeyword$_selectOptionByValue_closure1.doCall(SelectOptionByValueKeyword.groovy:92)
	at com.kms.katalon.core.webui.keyword.builtin.SelectOptionByValueKeyword$_selectOptionByValue_closure1.call(SelectOptionByValueKeyword.groovy)
	at com.kms.katalon.core.webui.keyword.internal.WebUIKeywordMain.runKeyword(WebUIKeywordMain.groovy:20)
	at com.kms.katalon.core.webui.keyword.builtin.SelectOptionByValueKeyword.selectOptionByValue(SelectOptionByValueKeyword.groovy:99)
	at com.kms.katalon.core.webui.keyword.builtin.SelectOptionByValueKeyword.execute(SelectOptionByValueKeyword.groovy:71)
	at com.kms.katalon.core.keyword.internal.KeywordExecutor.executeKeywordForPlatform(KeywordExecutor.groovy:72)
	at com.kms.katalon.core.webui.keyword.WebUiBuiltInKeywords.selectOptionByValue(WebUiBuiltInKeywords.groovy:1164)
	at com.kms.katalon.core.webui.keyword.WebUiBuiltInKeywords$selectOptionByValue$4.call(Unknown Source)
	at NF Testing Checklist - Amount.run(NF Testing Checklist - Amount:23)
	at com.kms.katalon.core.main.ScriptEngine.run(ScriptEngine.java:194)
	at com.kms.katalon.core.main.ScriptEngine.runScriptAsRawText(ScriptEngine.java:119)
	at com.kms.katalon.core.main.TestCaseExecutor.runScript(TestCaseExecutor.java:337)
	at com.kms.katalon.core.main.TestCaseExecutor.doExecute(TestCaseExecutor.java:328)
	at com.kms.katalon.core.main.TestCaseExecutor.processExecutionPhase(TestCaseExecutor.java:307)
	at com.kms.katalon.core.main.TestCaseExecutor.accessMainPhase(TestCaseExecutor.java:299)
	at com.kms.katalon.core.main.TestCaseExecutor.execute(TestCaseExecutor.java:233)
	at com.kms.katalon.core.main.TestSuiteExecutor.accessTestCaseMainPhase(TestSuiteExecutor.java:169)
	at com.kms.katalon.core.main.TestSuiteExecutor.accessTestSuiteMainPhase(TestSuiteExecutor.java:142)
	at com.kms.katalon.core.main.TestSuiteExecutor.execute(TestSuiteExecutor.java:91)
	at com.kms.katalon.core.main.TestCaseMain.startTestSuite(TestCaseMain.java:157)
	at com.kms.katalon.core.main.TestCaseMain$startTestSuite$0.call(Unknown Source)
	at TempTestSuite1584517683796.run(TempTestSuite1584517683796.groovy:36)
"/>
         <system-out><![CDATA[2020-03-18 14:50:33 - [TEST_CASE][FAILED] - Test Cases/NF Testing Checklist - Amount: Test Cases/NF Testing Checklist - Amount FAILED.
Reason:
com.kms.katalon.core.exception.StepFailedException: No option matched.
	at com.kms.katalon.core.keyword.internal.KeywordMain.stepFailed(KeywordMain.groovy:39)
	at com.kms.katalon.core.keyword.internal.KeywordMain.stepFailed(KeywordMain.groovy)
	at com.kms.katalon.core.keyword.internal.KeywordMain.stepFailed(KeywordMain.groovy:23)
	at com.kms.katalon.core.webui.keyword.builtin.SelectOptionByValueKeyword$_selectOptionByValue_closure1.doCall(SelectOptionByValueKeyword.groovy:92)
	at com.kms.katalon.core.webui.keyword.builtin.SelectOptionByValueKeyword$_selectOptionByValue_closure1.call(SelectOptionByValueKeyword.groovy)
	at com.kms.katalon.core.webui.keyword.internal.WebUIKeywordMain.runKeyword(WebUIKeywordMain.groovy:20)
	at com.kms.katalon.core.webui.keyword.builtin.SelectOptionByValueKeyword.selectOptionByValue(SelectOptionByValueKeyword.groovy:99)
	at com.kms.katalon.core.webui.keyword.builtin.SelectOptionByValueKeyword.execute(SelectOptionByValueKeyword.groovy:71)
	at com.kms.katalon.core.keyword.internal.KeywordExecutor.executeKeywordForPlatform(KeywordExecutor.groovy:72)
	at com.kms.katalon.core.webui.keyword.WebUiBuiltInKeywords.selectOptionByValue(WebUiBuiltInKeywords.groovy:1164)
	at com.kms.katalon.core.webui.keyword.WebUiBuiltInKeywords$selectOptionByValue$4.call(Unknown Source)
	at NF Testing Checklist - Amount.run(NF Testing Checklist - Amount:23)
	at com.kms.katalon.core.main.ScriptEngine.run(ScriptEngine.java:194)
	at com.kms.katalon.core.main.ScriptEngine.runScriptAsRawText(ScriptEngine.java:119)
	at com.kms.katalon.core.main.TestCaseExecutor.runScript(TestCaseExecutor.java:337)
	at com.kms.katalon.core.main.TestCaseExecutor.doExecute(TestCaseExecutor.java:328)
	at com.kms.katalon.core.main.TestCaseExecutor.processExecutionPhase(TestCaseExecutor.java:307)
	at com.kms.katalon.core.main.TestCaseExecutor.accessMainPhase(TestCaseExecutor.java:299)
	at com.kms.katalon.core.main.TestCaseExecutor.execute(TestCaseExecutor.java:233)
	at com.kms.katalon.core.main.TestSuiteExecutor.accessTestCaseMainPhase(TestSuiteExecutor.java:169)
	at com.kms.katalon.core.main.TestSuiteExecutor.accessTestSuiteMainPhase(TestSuiteExecutor.java:142)
	at com.kms.katalon.core.main.TestSuiteExecutor.execute(TestSuiteExecutor.java:91)
	at com.kms.katalon.core.main.TestCaseMain.startTestSuite(TestCaseMain.java:157)
	at com.kms.katalon.core.main.TestCaseMain$startTestSuite$0.call(Unknown Source)
	at TempTestSuite1584517683796.run(TempTestSuite1584517683796.groovy:36)


2020-03-18 14:50:33 - [TEST_STEP][PASSED] - click(findTestObject("Object Repository/New Subscription/Page_Add New Subscription - PraisindoSIARUI/input__NetAmount")): Object: 'Object Repository/New Subscription/Page_Add New Subscription - PraisindoSIARUI/input__NetAmount' is clicked on

2020-03-18 14:50:34 - [MESSAGE][PASSED] - Object: 'Object Repository/New Subscription/Page_Add New Subscription - PraisindoSIARUI/input__NetAmount' is clicked on

2020-03-18 14:50:34 - [TEST_STEP][PASSED] - setText(findTestObject("New Subscription/Page_Add New Subscription - PraisindoSIARUI/input__NetAmount"), ParamAmount): Text '1000000' is set on object 'Object Repository/New Subscription/Page_Add New Subscription - PraisindoSIARUI/input__NetAmount'

2020-03-18 14:50:37 - [MESSAGE][PASSED] - Text '1000000' is set on object 'Object Repository/New Subscription/Page_Add New Subscription - PraisindoSIARUI/input__NetAmount'

2020-03-18 14:50:37 - [TEST_STEP][FAILED] - selectOptionByValue(findTestObject("Object Repository/New Subscription/Page_Add New Subscription - PraisindoSIARUI/select_Select Fee SUB 1"), "3854", true): No option matched.

2020-03-18 14:50:38 - [MESSAGE][FAILED] - No option matched.

2020-03-18 14:50:38 - [TEST_STEP][PASSED] - click(findTestObject("Object Repository/New Subscription/Page_Add New Subscription - PraisindoSIARUI/input_Fee ()_FeePercentage")): Object: 'Object Repository/New Subscription/Page_Add New Subscription - PraisindoSIARUI/input_Fee ()_FeePercentage' is clicked on

2020-03-18 14:50:39 - [MESSAGE][PASSED] - Object: 'Object Repository/New Subscription/Page_Add New Subscription - PraisindoSIARUI/input_Fee ()_FeePercentage' is clicked on

2020-03-18 14:50:39 - [TEST_STEP][PASSED] - setText(findTestObject("New Subscription/Page_Add New Subscription - PraisindoSIARUI/input_Fee ()_FeePercentage"), "4"): Text '4' is set on object 'Object Repository/New Subscription/Page_Add New Subscription - PraisindoSIARUI/input_Fee ()_FeePercentage'

2020-03-18 14:50:42 - [MESSAGE][PASSED] - Text '4' is set on object 'Object Repository/New Subscription/Page_Add New Subscription - PraisindoSIARUI/input_Fee ()_FeePercentage']]></system-out>
         <system-err><![CDATA[2020-03-18 14:50:33 - [TEST_CASE][FAILED] - Test Cases/NF Testing Checklist - Amount: Test Cases/NF Testing Checklist - Amount FAILED.
Reason:
com.kms.katalon.core.exception.StepFailedException: No option matched.
	at com.kms.katalon.core.keyword.internal.KeywordMain.stepFailed(KeywordMain.groovy:39)
	at com.kms.katalon.core.keyword.internal.KeywordMain.stepFailed(KeywordMain.groovy)
	at com.kms.katalon.core.keyword.internal.KeywordMain.stepFailed(KeywordMain.groovy:23)
	at com.kms.katalon.core.webui.keyword.builtin.SelectOptionByValueKeyword$_selectOptionByValue_closure1.doCall(SelectOptionByValueKeyword.groovy:92)
	at com.kms.katalon.core.webui.keyword.builtin.SelectOptionByValueKeyword$_selectOptionByValue_closure1.call(SelectOptionByValueKeyword.groovy)
	at com.kms.katalon.core.webui.keyword.internal.WebUIKeywordMain.runKeyword(WebUIKeywordMain.groovy:20)
	at com.kms.katalon.core.webui.keyword.builtin.SelectOptionByValueKeyword.selectOptionByValue(SelectOptionByValueKeyword.groovy:99)
	at com.kms.katalon.core.webui.keyword.builtin.SelectOptionByValueKeyword.execute(SelectOptionByValueKeyword.groovy:71)
	at com.kms.katalon.core.keyword.internal.KeywordExecutor.executeKeywordForPlatform(KeywordExecutor.groovy:72)
	at com.kms.katalon.core.webui.keyword.WebUiBuiltInKeywords.selectOptionByValue(WebUiBuiltInKeywords.groovy:1164)
	at com.kms.katalon.core.webui.keyword.WebUiBuiltInKeywords$selectOptionByValue$4.call(Unknown Source)
	at NF Testing Checklist - Amount.run(NF Testing Checklist - Amount:23)
	at com.kms.katalon.core.main.ScriptEngine.run(ScriptEngine.java:194)
	at com.kms.katalon.core.main.ScriptEngine.runScriptAsRawText(ScriptEngine.java:119)
	at com.kms.katalon.core.main.TestCaseExecutor.runScript(TestCaseExecutor.java:337)
	at com.kms.katalon.core.main.TestCaseExecutor.doExecute(TestCaseExecutor.java:328)
	at com.kms.katalon.core.main.TestCaseExecutor.processExecutionPhase(TestCaseExecutor.java:307)
	at com.kms.katalon.core.main.TestCaseExecutor.accessMainPhase(TestCaseExecutor.java:299)
	at com.kms.katalon.core.main.TestCaseExecutor.execute(TestCaseExecutor.java:233)
	at com.kms.katalon.core.main.TestSuiteExecutor.accessTestCaseMainPhase(TestSuiteExecutor.java:169)
	at com.kms.katalon.core.main.TestSuiteExecutor.accessTestSuiteMainPhase(TestSuiteExecutor.java:142)
	at com.kms.katalon.core.main.TestSuiteExecutor.execute(TestSuiteExecutor.java:91)
	at com.kms.katalon.core.main.TestCaseMain.startTestSuite(TestCaseMain.java:157)
	at com.kms.katalon.core.main.TestCaseMain$startTestSuite$0.call(Unknown Source)
	at TempTestSuite1584517683796.run(TempTestSuite1584517683796.groovy:36)]]></system-err>
      </testcase>
      <testcase name="Test Cases/NF Testing Checklist - Amount" time="8.812" classname="Test Cases/NF Testing Checklist - Amount" status="FAILED">
         <failure type="FAILED" message="Test Cases/NF Testing Checklist - Amount FAILED.
Reason:
com.kms.katalon.core.exception.StepFailedException: No option matched.
	at com.kms.katalon.core.keyword.internal.KeywordMain.stepFailed(KeywordMain.groovy:39)
	at com.kms.katalon.core.keyword.internal.KeywordMain.stepFailed(KeywordMain.groovy)
	at com.kms.katalon.core.keyword.internal.KeywordMain.stepFailed(KeywordMain.groovy:23)
	at com.kms.katalon.core.webui.keyword.builtin.SelectOptionByValueKeyword$_selectOptionByValue_closure1.doCall(SelectOptionByValueKeyword.groovy:92)
	at com.kms.katalon.core.webui.keyword.builtin.SelectOptionByValueKeyword$_selectOptionByValue_closure1.call(SelectOptionByValueKeyword.groovy)
	at com.kms.katalon.core.webui.keyword.internal.WebUIKeywordMain.runKeyword(WebUIKeywordMain.groovy:20)
	at com.kms.katalon.core.webui.keyword.builtin.SelectOptionByValueKeyword.selectOptionByValue(SelectOptionByValueKeyword.groovy:99)
	at com.kms.katalon.core.webui.keyword.builtin.SelectOptionByValueKeyword.execute(SelectOptionByValueKeyword.groovy:71)
	at com.kms.katalon.core.keyword.internal.KeywordExecutor.executeKeywordForPlatform(KeywordExecutor.groovy:72)
	at com.kms.katalon.core.webui.keyword.WebUiBuiltInKeywords.selectOptionByValue(WebUiBuiltInKeywords.groovy:1164)
	at com.kms.katalon.core.webui.keyword.WebUiBuiltInKeywords$selectOptionByValue$4.call(Unknown Source)
	at NF Testing Checklist - Amount.run(NF Testing Checklist - Amount:23)
	at com.kms.katalon.core.main.ScriptEngine.run(ScriptEngine.java:194)
	at com.kms.katalon.core.main.ScriptEngine.runScriptAsRawText(ScriptEngine.java:119)
	at com.kms.katalon.core.main.TestCaseExecutor.runScript(TestCaseExecutor.java:337)
	at com.kms.katalon.core.main.TestCaseExecutor.doExecute(TestCaseExecutor.java:328)
	at com.kms.katalon.core.main.TestCaseExecutor.processExecutionPhase(TestCaseExecutor.java:307)
	at com.kms.katalon.core.main.TestCaseExecutor.accessMainPhase(TestCaseExecutor.java:299)
	at com.kms.katalon.core.main.TestCaseExecutor.execute(TestCaseExecutor.java:233)
	at com.kms.katalon.core.main.TestSuiteExecutor.accessTestCaseMainPhase(TestSuiteExecutor.java:169)
	at com.kms.katalon.core.main.TestSuiteExecutor.accessTestSuiteMainPhase(TestSuiteExecutor.java:142)
	at com.kms.katalon.core.main.TestSuiteExecutor.execute(TestSuiteExecutor.java:91)
	at com.kms.katalon.core.main.TestCaseMain.startTestSuite(TestCaseMain.java:157)
	at com.kms.katalon.core.main.TestCaseMain$startTestSuite$0.call(Unknown Source)
	at TempTestSuite1584517683796.run(TempTestSuite1584517683796.groovy:36)
"/>
         <system-out><![CDATA[2020-03-18 14:50:42 - [TEST_CASE][FAILED] - Test Cases/NF Testing Checklist - Amount: Test Cases/NF Testing Checklist - Amount FAILED.
Reason:
com.kms.katalon.core.exception.StepFailedException: No option matched.
	at com.kms.katalon.core.keyword.internal.KeywordMain.stepFailed(KeywordMain.groovy:39)
	at com.kms.katalon.core.keyword.internal.KeywordMain.stepFailed(KeywordMain.groovy)
	at com.kms.katalon.core.keyword.internal.KeywordMain.stepFailed(KeywordMain.groovy:23)
	at com.kms.katalon.core.webui.keyword.builtin.SelectOptionByValueKeyword$_selectOptionByValue_closure1.doCall(SelectOptionByValueKeyword.groovy:92)
	at com.kms.katalon.core.webui.keyword.builtin.SelectOptionByValueKeyword$_selectOptionByValue_closure1.call(SelectOptionByValueKeyword.groovy)
	at com.kms.katalon.core.webui.keyword.internal.WebUIKeywordMain.runKeyword(WebUIKeywordMain.groovy:20)
	at com.kms.katalon.core.webui.keyword.builtin.SelectOptionByValueKeyword.selectOptionByValue(SelectOptionByValueKeyword.groovy:99)
	at com.kms.katalon.core.webui.keyword.builtin.SelectOptionByValueKeyword.execute(SelectOptionByValueKeyword.groovy:71)
	at com.kms.katalon.core.keyword.internal.KeywordExecutor.executeKeywordForPlatform(KeywordExecutor.groovy:72)
	at com.kms.katalon.core.webui.keyword.WebUiBuiltInKeywords.selectOptionByValue(WebUiBuiltInKeywords.groovy:1164)
	at com.kms.katalon.core.webui.keyword.WebUiBuiltInKeywords$selectOptionByValue$4.call(Unknown Source)
	at NF Testing Checklist - Amount.run(NF Testing Checklist - Amount:23)
	at com.kms.katalon.core.main.ScriptEngine.run(ScriptEngine.java:194)
	at com.kms.katalon.core.main.ScriptEngine.runScriptAsRawText(ScriptEngine.java:119)
	at com.kms.katalon.core.main.TestCaseExecutor.runScript(TestCaseExecutor.java:337)
	at com.kms.katalon.core.main.TestCaseExecutor.doExecute(TestCaseExecutor.java:328)
	at com.kms.katalon.core.main.TestCaseExecutor.processExecutionPhase(TestCaseExecutor.java:307)
	at com.kms.katalon.core.main.TestCaseExecutor.accessMainPhase(TestCaseExecutor.java:299)
	at com.kms.katalon.core.main.TestCaseExecutor.execute(TestCaseExecutor.java:233)
	at com.kms.katalon.core.main.TestSuiteExecutor.accessTestCaseMainPhase(TestSuiteExecutor.java:169)
	at com.kms.katalon.core.main.TestSuiteExecutor.accessTestSuiteMainPhase(TestSuiteExecutor.java:142)
	at com.kms.katalon.core.main.TestSuiteExecutor.execute(TestSuiteExecutor.java:91)
	at com.kms.katalon.core.main.TestCaseMain.startTestSuite(TestCaseMain.java:157)
	at com.kms.katalon.core.main.TestCaseMain$startTestSuite$0.call(Unknown Source)
	at TempTestSuite1584517683796.run(TempTestSuite1584517683796.groovy:36)


2020-03-18 14:50:42 - [TEST_STEP][PASSED] - click(findTestObject("Object Repository/New Subscription/Page_Add New Subscription - PraisindoSIARUI/input__NetAmount")): Object: 'Object Repository/New Subscription/Page_Add New Subscription - PraisindoSIARUI/input__NetAmount' is clicked on

2020-03-18 14:50:43 - [MESSAGE][PASSED] - Object: 'Object Repository/New Subscription/Page_Add New Subscription - PraisindoSIARUI/input__NetAmount' is clicked on

2020-03-18 14:50:43 - [TEST_STEP][PASSED] - setText(findTestObject("New Subscription/Page_Add New Subscription - PraisindoSIARUI/input__NetAmount"), ParamAmount): Text '1.8888' is set on object 'Object Repository/New Subscription/Page_Add New Subscription - PraisindoSIARUI/input__NetAmount'

2020-03-18 14:50:46 - [MESSAGE][PASSED] - Text '1.8888' is set on object 'Object Repository/New Subscription/Page_Add New Subscription - PraisindoSIARUI/input__NetAmount'

2020-03-18 14:50:46 - [TEST_STEP][FAILED] - selectOptionByValue(findTestObject("Object Repository/New Subscription/Page_Add New Subscription - PraisindoSIARUI/select_Select Fee SUB 1"), "3854", true): No option matched.

2020-03-18 14:50:46 - [MESSAGE][FAILED] - No option matched.

2020-03-18 14:50:46 - [TEST_STEP][PASSED] - click(findTestObject("Object Repository/New Subscription/Page_Add New Subscription - PraisindoSIARUI/input_Fee ()_FeePercentage")): Object: 'Object Repository/New Subscription/Page_Add New Subscription - PraisindoSIARUI/input_Fee ()_FeePercentage' is clicked on

2020-03-18 14:50:48 - [MESSAGE][PASSED] - Object: 'Object Repository/New Subscription/Page_Add New Subscription - PraisindoSIARUI/input_Fee ()_FeePercentage' is clicked on

2020-03-18 14:50:48 - [TEST_STEP][PASSED] - setText(findTestObject("New Subscription/Page_Add New Subscription - PraisindoSIARUI/input_Fee ()_FeePercentage"), "4"): Text '4' is set on object 'Object Repository/New Subscription/Page_Add New Subscription - PraisindoSIARUI/input_Fee ()_FeePercentage'

2020-03-18 14:50:50 - [MESSAGE][PASSED] - Text '4' is set on object 'Object Repository/New Subscription/Page_Add New Subscription - PraisindoSIARUI/input_Fee ()_FeePercentage']]></system-out>
         <system-err><![CDATA[2020-03-18 14:50:42 - [TEST_CASE][FAILED] - Test Cases/NF Testing Checklist - Amount: Test Cases/NF Testing Checklist - Amount FAILED.
Reason:
com.kms.katalon.core.exception.StepFailedException: No option matched.
	at com.kms.katalon.core.keyword.internal.KeywordMain.stepFailed(KeywordMain.groovy:39)
	at com.kms.katalon.core.keyword.internal.KeywordMain.stepFailed(KeywordMain.groovy)
	at com.kms.katalon.core.keyword.internal.KeywordMain.stepFailed(KeywordMain.groovy:23)
	at com.kms.katalon.core.webui.keyword.builtin.SelectOptionByValueKeyword$_selectOptionByValue_closure1.doCall(SelectOptionByValueKeyword.groovy:92)
	at com.kms.katalon.core.webui.keyword.builtin.SelectOptionByValueKeyword$_selectOptionByValue_closure1.call(SelectOptionByValueKeyword.groovy)
	at com.kms.katalon.core.webui.keyword.internal.WebUIKeywordMain.runKeyword(WebUIKeywordMain.groovy:20)
	at com.kms.katalon.core.webui.keyword.builtin.SelectOptionByValueKeyword.selectOptionByValue(SelectOptionByValueKeyword.groovy:99)
	at com.kms.katalon.core.webui.keyword.builtin.SelectOptionByValueKeyword.execute(SelectOptionByValueKeyword.groovy:71)
	at com.kms.katalon.core.keyword.internal.KeywordExecutor.executeKeywordForPlatform(KeywordExecutor.groovy:72)
	at com.kms.katalon.core.webui.keyword.WebUiBuiltInKeywords.selectOptionByValue(WebUiBuiltInKeywords.groovy:1164)
	at com.kms.katalon.core.webui.keyword.WebUiBuiltInKeywords$selectOptionByValue$4.call(Unknown Source)
	at NF Testing Checklist - Amount.run(NF Testing Checklist - Amount:23)
	at com.kms.katalon.core.main.ScriptEngine.run(ScriptEngine.java:194)
	at com.kms.katalon.core.main.ScriptEngine.runScriptAsRawText(ScriptEngine.java:119)
	at com.kms.katalon.core.main.TestCaseExecutor.runScript(TestCaseExecutor.java:337)
	at com.kms.katalon.core.main.TestCaseExecutor.doExecute(TestCaseExecutor.java:328)
	at com.kms.katalon.core.main.TestCaseExecutor.processExecutionPhase(TestCaseExecutor.java:307)
	at com.kms.katalon.core.main.TestCaseExecutor.accessMainPhase(TestCaseExecutor.java:299)
	at com.kms.katalon.core.main.TestCaseExecutor.execute(TestCaseExecutor.java:233)
	at com.kms.katalon.core.main.TestSuiteExecutor.accessTestCaseMainPhase(TestSuiteExecutor.java:169)
	at com.kms.katalon.core.main.TestSuiteExecutor.accessTestSuiteMainPhase(TestSuiteExecutor.java:142)
	at com.kms.katalon.core.main.TestSuiteExecutor.execute(TestSuiteExecutor.java:91)
	at com.kms.katalon.core.main.TestCaseMain.startTestSuite(TestCaseMain.java:157)
	at com.kms.katalon.core.main.TestCaseMain$startTestSuite$0.call(Unknown Source)
	at TempTestSuite1584517683796.run(TempTestSuite1584517683796.groovy:36)]]></system-err>
      </testcase>
      <testcase name="Test Cases/NF Testing Checklist - Amount" time="8.97" classname="Test Cases/NF Testing Checklist - Amount" status="FAILED">
         <failure type="FAILED" message="Test Cases/NF Testing Checklist - Amount FAILED.
Reason:
com.kms.katalon.core.exception.StepFailedException: No option matched.
	at com.kms.katalon.core.keyword.internal.KeywordMain.stepFailed(KeywordMain.groovy:39)
	at com.kms.katalon.core.keyword.internal.KeywordMain.stepFailed(KeywordMain.groovy)
	at com.kms.katalon.core.keyword.internal.KeywordMain.stepFailed(KeywordMain.groovy:23)
	at com.kms.katalon.core.webui.keyword.builtin.SelectOptionByValueKeyword$_selectOptionByValue_closure1.doCall(SelectOptionByValueKeyword.groovy:92)
	at com.kms.katalon.core.webui.keyword.builtin.SelectOptionByValueKeyword$_selectOptionByValue_closure1.call(SelectOptionByValueKeyword.groovy)
	at com.kms.katalon.core.webui.keyword.internal.WebUIKeywordMain.runKeyword(WebUIKeywordMain.groovy:20)
	at com.kms.katalon.core.webui.keyword.builtin.SelectOptionByValueKeyword.selectOptionByValue(SelectOptionByValueKeyword.groovy:99)
	at com.kms.katalon.core.webui.keyword.builtin.SelectOptionByValueKeyword.execute(SelectOptionByValueKeyword.groovy:71)
	at com.kms.katalon.core.keyword.internal.KeywordExecutor.executeKeywordForPlatform(KeywordExecutor.groovy:72)
	at com.kms.katalon.core.webui.keyword.WebUiBuiltInKeywords.selectOptionByValue(WebUiBuiltInKeywords.groovy:1164)
	at com.kms.katalon.core.webui.keyword.WebUiBuiltInKeywords$selectOptionByValue$4.call(Unknown Source)
	at NF Testing Checklist - Amount.run(NF Testing Checklist - Amount:23)
	at com.kms.katalon.core.main.ScriptEngine.run(ScriptEngine.java:194)
	at com.kms.katalon.core.main.ScriptEngine.runScriptAsRawText(ScriptEngine.java:119)
	at com.kms.katalon.core.main.TestCaseExecutor.runScript(TestCaseExecutor.java:337)
	at com.kms.katalon.core.main.TestCaseExecutor.doExecute(TestCaseExecutor.java:328)
	at com.kms.katalon.core.main.TestCaseExecutor.processExecutionPhase(TestCaseExecutor.java:307)
	at com.kms.katalon.core.main.TestCaseExecutor.accessMainPhase(TestCaseExecutor.java:299)
	at com.kms.katalon.core.main.TestCaseExecutor.execute(TestCaseExecutor.java:233)
	at com.kms.katalon.core.main.TestSuiteExecutor.accessTestCaseMainPhase(TestSuiteExecutor.java:169)
	at com.kms.katalon.core.main.TestSuiteExecutor.accessTestSuiteMainPhase(TestSuiteExecutor.java:142)
	at com.kms.katalon.core.main.TestSuiteExecutor.execute(TestSuiteExecutor.java:91)
	at com.kms.katalon.core.main.TestCaseMain.startTestSuite(TestCaseMain.java:157)
	at com.kms.katalon.core.main.TestCaseMain$startTestSuite$0.call(Unknown Source)
	at TempTestSuite1584517683796.run(TempTestSuite1584517683796.groovy:36)
"/>
         <system-out><![CDATA[2020-03-18 14:50:50 - [TEST_CASE][FAILED] - Test Cases/NF Testing Checklist - Amount: Test Cases/NF Testing Checklist - Amount FAILED.
Reason:
com.kms.katalon.core.exception.StepFailedException: No option matched.
	at com.kms.katalon.core.keyword.internal.KeywordMain.stepFailed(KeywordMain.groovy:39)
	at com.kms.katalon.core.keyword.internal.KeywordMain.stepFailed(KeywordMain.groovy)
	at com.kms.katalon.core.keyword.internal.KeywordMain.stepFailed(KeywordMain.groovy:23)
	at com.kms.katalon.core.webui.keyword.builtin.SelectOptionByValueKeyword$_selectOptionByValue_closure1.doCall(SelectOptionByValueKeyword.groovy:92)
	at com.kms.katalon.core.webui.keyword.builtin.SelectOptionByValueKeyword$_selectOptionByValue_closure1.call(SelectOptionByValueKeyword.groovy)
	at com.kms.katalon.core.webui.keyword.internal.WebUIKeywordMain.runKeyword(WebUIKeywordMain.groovy:20)
	at com.kms.katalon.core.webui.keyword.builtin.SelectOptionByValueKeyword.selectOptionByValue(SelectOptionByValueKeyword.groovy:99)
	at com.kms.katalon.core.webui.keyword.builtin.SelectOptionByValueKeyword.execute(SelectOptionByValueKeyword.groovy:71)
	at com.kms.katalon.core.keyword.internal.KeywordExecutor.executeKeywordForPlatform(KeywordExecutor.groovy:72)
	at com.kms.katalon.core.webui.keyword.WebUiBuiltInKeywords.selectOptionByValue(WebUiBuiltInKeywords.groovy:1164)
	at com.kms.katalon.core.webui.keyword.WebUiBuiltInKeywords$selectOptionByValue$4.call(Unknown Source)
	at NF Testing Checklist - Amount.run(NF Testing Checklist - Amount:23)
	at com.kms.katalon.core.main.ScriptEngine.run(ScriptEngine.java:194)
	at com.kms.katalon.core.main.ScriptEngine.runScriptAsRawText(ScriptEngine.java:119)
	at com.kms.katalon.core.main.TestCaseExecutor.runScript(TestCaseExecutor.java:337)
	at com.kms.katalon.core.main.TestCaseExecutor.doExecute(TestCaseExecutor.java:328)
	at com.kms.katalon.core.main.TestCaseExecutor.processExecutionPhase(TestCaseExecutor.java:307)
	at com.kms.katalon.core.main.TestCaseExecutor.accessMainPhase(TestCaseExecutor.java:299)
	at com.kms.katalon.core.main.TestCaseExecutor.execute(TestCaseExecutor.java:233)
	at com.kms.katalon.core.main.TestSuiteExecutor.accessTestCaseMainPhase(TestSuiteExecutor.java:169)
	at com.kms.katalon.core.main.TestSuiteExecutor.accessTestSuiteMainPhase(TestSuiteExecutor.java:142)
	at com.kms.katalon.core.main.TestSuiteExecutor.execute(TestSuiteExecutor.java:91)
	at com.kms.katalon.core.main.TestCaseMain.startTestSuite(TestCaseMain.java:157)
	at com.kms.katalon.core.main.TestCaseMain$startTestSuite$0.call(Unknown Source)
	at TempTestSuite1584517683796.run(TempTestSuite1584517683796.groovy:36)


2020-03-18 14:50:50 - [TEST_STEP][PASSED] - click(findTestObject("Object Repository/New Subscription/Page_Add New Subscription - PraisindoSIARUI/input__NetAmount")): Object: 'Object Repository/New Subscription/Page_Add New Subscription - PraisindoSIARUI/input__NetAmount' is clicked on

2020-03-18 14:50:52 - [MESSAGE][PASSED] - Object: 'Object Repository/New Subscription/Page_Add New Subscription - PraisindoSIARUI/input__NetAmount' is clicked on

2020-03-18 14:50:52 - [TEST_STEP][PASSED] - setText(findTestObject("New Subscription/Page_Add New Subscription - PraisindoSIARUI/input__NetAmount"), ParamAmount): Text 'ABCDEFGHIJKLMNOPQRSTUVWXYZabcdefhijklmnopqrstuvwxyz' is set on object 'Object Repository/New Subscription/Page_Add New Subscription - PraisindoSIARUI/input__NetAmount'

2020-03-18 14:50:55 - [MESSAGE][PASSED] - Text 'ABCDEFGHIJKLMNOPQRSTUVWXYZabcdefhijklmnopqrstuvwxyz' is set on object 'Object Repository/New Subscription/Page_Add New Subscription - PraisindoSIARUI/input__NetAmount'

2020-03-18 14:50:55 - [TEST_STEP][FAILED] - selectOptionByValue(findTestObject("Object Repository/New Subscription/Page_Add New Subscription - PraisindoSIARUI/select_Select Fee SUB 1"), "3854", true): No option matched.

2020-03-18 14:50:55 - [MESSAGE][FAILED] - No option matched.

2020-03-18 14:50:55 - [TEST_STEP][PASSED] - click(findTestObject("Object Repository/New Subscription/Page_Add New Subscription - PraisindoSIARUI/input_Fee ()_FeePercentage")): Object: 'Object Repository/New Subscription/Page_Add New Subscription - PraisindoSIARUI/input_Fee ()_FeePercentage' is clicked on

2020-03-18 14:50:57 - [MESSAGE][PASSED] - Object: 'Object Repository/New Subscription/Page_Add New Subscription - PraisindoSIARUI/input_Fee ()_FeePercentage' is clicked on

2020-03-18 14:50:57 - [TEST_STEP][PASSED] - setText(findTestObject("New Subscription/Page_Add New Subscription - PraisindoSIARUI/input_Fee ()_FeePercentage"), "4"): Text '4' is set on object 'Object Repository/New Subscription/Page_Add New Subscription - PraisindoSIARUI/input_Fee ()_FeePercentage'

2020-03-18 14:50:59 - [MESSAGE][PASSED] - Text '4' is set on object 'Object Repository/New Subscription/Page_Add New Subscription - PraisindoSIARUI/input_Fee ()_FeePercentage']]></system-out>
         <system-err><![CDATA[2020-03-18 14:50:50 - [TEST_CASE][FAILED] - Test Cases/NF Testing Checklist - Amount: Test Cases/NF Testing Checklist - Amount FAILED.
Reason:
com.kms.katalon.core.exception.StepFailedException: No option matched.
	at com.kms.katalon.core.keyword.internal.KeywordMain.stepFailed(KeywordMain.groovy:39)
	at com.kms.katalon.core.keyword.internal.KeywordMain.stepFailed(KeywordMain.groovy)
	at com.kms.katalon.core.keyword.internal.KeywordMain.stepFailed(KeywordMain.groovy:23)
	at com.kms.katalon.core.webui.keyword.builtin.SelectOptionByValueKeyword$_selectOptionByValue_closure1.doCall(SelectOptionByValueKeyword.groovy:92)
	at com.kms.katalon.core.webui.keyword.builtin.SelectOptionByValueKeyword$_selectOptionByValue_closure1.call(SelectOptionByValueKeyword.groovy)
	at com.kms.katalon.core.webui.keyword.internal.WebUIKeywordMain.runKeyword(WebUIKeywordMain.groovy:20)
	at com.kms.katalon.core.webui.keyword.builtin.SelectOptionByValueKeyword.selectOptionByValue(SelectOptionByValueKeyword.groovy:99)
	at com.kms.katalon.core.webui.keyword.builtin.SelectOptionByValueKeyword.execute(SelectOptionByValueKeyword.groovy:71)
	at com.kms.katalon.core.keyword.internal.KeywordExecutor.executeKeywordForPlatform(KeywordExecutor.groovy:72)
	at com.kms.katalon.core.webui.keyword.WebUiBuiltInKeywords.selectOptionByValue(WebUiBuiltInKeywords.groovy:1164)
	at com.kms.katalon.core.webui.keyword.WebUiBuiltInKeywords$selectOptionByValue$4.call(Unknown Source)
	at NF Testing Checklist - Amount.run(NF Testing Checklist - Amount:23)
	at com.kms.katalon.core.main.ScriptEngine.run(ScriptEngine.java:194)
	at com.kms.katalon.core.main.ScriptEngine.runScriptAsRawText(ScriptEngine.java:119)
	at com.kms.katalon.core.main.TestCaseExecutor.runScript(TestCaseExecutor.java:337)
	at com.kms.katalon.core.main.TestCaseExecutor.doExecute(TestCaseExecutor.java:328)
	at com.kms.katalon.core.main.TestCaseExecutor.processExecutionPhase(TestCaseExecutor.java:307)
	at com.kms.katalon.core.main.TestCaseExecutor.accessMainPhase(TestCaseExecutor.java:299)
	at com.kms.katalon.core.main.TestCaseExecutor.execute(TestCaseExecutor.java:233)
	at com.kms.katalon.core.main.TestSuiteExecutor.accessTestCaseMainPhase(TestSuiteExecutor.java:169)
	at com.kms.katalon.core.main.TestSuiteExecutor.accessTestSuiteMainPhase(TestSuiteExecutor.java:142)
	at com.kms.katalon.core.main.TestSuiteExecutor.execute(TestSuiteExecutor.java:91)
	at com.kms.katalon.core.main.TestCaseMain.startTestSuite(TestCaseMain.java:157)
	at com.kms.katalon.core.main.TestCaseMain$startTestSuite$0.call(Unknown Source)
	at TempTestSuite1584517683796.run(TempTestSuite1584517683796.groovy:36)]]></system-err>
      </testcase>
      <testcase name="Test Cases/NF Testing Checklist - Amount" time="10.029" classname="Test Cases/NF Testing Checklist - Amount" status="FAILED">
         <failure type="FAILED" message="Test Cases/NF Testing Checklist - Amount FAILED.
Reason:
com.kms.katalon.core.exception.StepFailedException: No option matched.
	at com.kms.katalon.core.keyword.internal.KeywordMain.stepFailed(KeywordMain.groovy:39)
	at com.kms.katalon.core.keyword.internal.KeywordMain.stepFailed(KeywordMain.groovy)
	at com.kms.katalon.core.keyword.internal.KeywordMain.stepFailed(KeywordMain.groovy:23)
	at com.kms.katalon.core.webui.keyword.builtin.SelectOptionByValueKeyword$_selectOptionByValue_closure1.doCall(SelectOptionByValueKeyword.groovy:92)
	at com.kms.katalon.core.webui.keyword.builtin.SelectOptionByValueKeyword$_selectOptionByValue_closure1.call(SelectOptionByValueKeyword.groovy)
	at com.kms.katalon.core.webui.keyword.internal.WebUIKeywordMain.runKeyword(WebUIKeywordMain.groovy:20)
	at com.kms.katalon.core.webui.keyword.builtin.SelectOptionByValueKeyword.selectOptionByValue(SelectOptionByValueKeyword.groovy:99)
	at com.kms.katalon.core.webui.keyword.builtin.SelectOptionByValueKeyword.execute(SelectOptionByValueKeyword.groovy:71)
	at com.kms.katalon.core.keyword.internal.KeywordExecutor.executeKeywordForPlatform(KeywordExecutor.groovy:72)
	at com.kms.katalon.core.webui.keyword.WebUiBuiltInKeywords.selectOptionByValue(WebUiBuiltInKeywords.groovy:1164)
	at com.kms.katalon.core.webui.keyword.WebUiBuiltInKeywords$selectOptionByValue$4.call(Unknown Source)
	at NF Testing Checklist - Amount.run(NF Testing Checklist - Amount:23)
	at com.kms.katalon.core.main.ScriptEngine.run(ScriptEngine.java:194)
	at com.kms.katalon.core.main.ScriptEngine.runScriptAsRawText(ScriptEngine.java:119)
	at com.kms.katalon.core.main.TestCaseExecutor.runScript(TestCaseExecutor.java:337)
	at com.kms.katalon.core.main.TestCaseExecutor.doExecute(TestCaseExecutor.java:328)
	at com.kms.katalon.core.main.TestCaseExecutor.processExecutionPhase(TestCaseExecutor.java:307)
	at com.kms.katalon.core.main.TestCaseExecutor.accessMainPhase(TestCaseExecutor.java:299)
	at com.kms.katalon.core.main.TestCaseExecutor.execute(TestCaseExecutor.java:233)
	at com.kms.katalon.core.main.TestSuiteExecutor.accessTestCaseMainPhase(TestSuiteExecutor.java:169)
	at com.kms.katalon.core.main.TestSuiteExecutor.accessTestSuiteMainPhase(TestSuiteExecutor.java:142)
	at com.kms.katalon.core.main.TestSuiteExecutor.execute(TestSuiteExecutor.java:91)
	at com.kms.katalon.core.main.TestCaseMain.startTestSuite(TestCaseMain.java:157)
	at com.kms.katalon.core.main.TestCaseMain$startTestSuite$0.call(Unknown Source)
	at TempTestSuite1584517683796.run(TempTestSuite1584517683796.groovy:36)
"/>
         <system-out><![CDATA[2020-03-18 14:50:59 - [TEST_CASE][FAILED] - Test Cases/NF Testing Checklist - Amount: Test Cases/NF Testing Checklist - Amount FAILED.
Reason:
com.kms.katalon.core.exception.StepFailedException: No option matched.
	at com.kms.katalon.core.keyword.internal.KeywordMain.stepFailed(KeywordMain.groovy:39)
	at com.kms.katalon.core.keyword.internal.KeywordMain.stepFailed(KeywordMain.groovy)
	at com.kms.katalon.core.keyword.internal.KeywordMain.stepFailed(KeywordMain.groovy:23)
	at com.kms.katalon.core.webui.keyword.builtin.SelectOptionByValueKeyword$_selectOptionByValue_closure1.doCall(SelectOptionByValueKeyword.groovy:92)
	at com.kms.katalon.core.webui.keyword.builtin.SelectOptionByValueKeyword$_selectOptionByValue_closure1.call(SelectOptionByValueKeyword.groovy)
	at com.kms.katalon.core.webui.keyword.internal.WebUIKeywordMain.runKeyword(WebUIKeywordMain.groovy:20)
	at com.kms.katalon.core.webui.keyword.builtin.SelectOptionByValueKeyword.selectOptionByValue(SelectOptionByValueKeyword.groovy:99)
	at com.kms.katalon.core.webui.keyword.builtin.SelectOptionByValueKeyword.execute(SelectOptionByValueKeyword.groovy:71)
	at com.kms.katalon.core.keyword.internal.KeywordExecutor.executeKeywordForPlatform(KeywordExecutor.groovy:72)
	at com.kms.katalon.core.webui.keyword.WebUiBuiltInKeywords.selectOptionByValue(WebUiBuiltInKeywords.groovy:1164)
	at com.kms.katalon.core.webui.keyword.WebUiBuiltInKeywords$selectOptionByValue$4.call(Unknown Source)
	at NF Testing Checklist - Amount.run(NF Testing Checklist - Amount:23)
	at com.kms.katalon.core.main.ScriptEngine.run(ScriptEngine.java:194)
	at com.kms.katalon.core.main.ScriptEngine.runScriptAsRawText(ScriptEngine.java:119)
	at com.kms.katalon.core.main.TestCaseExecutor.runScript(TestCaseExecutor.java:337)
	at com.kms.katalon.core.main.TestCaseExecutor.doExecute(TestCaseExecutor.java:328)
	at com.kms.katalon.core.main.TestCaseExecutor.processExecutionPhase(TestCaseExecutor.java:307)
	at com.kms.katalon.core.main.TestCaseExecutor.accessMainPhase(TestCaseExecutor.java:299)
	at com.kms.katalon.core.main.TestCaseExecutor.execute(TestCaseExecutor.java:233)
	at com.kms.katalon.core.main.TestSuiteExecutor.accessTestCaseMainPhase(TestSuiteExecutor.java:169)
	at com.kms.katalon.core.main.TestSuiteExecutor.accessTestSuiteMainPhase(TestSuiteExecutor.java:142)
	at com.kms.katalon.core.main.TestSuiteExecutor.execute(TestSuiteExecutor.java:91)
	at com.kms.katalon.core.main.TestCaseMain.startTestSuite(TestCaseMain.java:157)
	at com.kms.katalon.core.main.TestCaseMain$startTestSuite$0.call(Unknown Source)
	at TempTestSuite1584517683796.run(TempTestSuite1584517683796.groovy:36)


2020-03-18 14:50:59 - [TEST_STEP][PASSED] - click(findTestObject("Object Repository/New Subscription/Page_Add New Subscription - PraisindoSIARUI/input__NetAmount")): Object: 'Object Repository/New Subscription/Page_Add New Subscription - PraisindoSIARUI/input__NetAmount' is clicked on

2020-03-18 14:51:01 - [MESSAGE][PASSED] - Object: 'Object Repository/New Subscription/Page_Add New Subscription - PraisindoSIARUI/input__NetAmount' is clicked on

2020-03-18 14:51:01 - [TEST_STEP][PASSED] - setText(findTestObject("New Subscription/Page_Add New Subscription - PraisindoSIARUI/input__NetAmount"), ParamAmount): Text '1000000000000000000000000000000000000000000000000000000000000000000000000000000000000000000000000000000000000000000000000000000000000000000000000' is set on object 'Object Repository/New Subscription/Page_Add New Subscription - PraisindoSIARUI/input__NetAmount'

2020-03-18 14:51:05 - [MESSAGE][PASSED] - Text '1000000000000000000000000000000000000000000000000000000000000000000000000000000000000000000000000000000000000000000000000000000000000000000000000' is set on object 'Object Repository/New Subscription/Page_Add New Subscription - PraisindoSIARUI/input__NetAmount'

2020-03-18 14:51:05 - [TEST_STEP][FAILED] - selectOptionByValue(findTestObject("Object Repository/New Subscription/Page_Add New Subscription - PraisindoSIARUI/select_Select Fee SUB 1"), "3854", true): No option matched.

2020-03-18 14:51:05 - [MESSAGE][FAILED] - No option matched.

2020-03-18 14:51:05 - [TEST_STEP][PASSED] - click(findTestObject("Object Repository/New Subscription/Page_Add New Subscription - PraisindoSIARUI/input_Fee ()_FeePercentage")): Object: 'Object Repository/New Subscription/Page_Add New Subscription - PraisindoSIARUI/input_Fee ()_FeePercentage' is clicked on

2020-03-18 14:51:07 - [MESSAGE][PASSED] - Object: 'Object Repository/New Subscription/Page_Add New Subscription - PraisindoSIARUI/input_Fee ()_FeePercentage' is clicked on

2020-03-18 14:51:07 - [TEST_STEP][PASSED] - setText(findTestObject("New Subscription/Page_Add New Subscription - PraisindoSIARUI/input_Fee ()_FeePercentage"), "4"): Text '4' is set on object 'Object Repository/New Subscription/Page_Add New Subscription - PraisindoSIARUI/input_Fee ()_FeePercentage'

2020-03-18 14:51:09 - [MESSAGE][PASSED] - Text '4' is set on object 'Object Repository/New Subscription/Page_Add New Subscription - PraisindoSIARUI/input_Fee ()_FeePercentage']]></system-out>
         <system-err><![CDATA[2020-03-18 14:50:59 - [TEST_CASE][FAILED] - Test Cases/NF Testing Checklist - Amount: Test Cases/NF Testing Checklist - Amount FAILED.
Reason:
com.kms.katalon.core.exception.StepFailedException: No option matched.
	at com.kms.katalon.core.keyword.internal.KeywordMain.stepFailed(KeywordMain.groovy:39)
	at com.kms.katalon.core.keyword.internal.KeywordMain.stepFailed(KeywordMain.groovy)
	at com.kms.katalon.core.keyword.internal.KeywordMain.stepFailed(KeywordMain.groovy:23)
	at com.kms.katalon.core.webui.keyword.builtin.SelectOptionByValueKeyword$_selectOptionByValue_closure1.doCall(SelectOptionByValueKeyword.groovy:92)
	at com.kms.katalon.core.webui.keyword.builtin.SelectOptionByValueKeyword$_selectOptionByValue_closure1.call(SelectOptionByValueKeyword.groovy)
	at com.kms.katalon.core.webui.keyword.internal.WebUIKeywordMain.runKeyword(WebUIKeywordMain.groovy:20)
	at com.kms.katalon.core.webui.keyword.builtin.SelectOptionByValueKeyword.selectOptionByValue(SelectOptionByValueKeyword.groovy:99)
	at com.kms.katalon.core.webui.keyword.builtin.SelectOptionByValueKeyword.execute(SelectOptionByValueKeyword.groovy:71)
	at com.kms.katalon.core.keyword.internal.KeywordExecutor.executeKeywordForPlatform(KeywordExecutor.groovy:72)
	at com.kms.katalon.core.webui.keyword.WebUiBuiltInKeywords.selectOptionByValue(WebUiBuiltInKeywords.groovy:1164)
	at com.kms.katalon.core.webui.keyword.WebUiBuiltInKeywords$selectOptionByValue$4.call(Unknown Source)
	at NF Testing Checklist - Amount.run(NF Testing Checklist - Amount:23)
	at com.kms.katalon.core.main.ScriptEngine.run(ScriptEngine.java:194)
	at com.kms.katalon.core.main.ScriptEngine.runScriptAsRawText(ScriptEngine.java:119)
	at com.kms.katalon.core.main.TestCaseExecutor.runScript(TestCaseExecutor.java:337)
	at com.kms.katalon.core.main.TestCaseExecutor.doExecute(TestCaseExecutor.java:328)
	at com.kms.katalon.core.main.TestCaseExecutor.processExecutionPhase(TestCaseExecutor.java:307)
	at com.kms.katalon.core.main.TestCaseExecutor.accessMainPhase(TestCaseExecutor.java:299)
	at com.kms.katalon.core.main.TestCaseExecutor.execute(TestCaseExecutor.java:233)
	at com.kms.katalon.core.main.TestSuiteExecutor.accessTestCaseMainPhase(TestSuiteExecutor.java:169)
	at com.kms.katalon.core.main.TestSuiteExecutor.accessTestSuiteMainPhase(TestSuiteExecutor.java:142)
	at com.kms.katalon.core.main.TestSuiteExecutor.execute(TestSuiteExecutor.java:91)
	at com.kms.katalon.core.main.TestCaseMain.startTestSuite(TestCaseMain.java:157)
	at com.kms.katalon.core.main.TestCaseMain$startTestSuite$0.call(Unknown Source)
	at TempTestSuite1584517683796.run(TempTestSuite1584517683796.groovy:36)]]></system-err>
      </testcase>
      <testcase name="Test Cases/NF Testing Checklist - Amount" time="8.67" classname="Test Cases/NF Testing Checklist - Amount" status="FAILED">
         <failure type="FAILED" message="Test Cases/NF Testing Checklist - Amount FAILED.
Reason:
com.kms.katalon.core.exception.StepFailedException: No option matched.
	at com.kms.katalon.core.keyword.internal.KeywordMain.stepFailed(KeywordMain.groovy:39)
	at com.kms.katalon.core.keyword.internal.KeywordMain.stepFailed(KeywordMain.groovy)
	at com.kms.katalon.core.keyword.internal.KeywordMain.stepFailed(KeywordMain.groovy:23)
	at com.kms.katalon.core.webui.keyword.builtin.SelectOptionByValueKeyword$_selectOptionByValue_closure1.doCall(SelectOptionByValueKeyword.groovy:92)
	at com.kms.katalon.core.webui.keyword.builtin.SelectOptionByValueKeyword$_selectOptionByValue_closure1.call(SelectOptionByValueKeyword.groovy)
	at com.kms.katalon.core.webui.keyword.internal.WebUIKeywordMain.runKeyword(WebUIKeywordMain.groovy:20)
	at com.kms.katalon.core.webui.keyword.builtin.SelectOptionByValueKeyword.selectOptionByValue(SelectOptionByValueKeyword.groovy:99)
	at com.kms.katalon.core.webui.keyword.builtin.SelectOptionByValueKeyword.execute(SelectOptionByValueKeyword.groovy:71)
	at com.kms.katalon.core.keyword.internal.KeywordExecutor.executeKeywordForPlatform(KeywordExecutor.groovy:72)
	at com.kms.katalon.core.webui.keyword.WebUiBuiltInKeywords.selectOptionByValue(WebUiBuiltInKeywords.groovy:1164)
	at com.kms.katalon.core.webui.keyword.WebUiBuiltInKeywords$selectOptionByValue$4.call(Unknown Source)
	at NF Testing Checklist - Amount.run(NF Testing Checklist - Amount:23)
	at com.kms.katalon.core.main.ScriptEngine.run(ScriptEngine.java:194)
	at com.kms.katalon.core.main.ScriptEngine.runScriptAsRawText(ScriptEngine.java:119)
	at com.kms.katalon.core.main.TestCaseExecutor.runScript(TestCaseExecutor.java:337)
	at com.kms.katalon.core.main.TestCaseExecutor.doExecute(TestCaseExecutor.java:328)
	at com.kms.katalon.core.main.TestCaseExecutor.processExecutionPhase(TestCaseExecutor.java:307)
	at com.kms.katalon.core.main.TestCaseExecutor.accessMainPhase(TestCaseExecutor.java:299)
	at com.kms.katalon.core.main.TestCaseExecutor.execute(TestCaseExecutor.java:233)
	at com.kms.katalon.core.main.TestSuiteExecutor.accessTestCaseMainPhase(TestSuiteExecutor.java:169)
	at com.kms.katalon.core.main.TestSuiteExecutor.accessTestSuiteMainPhase(TestSuiteExecutor.java:142)
	at com.kms.katalon.core.main.TestSuiteExecutor.execute(TestSuiteExecutor.java:91)
	at com.kms.katalon.core.main.TestCaseMain.startTestSuite(TestCaseMain.java:157)
	at com.kms.katalon.core.main.TestCaseMain$startTestSuite$0.call(Unknown Source)
	at TempTestSuite1584517683796.run(TempTestSuite1584517683796.groovy:36)
"/>
         <system-out><![CDATA[2020-03-18 14:51:09 - [TEST_CASE][FAILED] - Test Cases/NF Testing Checklist - Amount: Test Cases/NF Testing Checklist - Amount FAILED.
Reason:
com.kms.katalon.core.exception.StepFailedException: No option matched.
	at com.kms.katalon.core.keyword.internal.KeywordMain.stepFailed(KeywordMain.groovy:39)
	at com.kms.katalon.core.keyword.internal.KeywordMain.stepFailed(KeywordMain.groovy)
	at com.kms.katalon.core.keyword.internal.KeywordMain.stepFailed(KeywordMain.groovy:23)
	at com.kms.katalon.core.webui.keyword.builtin.SelectOptionByValueKeyword$_selectOptionByValue_closure1.doCall(SelectOptionByValueKeyword.groovy:92)
	at com.kms.katalon.core.webui.keyword.builtin.SelectOptionByValueKeyword$_selectOptionByValue_closure1.call(SelectOptionByValueKeyword.groovy)
	at com.kms.katalon.core.webui.keyword.internal.WebUIKeywordMain.runKeyword(WebUIKeywordMain.groovy:20)
	at com.kms.katalon.core.webui.keyword.builtin.SelectOptionByValueKeyword.selectOptionByValue(SelectOptionByValueKeyword.groovy:99)
	at com.kms.katalon.core.webui.keyword.builtin.SelectOptionByValueKeyword.execute(SelectOptionByValueKeyword.groovy:71)
	at com.kms.katalon.core.keyword.internal.KeywordExecutor.executeKeywordForPlatform(KeywordExecutor.groovy:72)
	at com.kms.katalon.core.webui.keyword.WebUiBuiltInKeywords.selectOptionByValue(WebUiBuiltInKeywords.groovy:1164)
	at com.kms.katalon.core.webui.keyword.WebUiBuiltInKeywords$selectOptionByValue$4.call(Unknown Source)
	at NF Testing Checklist - Amount.run(NF Testing Checklist - Amount:23)
	at com.kms.katalon.core.main.ScriptEngine.run(ScriptEngine.java:194)
	at com.kms.katalon.core.main.ScriptEngine.runScriptAsRawText(ScriptEngine.java:119)
	at com.kms.katalon.core.main.TestCaseExecutor.runScript(TestCaseExecutor.java:337)
	at com.kms.katalon.core.main.TestCaseExecutor.doExecute(TestCaseExecutor.java:328)
	at com.kms.katalon.core.main.TestCaseExecutor.processExecutionPhase(TestCaseExecutor.java:307)
	at com.kms.katalon.core.main.TestCaseExecutor.accessMainPhase(TestCaseExecutor.java:299)
	at com.kms.katalon.core.main.TestCaseExecutor.execute(TestCaseExecutor.java:233)
	at com.kms.katalon.core.main.TestSuiteExecutor.accessTestCaseMainPhase(TestSuiteExecutor.java:169)
	at com.kms.katalon.core.main.TestSuiteExecutor.accessTestSuiteMainPhase(TestSuiteExecutor.java:142)
	at com.kms.katalon.core.main.TestSuiteExecutor.execute(TestSuiteExecutor.java:91)
	at com.kms.katalon.core.main.TestCaseMain.startTestSuite(TestCaseMain.java:157)
	at com.kms.katalon.core.main.TestCaseMain$startTestSuite$0.call(Unknown Source)
	at TempTestSuite1584517683796.run(TempTestSuite1584517683796.groovy:36)


2020-03-18 14:51:09 - [TEST_STEP][PASSED] - click(findTestObject("Object Repository/New Subscription/Page_Add New Subscription - PraisindoSIARUI/input__NetAmount")): Object: 'Object Repository/New Subscription/Page_Add New Subscription - PraisindoSIARUI/input__NetAmount' is clicked on

2020-03-18 14:51:11 - [MESSAGE][PASSED] - Object: 'Object Repository/New Subscription/Page_Add New Subscription - PraisindoSIARUI/input__NetAmount' is clicked on

2020-03-18 14:51:11 - [TEST_STEP][PASSED] - setText(findTestObject("New Subscription/Page_Add New Subscription - PraisindoSIARUI/input__NetAmount"), ParamAmount): Text '' is set on object 'Object Repository/New Subscription/Page_Add New Subscription - PraisindoSIARUI/input__NetAmount'

2020-03-18 14:51:14 - [MESSAGE][PASSED] - Text '' is set on object 'Object Repository/New Subscription/Page_Add New Subscription - PraisindoSIARUI/input__NetAmount'

2020-03-18 14:51:14 - [TEST_STEP][FAILED] - selectOptionByValue(findTestObject("Object Repository/New Subscription/Page_Add New Subscription - PraisindoSIARUI/select_Select Fee SUB 1"), "3854", true): No option matched.

2020-03-18 14:51:14 - [MESSAGE][FAILED] - No option matched.

2020-03-18 14:51:14 - [TEST_STEP][PASSED] - click(findTestObject("Object Repository/New Subscription/Page_Add New Subscription - PraisindoSIARUI/input_Fee ()_FeePercentage")): Object: 'Object Repository/New Subscription/Page_Add New Subscription - PraisindoSIARUI/input_Fee ()_FeePercentage' is clicked on

2020-03-18 14:51:16 - [MESSAGE][PASSED] - Object: 'Object Repository/New Subscription/Page_Add New Subscription - PraisindoSIARUI/input_Fee ()_FeePercentage' is clicked on

2020-03-18 14:51:16 - [TEST_STEP][PASSED] - setText(findTestObject("New Subscription/Page_Add New Subscription - PraisindoSIARUI/input_Fee ()_FeePercentage"), "4"): Text '4' is set on object 'Object Repository/New Subscription/Page_Add New Subscription - PraisindoSIARUI/input_Fee ()_FeePercentage'

2020-03-18 14:51:18 - [MESSAGE][PASSED] - Text '4' is set on object 'Object Repository/New Subscription/Page_Add New Subscription - PraisindoSIARUI/input_Fee ()_FeePercentage']]></system-out>
         <system-err><![CDATA[2020-03-18 14:51:09 - [TEST_CASE][FAILED] - Test Cases/NF Testing Checklist - Amount: Test Cases/NF Testing Checklist - Amount FAILED.
Reason:
com.kms.katalon.core.exception.StepFailedException: No option matched.
	at com.kms.katalon.core.keyword.internal.KeywordMain.stepFailed(KeywordMain.groovy:39)
	at com.kms.katalon.core.keyword.internal.KeywordMain.stepFailed(KeywordMain.groovy)
	at com.kms.katalon.core.keyword.internal.KeywordMain.stepFailed(KeywordMain.groovy:23)
	at com.kms.katalon.core.webui.keyword.builtin.SelectOptionByValueKeyword$_selectOptionByValue_closure1.doCall(SelectOptionByValueKeyword.groovy:92)
	at com.kms.katalon.core.webui.keyword.builtin.SelectOptionByValueKeyword$_selectOptionByValue_closure1.call(SelectOptionByValueKeyword.groovy)
	at com.kms.katalon.core.webui.keyword.internal.WebUIKeywordMain.runKeyword(WebUIKeywordMain.groovy:20)
	at com.kms.katalon.core.webui.keyword.builtin.SelectOptionByValueKeyword.selectOptionByValue(SelectOptionByValueKeyword.groovy:99)
	at com.kms.katalon.core.webui.keyword.builtin.SelectOptionByValueKeyword.execute(SelectOptionByValueKeyword.groovy:71)
	at com.kms.katalon.core.keyword.internal.KeywordExecutor.executeKeywordForPlatform(KeywordExecutor.groovy:72)
	at com.kms.katalon.core.webui.keyword.WebUiBuiltInKeywords.selectOptionByValue(WebUiBuiltInKeywords.groovy:1164)
	at com.kms.katalon.core.webui.keyword.WebUiBuiltInKeywords$selectOptionByValue$4.call(Unknown Source)
	at NF Testing Checklist - Amount.run(NF Testing Checklist - Amount:23)
	at com.kms.katalon.core.main.ScriptEngine.run(ScriptEngine.java:194)
	at com.kms.katalon.core.main.ScriptEngine.runScriptAsRawText(ScriptEngine.java:119)
	at com.kms.katalon.core.main.TestCaseExecutor.runScript(TestCaseExecutor.java:337)
	at com.kms.katalon.core.main.TestCaseExecutor.doExecute(TestCaseExecutor.java:328)
	at com.kms.katalon.core.main.TestCaseExecutor.processExecutionPhase(TestCaseExecutor.java:307)
	at com.kms.katalon.core.main.TestCaseExecutor.accessMainPhase(TestCaseExecutor.java:299)
	at com.kms.katalon.core.main.TestCaseExecutor.execute(TestCaseExecutor.java:233)
	at com.kms.katalon.core.main.TestSuiteExecutor.accessTestCaseMainPhase(TestSuiteExecutor.java:169)
	at com.kms.katalon.core.main.TestSuiteExecutor.accessTestSuiteMainPhase(TestSuiteExecutor.java:142)
	at com.kms.katalon.core.main.TestSuiteExecutor.execute(TestSuiteExecutor.java:91)
	at com.kms.katalon.core.main.TestCaseMain.startTestSuite(TestCaseMain.java:157)
	at com.kms.katalon.core.main.TestCaseMain$startTestSuite$0.call(Unknown Source)
	at TempTestSuite1584517683796.run(TempTestSuite1584517683796.groovy:36)]]></system-err>
      </testcase>
      <testcase name="Test Cases/NF Testing Checklist - Amount" time="8.527" classname="Test Cases/NF Testing Checklist - Amount" status="FAILED">
         <failure type="FAILED" message="Test Cases/NF Testing Checklist - Amount FAILED.
Reason:
com.kms.katalon.core.exception.StepFailedException: No option matched.
	at com.kms.katalon.core.keyword.internal.KeywordMain.stepFailed(KeywordMain.groovy:39)
	at com.kms.katalon.core.keyword.internal.KeywordMain.stepFailed(KeywordMain.groovy)
	at com.kms.katalon.core.keyword.internal.KeywordMain.stepFailed(KeywordMain.groovy:23)
	at com.kms.katalon.core.webui.keyword.builtin.SelectOptionByValueKeyword$_selectOptionByValue_closure1.doCall(SelectOptionByValueKeyword.groovy:92)
	at com.kms.katalon.core.webui.keyword.builtin.SelectOptionByValueKeyword$_selectOptionByValue_closure1.call(SelectOptionByValueKeyword.groovy)
	at com.kms.katalon.core.webui.keyword.internal.WebUIKeywordMain.runKeyword(WebUIKeywordMain.groovy:20)
	at com.kms.katalon.core.webui.keyword.builtin.SelectOptionByValueKeyword.selectOptionByValue(SelectOptionByValueKeyword.groovy:99)
	at com.kms.katalon.core.webui.keyword.builtin.SelectOptionByValueKeyword.execute(SelectOptionByValueKeyword.groovy:71)
	at com.kms.katalon.core.keyword.internal.KeywordExecutor.executeKeywordForPlatform(KeywordExecutor.groovy:72)
	at com.kms.katalon.core.webui.keyword.WebUiBuiltInKeywords.selectOptionByValue(WebUiBuiltInKeywords.groovy:1164)
	at com.kms.katalon.core.webui.keyword.WebUiBuiltInKeywords$selectOptionByValue$4.call(Unknown Source)
	at NF Testing Checklist - Amount.run(NF Testing Checklist - Amount:23)
	at com.kms.katalon.core.main.ScriptEngine.run(ScriptEngine.java:194)
	at com.kms.katalon.core.main.ScriptEngine.runScriptAsRawText(ScriptEngine.java:119)
	at com.kms.katalon.core.main.TestCaseExecutor.runScript(TestCaseExecutor.java:337)
	at com.kms.katalon.core.main.TestCaseExecutor.doExecute(TestCaseExecutor.java:328)
	at com.kms.katalon.core.main.TestCaseExecutor.processExecutionPhase(TestCaseExecutor.java:307)
	at com.kms.katalon.core.main.TestCaseExecutor.accessMainPhase(TestCaseExecutor.java:299)
	at com.kms.katalon.core.main.TestCaseExecutor.execute(TestCaseExecutor.java:233)
	at com.kms.katalon.core.main.TestSuiteExecutor.accessTestCaseMainPhase(TestSuiteExecutor.java:169)
	at com.kms.katalon.core.main.TestSuiteExecutor.accessTestSuiteMainPhase(TestSuiteExecutor.java:142)
	at com.kms.katalon.core.main.TestSuiteExecutor.execute(TestSuiteExecutor.java:91)
	at com.kms.katalon.core.main.TestCaseMain.startTestSuite(TestCaseMain.java:157)
	at com.kms.katalon.core.main.TestCaseMain$startTestSuite$0.call(Unknown Source)
	at TempTestSuite1584517683796.run(TempTestSuite1584517683796.groovy:36)
"/>
         <system-out><![CDATA[2020-03-18 14:51:18 - [TEST_CASE][FAILED] - Test Cases/NF Testing Checklist - Amount: Test Cases/NF Testing Checklist - Amount FAILED.
Reason:
com.kms.katalon.core.exception.StepFailedException: No option matched.
	at com.kms.katalon.core.keyword.internal.KeywordMain.stepFailed(KeywordMain.groovy:39)
	at com.kms.katalon.core.keyword.internal.KeywordMain.stepFailed(KeywordMain.groovy)
	at com.kms.katalon.core.keyword.internal.KeywordMain.stepFailed(KeywordMain.groovy:23)
	at com.kms.katalon.core.webui.keyword.builtin.SelectOptionByValueKeyword$_selectOptionByValue_closure1.doCall(SelectOptionByValueKeyword.groovy:92)
	at com.kms.katalon.core.webui.keyword.builtin.SelectOptionByValueKeyword$_selectOptionByValue_closure1.call(SelectOptionByValueKeyword.groovy)
	at com.kms.katalon.core.webui.keyword.internal.WebUIKeywordMain.runKeyword(WebUIKeywordMain.groovy:20)
	at com.kms.katalon.core.webui.keyword.builtin.SelectOptionByValueKeyword.selectOptionByValue(SelectOptionByValueKeyword.groovy:99)
	at com.kms.katalon.core.webui.keyword.builtin.SelectOptionByValueKeyword.execute(SelectOptionByValueKeyword.groovy:71)
	at com.kms.katalon.core.keyword.internal.KeywordExecutor.executeKeywordForPlatform(KeywordExecutor.groovy:72)
	at com.kms.katalon.core.webui.keyword.WebUiBuiltInKeywords.selectOptionByValue(WebUiBuiltInKeywords.groovy:1164)
	at com.kms.katalon.core.webui.keyword.WebUiBuiltInKeywords$selectOptionByValue$4.call(Unknown Source)
	at NF Testing Checklist - Amount.run(NF Testing Checklist - Amount:23)
	at com.kms.katalon.core.main.ScriptEngine.run(ScriptEngine.java:194)
	at com.kms.katalon.core.main.ScriptEngine.runScriptAsRawText(ScriptEngine.java:119)
	at com.kms.katalon.core.main.TestCaseExecutor.runScript(TestCaseExecutor.java:337)
	at com.kms.katalon.core.main.TestCaseExecutor.doExecute(TestCaseExecutor.java:328)
	at com.kms.katalon.core.main.TestCaseExecutor.processExecutionPhase(TestCaseExecutor.java:307)
	at com.kms.katalon.core.main.TestCaseExecutor.accessMainPhase(TestCaseExecutor.java:299)
	at com.kms.katalon.core.main.TestCaseExecutor.execute(TestCaseExecutor.java:233)
	at com.kms.katalon.core.main.TestSuiteExecutor.accessTestCaseMainPhase(TestSuiteExecutor.java:169)
	at com.kms.katalon.core.main.TestSuiteExecutor.accessTestSuiteMainPhase(TestSuiteExecutor.java:142)
	at com.kms.katalon.core.main.TestSuiteExecutor.execute(TestSuiteExecutor.java:91)
	at com.kms.katalon.core.main.TestCaseMain.startTestSuite(TestCaseMain.java:157)
	at com.kms.katalon.core.main.TestCaseMain$startTestSuite$0.call(Unknown Source)
	at TempTestSuite1584517683796.run(TempTestSuite1584517683796.groovy:36)


2020-03-18 14:51:18 - [TEST_STEP][PASSED] - click(findTestObject("Object Repository/New Subscription/Page_Add New Subscription - PraisindoSIARUI/input__NetAmount")): Object: 'Object Repository/New Subscription/Page_Add New Subscription - PraisindoSIARUI/input__NetAmount' is clicked on

2020-03-18 14:51:20 - [MESSAGE][PASSED] - Object: 'Object Repository/New Subscription/Page_Add New Subscription - PraisindoSIARUI/input__NetAmount' is clicked on

2020-03-18 14:51:20 - [TEST_STEP][PASSED] - setText(findTestObject("New Subscription/Page_Add New Subscription - PraisindoSIARUI/input__NetAmount"), ParamAmount): Text '0125678' is set on object 'Object Repository/New Subscription/Page_Add New Subscription - PraisindoSIARUI/input__NetAmount'

2020-03-18 14:51:22 - [MESSAGE][PASSED] - Text '0125678' is set on object 'Object Repository/New Subscription/Page_Add New Subscription - PraisindoSIARUI/input__NetAmount'

2020-03-18 14:51:22 - [TEST_STEP][FAILED] - selectOptionByValue(findTestObject("Object Repository/New Subscription/Page_Add New Subscription - PraisindoSIARUI/select_Select Fee SUB 1"), "3854", true): No option matched.

2020-03-18 14:51:23 - [MESSAGE][FAILED] - No option matched.

2020-03-18 14:51:23 - [TEST_STEP][PASSED] - click(findTestObject("Object Repository/New Subscription/Page_Add New Subscription - PraisindoSIARUI/input_Fee ()_FeePercentage")): Object: 'Object Repository/New Subscription/Page_Add New Subscription - PraisindoSIARUI/input_Fee ()_FeePercentage' is clicked on

2020-03-18 14:51:24 - [MESSAGE][PASSED] - Object: 'Object Repository/New Subscription/Page_Add New Subscription - PraisindoSIARUI/input_Fee ()_FeePercentage' is clicked on

2020-03-18 14:51:24 - [TEST_STEP][PASSED] - setText(findTestObject("New Subscription/Page_Add New Subscription - PraisindoSIARUI/input_Fee ()_FeePercentage"), "4"): Text '4' is set on object 'Object Repository/New Subscription/Page_Add New Subscription - PraisindoSIARUI/input_Fee ()_FeePercentage'

2020-03-18 14:51:27 - [MESSAGE][PASSED] - Text '4' is set on object 'Object Repository/New Subscription/Page_Add New Subscription - PraisindoSIARUI/input_Fee ()_FeePercentage']]></system-out>
         <system-err><![CDATA[2020-03-18 14:51:18 - [TEST_CASE][FAILED] - Test Cases/NF Testing Checklist - Amount: Test Cases/NF Testing Checklist - Amount FAILED.
Reason:
com.kms.katalon.core.exception.StepFailedException: No option matched.
	at com.kms.katalon.core.keyword.internal.KeywordMain.stepFailed(KeywordMain.groovy:39)
	at com.kms.katalon.core.keyword.internal.KeywordMain.stepFailed(KeywordMain.groovy)
	at com.kms.katalon.core.keyword.internal.KeywordMain.stepFailed(KeywordMain.groovy:23)
	at com.kms.katalon.core.webui.keyword.builtin.SelectOptionByValueKeyword$_selectOptionByValue_closure1.doCall(SelectOptionByValueKeyword.groovy:92)
	at com.kms.katalon.core.webui.keyword.builtin.SelectOptionByValueKeyword$_selectOptionByValue_closure1.call(SelectOptionByValueKeyword.groovy)
	at com.kms.katalon.core.webui.keyword.internal.WebUIKeywordMain.runKeyword(WebUIKeywordMain.groovy:20)
	at com.kms.katalon.core.webui.keyword.builtin.SelectOptionByValueKeyword.selectOptionByValue(SelectOptionByValueKeyword.groovy:99)
	at com.kms.katalon.core.webui.keyword.builtin.SelectOptionByValueKeyword.execute(SelectOptionByValueKeyword.groovy:71)
	at com.kms.katalon.core.keyword.internal.KeywordExecutor.executeKeywordForPlatform(KeywordExecutor.groovy:72)
	at com.kms.katalon.core.webui.keyword.WebUiBuiltInKeywords.selectOptionByValue(WebUiBuiltInKeywords.groovy:1164)
	at com.kms.katalon.core.webui.keyword.WebUiBuiltInKeywords$selectOptionByValue$4.call(Unknown Source)
	at NF Testing Checklist - Amount.run(NF Testing Checklist - Amount:23)
	at com.kms.katalon.core.main.ScriptEngine.run(ScriptEngine.java:194)
	at com.kms.katalon.core.main.ScriptEngine.runScriptAsRawText(ScriptEngine.java:119)
	at com.kms.katalon.core.main.TestCaseExecutor.runScript(TestCaseExecutor.java:337)
	at com.kms.katalon.core.main.TestCaseExecutor.doExecute(TestCaseExecutor.java:328)
	at com.kms.katalon.core.main.TestCaseExecutor.processExecutionPhase(TestCaseExecutor.java:307)
	at com.kms.katalon.core.main.TestCaseExecutor.accessMainPhase(TestCaseExecutor.java:299)
	at com.kms.katalon.core.main.TestCaseExecutor.execute(TestCaseExecutor.java:233)
	at com.kms.katalon.core.main.TestSuiteExecutor.accessTestCaseMainPhase(TestSuiteExecutor.java:169)
	at com.kms.katalon.core.main.TestSuiteExecutor.accessTestSuiteMainPhase(TestSuiteExecutor.java:142)
	at com.kms.katalon.core.main.TestSuiteExecutor.execute(TestSuiteExecutor.java:91)
	at com.kms.katalon.core.main.TestCaseMain.startTestSuite(TestCaseMain.java:157)
	at com.kms.katalon.core.main.TestCaseMain$startTestSuite$0.call(Unknown Source)
	at TempTestSuite1584517683796.run(TempTestSuite1584517683796.groovy:36)]]></system-err>
      </testcase>
      <testcase name="Test Cases/NF Testing Checklist - Amount" time="8.637" classname="Test Cases/NF Testing Checklist - Amount" status="FAILED">
         <failure type="FAILED" message="Test Cases/NF Testing Checklist - Amount FAILED.
Reason:
com.kms.katalon.core.exception.StepFailedException: No option matched.
	at com.kms.katalon.core.keyword.internal.KeywordMain.stepFailed(KeywordMain.groovy:39)
	at com.kms.katalon.core.keyword.internal.KeywordMain.stepFailed(KeywordMain.groovy)
	at com.kms.katalon.core.keyword.internal.KeywordMain.stepFailed(KeywordMain.groovy:23)
	at com.kms.katalon.core.webui.keyword.builtin.SelectOptionByValueKeyword$_selectOptionByValue_closure1.doCall(SelectOptionByValueKeyword.groovy:92)
	at com.kms.katalon.core.webui.keyword.builtin.SelectOptionByValueKeyword$_selectOptionByValue_closure1.call(SelectOptionByValueKeyword.groovy)
	at com.kms.katalon.core.webui.keyword.internal.WebUIKeywordMain.runKeyword(WebUIKeywordMain.groovy:20)
	at com.kms.katalon.core.webui.keyword.builtin.SelectOptionByValueKeyword.selectOptionByValue(SelectOptionByValueKeyword.groovy:99)
	at com.kms.katalon.core.webui.keyword.builtin.SelectOptionByValueKeyword.execute(SelectOptionByValueKeyword.groovy:71)
	at com.kms.katalon.core.keyword.internal.KeywordExecutor.executeKeywordForPlatform(KeywordExecutor.groovy:72)
	at com.kms.katalon.core.webui.keyword.WebUiBuiltInKeywords.selectOptionByValue(WebUiBuiltInKeywords.groovy:1164)
	at com.kms.katalon.core.webui.keyword.WebUiBuiltInKeywords$selectOptionByValue$4.call(Unknown Source)
	at NF Testing Checklist - Amount.run(NF Testing Checklist - Amount:23)
	at com.kms.katalon.core.main.ScriptEngine.run(ScriptEngine.java:194)
	at com.kms.katalon.core.main.ScriptEngine.runScriptAsRawText(ScriptEngine.java:119)
	at com.kms.katalon.core.main.TestCaseExecutor.runScript(TestCaseExecutor.java:337)
	at com.kms.katalon.core.main.TestCaseExecutor.doExecute(TestCaseExecutor.java:328)
	at com.kms.katalon.core.main.TestCaseExecutor.processExecutionPhase(TestCaseExecutor.java:307)
	at com.kms.katalon.core.main.TestCaseExecutor.accessMainPhase(TestCaseExecutor.java:299)
	at com.kms.katalon.core.main.TestCaseExecutor.execute(TestCaseExecutor.java:233)
	at com.kms.katalon.core.main.TestSuiteExecutor.accessTestCaseMainPhase(TestSuiteExecutor.java:169)
	at com.kms.katalon.core.main.TestSuiteExecutor.accessTestSuiteMainPhase(TestSuiteExecutor.java:142)
	at com.kms.katalon.core.main.TestSuiteExecutor.execute(TestSuiteExecutor.java:91)
	at com.kms.katalon.core.main.TestCaseMain.startTestSuite(TestCaseMain.java:157)
	at com.kms.katalon.core.main.TestCaseMain$startTestSuite$0.call(Unknown Source)
	at TempTestSuite1584517683796.run(TempTestSuite1584517683796.groovy:36)
"/>
         <system-out><![CDATA[2020-03-18 14:51:27 - [TEST_CASE][FAILED] - Test Cases/NF Testing Checklist - Amount: Test Cases/NF Testing Checklist - Amount FAILED.
Reason:
com.kms.katalon.core.exception.StepFailedException: No option matched.
	at com.kms.katalon.core.keyword.internal.KeywordMain.stepFailed(KeywordMain.groovy:39)
	at com.kms.katalon.core.keyword.internal.KeywordMain.stepFailed(KeywordMain.groovy)
	at com.kms.katalon.core.keyword.internal.KeywordMain.stepFailed(KeywordMain.groovy:23)
	at com.kms.katalon.core.webui.keyword.builtin.SelectOptionByValueKeyword$_selectOptionByValue_closure1.doCall(SelectOptionByValueKeyword.groovy:92)
	at com.kms.katalon.core.webui.keyword.builtin.SelectOptionByValueKeyword$_selectOptionByValue_closure1.call(SelectOptionByValueKeyword.groovy)
	at com.kms.katalon.core.webui.keyword.internal.WebUIKeywordMain.runKeyword(WebUIKeywordMain.groovy:20)
	at com.kms.katalon.core.webui.keyword.builtin.SelectOptionByValueKeyword.selectOptionByValue(SelectOptionByValueKeyword.groovy:99)
	at com.kms.katalon.core.webui.keyword.builtin.SelectOptionByValueKeyword.execute(SelectOptionByValueKeyword.groovy:71)
	at com.kms.katalon.core.keyword.internal.KeywordExecutor.executeKeywordForPlatform(KeywordExecutor.groovy:72)
	at com.kms.katalon.core.webui.keyword.WebUiBuiltInKeywords.selectOptionByValue(WebUiBuiltInKeywords.groovy:1164)
	at com.kms.katalon.core.webui.keyword.WebUiBuiltInKeywords$selectOptionByValue$4.call(Unknown Source)
	at NF Testing Checklist - Amount.run(NF Testing Checklist - Amount:23)
	at com.kms.katalon.core.main.ScriptEngine.run(ScriptEngine.java:194)
	at com.kms.katalon.core.main.ScriptEngine.runScriptAsRawText(ScriptEngine.java:119)
	at com.kms.katalon.core.main.TestCaseExecutor.runScript(TestCaseExecutor.java:337)
	at com.kms.katalon.core.main.TestCaseExecutor.doExecute(TestCaseExecutor.java:328)
	at com.kms.katalon.core.main.TestCaseExecutor.processExecutionPhase(TestCaseExecutor.java:307)
	at com.kms.katalon.core.main.TestCaseExecutor.accessMainPhase(TestCaseExecutor.java:299)
	at com.kms.katalon.core.main.TestCaseExecutor.execute(TestCaseExecutor.java:233)
	at com.kms.katalon.core.main.TestSuiteExecutor.accessTestCaseMainPhase(TestSuiteExecutor.java:169)
	at com.kms.katalon.core.main.TestSuiteExecutor.accessTestSuiteMainPhase(TestSuiteExecutor.java:142)
	at com.kms.katalon.core.main.TestSuiteExecutor.execute(TestSuiteExecutor.java:91)
	at com.kms.katalon.core.main.TestCaseMain.startTestSuite(TestCaseMain.java:157)
	at com.kms.katalon.core.main.TestCaseMain$startTestSuite$0.call(Unknown Source)
	at TempTestSuite1584517683796.run(TempTestSuite1584517683796.groovy:36)


2020-03-18 14:51:27 - [TEST_STEP][PASSED] - click(findTestObject("Object Repository/New Subscription/Page_Add New Subscription - PraisindoSIARUI/input__NetAmount")): Object: 'Object Repository/New Subscription/Page_Add New Subscription - PraisindoSIARUI/input__NetAmount' is clicked on

2020-03-18 14:51:28 - [MESSAGE][PASSED] - Object: 'Object Repository/New Subscription/Page_Add New Subscription - PraisindoSIARUI/input__NetAmount' is clicked on

2020-03-18 14:51:28 - [TEST_STEP][PASSED] - setText(findTestObject("New Subscription/Page_Add New Subscription - PraisindoSIARUI/input__NetAmount"), ParamAmount): Text '' is set on object 'Object Repository/New Subscription/Page_Add New Subscription - PraisindoSIARUI/input__NetAmount'

2020-03-18 14:51:31 - [MESSAGE][PASSED] - Text '' is set on object 'Object Repository/New Subscription/Page_Add New Subscription - PraisindoSIARUI/input__NetAmount'

2020-03-18 14:51:31 - [TEST_STEP][FAILED] - selectOptionByValue(findTestObject("Object Repository/New Subscription/Page_Add New Subscription - PraisindoSIARUI/select_Select Fee SUB 1"), "3854", true): No option matched.

2020-03-18 14:51:31 - [MESSAGE][FAILED] - No option matched.

2020-03-18 14:51:31 - [TEST_STEP][PASSED] - click(findTestObject("Object Repository/New Subscription/Page_Add New Subscription - PraisindoSIARUI/input_Fee ()_FeePercentage")): Object: 'Object Repository/New Subscription/Page_Add New Subscription - PraisindoSIARUI/input_Fee ()_FeePercentage' is clicked on

2020-03-18 14:51:33 - [MESSAGE][PASSED] - Object: 'Object Repository/New Subscription/Page_Add New Subscription - PraisindoSIARUI/input_Fee ()_FeePercentage' is clicked on

2020-03-18 14:51:33 - [TEST_STEP][PASSED] - setText(findTestObject("New Subscription/Page_Add New Subscription - PraisindoSIARUI/input_Fee ()_FeePercentage"), "4"): Text '4' is set on object 'Object Repository/New Subscription/Page_Add New Subscription - PraisindoSIARUI/input_Fee ()_FeePercentage'

2020-03-18 14:51:35 - [MESSAGE][PASSED] - Text '4' is set on object 'Object Repository/New Subscription/Page_Add New Subscription - PraisindoSIARUI/input_Fee ()_FeePercentage']]></system-out>
         <system-err><![CDATA[2020-03-18 14:51:27 - [TEST_CASE][FAILED] - Test Cases/NF Testing Checklist - Amount: Test Cases/NF Testing Checklist - Amount FAILED.
Reason:
com.kms.katalon.core.exception.StepFailedException: No option matched.
	at com.kms.katalon.core.keyword.internal.KeywordMain.stepFailed(KeywordMain.groovy:39)
	at com.kms.katalon.core.keyword.internal.KeywordMain.stepFailed(KeywordMain.groovy)
	at com.kms.katalon.core.keyword.internal.KeywordMain.stepFailed(KeywordMain.groovy:23)
	at com.kms.katalon.core.webui.keyword.builtin.SelectOptionByValueKeyword$_selectOptionByValue_closure1.doCall(SelectOptionByValueKeyword.groovy:92)
	at com.kms.katalon.core.webui.keyword.builtin.SelectOptionByValueKeyword$_selectOptionByValue_closure1.call(SelectOptionByValueKeyword.groovy)
	at com.kms.katalon.core.webui.keyword.internal.WebUIKeywordMain.runKeyword(WebUIKeywordMain.groovy:20)
	at com.kms.katalon.core.webui.keyword.builtin.SelectOptionByValueKeyword.selectOptionByValue(SelectOptionByValueKeyword.groovy:99)
	at com.kms.katalon.core.webui.keyword.builtin.SelectOptionByValueKeyword.execute(SelectOptionByValueKeyword.groovy:71)
	at com.kms.katalon.core.keyword.internal.KeywordExecutor.executeKeywordForPlatform(KeywordExecutor.groovy:72)
	at com.kms.katalon.core.webui.keyword.WebUiBuiltInKeywords.selectOptionByValue(WebUiBuiltInKeywords.groovy:1164)
	at com.kms.katalon.core.webui.keyword.WebUiBuiltInKeywords$selectOptionByValue$4.call(Unknown Source)
	at NF Testing Checklist - Amount.run(NF Testing Checklist - Amount:23)
	at com.kms.katalon.core.main.ScriptEngine.run(ScriptEngine.java:194)
	at com.kms.katalon.core.main.ScriptEngine.runScriptAsRawText(ScriptEngine.java:119)
	at com.kms.katalon.core.main.TestCaseExecutor.runScript(TestCaseExecutor.java:337)
	at com.kms.katalon.core.main.TestCaseExecutor.doExecute(TestCaseExecutor.java:328)
	at com.kms.katalon.core.main.TestCaseExecutor.processExecutionPhase(TestCaseExecutor.java:307)
	at com.kms.katalon.core.main.TestCaseExecutor.accessMainPhase(TestCaseExecutor.java:299)
	at com.kms.katalon.core.main.TestCaseExecutor.execute(TestCaseExecutor.java:233)
	at com.kms.katalon.core.main.TestSuiteExecutor.accessTestCaseMainPhase(TestSuiteExecutor.java:169)
	at com.kms.katalon.core.main.TestSuiteExecutor.accessTestSuiteMainPhase(TestSuiteExecutor.java:142)
	at com.kms.katalon.core.main.TestSuiteExecutor.execute(TestSuiteExecutor.java:91)
	at com.kms.katalon.core.main.TestCaseMain.startTestSuite(TestCaseMain.java:157)
	at com.kms.katalon.core.main.TestCaseMain$startTestSuite$0.call(Unknown Source)
	at TempTestSuite1584517683796.run(TempTestSuite1584517683796.groovy:36)]]></system-err>
      </testcase>
      <testcase name="Test Cases/NF Testing Checklist - Additional Charges" time="33.096" classname="Test Cases/NF Testing Checklist - Additional Charges" status="FAILED">
         <failure type="FAILED" message="Test Cases/NF Testing Checklist - Additional Charges FAILED.
Reason:
com.kms.katalon.core.exception.StepFailedException: No option matched.
	at com.kms.katalon.core.keyword.internal.KeywordMain.stepFailed(KeywordMain.groovy:39)
	at com.kms.katalon.core.keyword.internal.KeywordMain.stepFailed(KeywordMain.groovy)
	at com.kms.katalon.core.keyword.internal.KeywordMain.stepFailed(KeywordMain.groovy:23)
	at com.kms.katalon.core.webui.keyword.builtin.SelectOptionByValueKeyword$_selectOptionByValue_closure1.doCall(SelectOptionByValueKeyword.groovy:92)
	at com.kms.katalon.core.webui.keyword.builtin.SelectOptionByValueKeyword$_selectOptionByValue_closure1.call(SelectOptionByValueKeyword.groovy)
	at com.kms.katalon.core.webui.keyword.internal.WebUIKeywordMain.runKeyword(WebUIKeywordMain.groovy:20)
	at com.kms.katalon.core.webui.keyword.builtin.SelectOptionByValueKeyword.selectOptionByValue(SelectOptionByValueKeyword.groovy:99)
	at com.kms.katalon.core.webui.keyword.builtin.SelectOptionByValueKeyword.execute(SelectOptionByValueKeyword.groovy:71)
	at com.kms.katalon.core.keyword.internal.KeywordExecutor.executeKeywordForPlatform(KeywordExecutor.groovy:72)
	at com.kms.katalon.core.webui.keyword.WebUiBuiltInKeywords.selectOptionByValue(WebUiBuiltInKeywords.groovy:1164)
	at com.kms.katalon.core.webui.keyword.WebUiBuiltInKeywords$selectOptionByValue$4.call(Unknown Source)
	at NF Testing Checklist - Additional Charges.run(NF Testing Checklist - Additional Charges:60)
	at com.kms.katalon.core.main.ScriptEngine.run(ScriptEngine.java:194)
	at com.kms.katalon.core.main.ScriptEngine.runScriptAsRawText(ScriptEngine.java:119)
	at com.kms.katalon.core.main.TestCaseExecutor.runScript(TestCaseExecutor.java:337)
	at com.kms.katalon.core.main.TestCaseExecutor.doExecute(TestCaseExecutor.java:328)
	at com.kms.katalon.core.main.TestCaseExecutor.processExecutionPhase(TestCaseExecutor.java:307)
	at com.kms.katalon.core.main.TestCaseExecutor.accessMainPhase(TestCaseExecutor.java:299)
	at com.kms.katalon.core.main.TestCaseExecutor.execute(TestCaseExecutor.java:233)
	at com.kms.katalon.core.main.TestSuiteExecutor.accessTestCaseMainPhase(TestSuiteExecutor.java:169)
	at com.kms.katalon.core.main.TestSuiteExecutor.accessTestSuiteMainPhase(TestSuiteExecutor.java:142)
	at com.kms.katalon.core.main.TestSuiteExecutor.execute(TestSuiteExecutor.java:91)
	at com.kms.katalon.core.main.TestCaseMain.startTestSuite(TestCaseMain.java:157)
	at com.kms.katalon.core.main.TestCaseMain$startTestSuite$0.call(Unknown Source)
	at TempTestSuite1584517683796.run(TempTestSuite1584517683796.groovy:36)
"/>
         <system-out><![CDATA[2020-03-18 14:51:35 - [TEST_CASE][FAILED] - Test Cases/NF Testing Checklist - Additional Charges: Test Cases/NF Testing Checklist - Additional Charges FAILED.
Reason:
com.kms.katalon.core.exception.StepFailedException: No option matched.
	at com.kms.katalon.core.keyword.internal.KeywordMain.stepFailed(KeywordMain.groovy:39)
	at com.kms.katalon.core.keyword.internal.KeywordMain.stepFailed(KeywordMain.groovy)
	at com.kms.katalon.core.keyword.internal.KeywordMain.stepFailed(KeywordMain.groovy:23)
	at com.kms.katalon.core.webui.keyword.builtin.SelectOptionByValueKeyword$_selectOptionByValue_closure1.doCall(SelectOptionByValueKeyword.groovy:92)
	at com.kms.katalon.core.webui.keyword.builtin.SelectOptionByValueKeyword$_selectOptionByValue_closure1.call(SelectOptionByValueKeyword.groovy)
	at com.kms.katalon.core.webui.keyword.internal.WebUIKeywordMain.runKeyword(WebUIKeywordMain.groovy:20)
	at com.kms.katalon.core.webui.keyword.builtin.SelectOptionByValueKeyword.selectOptionByValue(SelectOptionByValueKeyword.groovy:99)
	at com.kms.katalon.core.webui.keyword.builtin.SelectOptionByValueKeyword.execute(SelectOptionByValueKeyword.groovy:71)
	at com.kms.katalon.core.keyword.internal.KeywordExecutor.executeKeywordForPlatform(KeywordExecutor.groovy:72)
	at com.kms.katalon.core.webui.keyword.WebUiBuiltInKeywords.selectOptionByValue(WebUiBuiltInKeywords.groovy:1164)
	at com.kms.katalon.core.webui.keyword.WebUiBuiltInKeywords$selectOptionByValue$4.call(Unknown Source)
	at NF Testing Checklist - Additional Charges.run(NF Testing Checklist - Additional Charges:60)
	at com.kms.katalon.core.main.ScriptEngine.run(ScriptEngine.java:194)
	at com.kms.katalon.core.main.ScriptEngine.runScriptAsRawText(ScriptEngine.java:119)
	at com.kms.katalon.core.main.TestCaseExecutor.runScript(TestCaseExecutor.java:337)
	at com.kms.katalon.core.main.TestCaseExecutor.doExecute(TestCaseExecutor.java:328)
	at com.kms.katalon.core.main.TestCaseExecutor.processExecutionPhase(TestCaseExecutor.java:307)
	at com.kms.katalon.core.main.TestCaseExecutor.accessMainPhase(TestCaseExecutor.java:299)
	at com.kms.katalon.core.main.TestCaseExecutor.execute(TestCaseExecutor.java:233)
	at com.kms.katalon.core.main.TestSuiteExecutor.accessTestCaseMainPhase(TestSuiteExecutor.java:169)
	at com.kms.katalon.core.main.TestSuiteExecutor.accessTestSuiteMainPhase(TestSuiteExecutor.java:142)
	at com.kms.katalon.core.main.TestSuiteExecutor.execute(TestSuiteExecutor.java:91)
	at com.kms.katalon.core.main.TestCaseMain.startTestSuite(TestCaseMain.java:157)
	at com.kms.katalon.core.main.TestCaseMain$startTestSuite$0.call(Unknown Source)
	at TempTestSuite1584517683796.run(TempTestSuite1584517683796.groovy:36)


2020-03-18 14:51:36 - [TEST_STEP][PASSED] - click(findTestObject("Object Repository/New Subscription/Page_Add New Subscription - PraisindoSIARUI/input_Additional Charges_Charges")): Object: 'Object Repository/New Subscription/Page_Add New Subscription - PraisindoSIARUI/input_Additional Charges_Charges' is clicked on

2020-03-18 14:51:37 - [MESSAGE][PASSED] - Object: 'Object Repository/New Subscription/Page_Add New Subscription - PraisindoSIARUI/input_Additional Charges_Charges' is clicked on

2020-03-18 14:51:37 - [TEST_STEP][PASSED] - setText(findTestObject("New Subscription/Page_Add New Subscription - PraisindoSIARUI/input_Additional Charges_Charges"), ParamAdditionalCharges): Text '' is set on object 'Object Repository/New Subscription/Page_Add New Subscription - PraisindoSIARUI/input_Additional Charges_Charges'

2020-03-18 14:51:40 - [MESSAGE][PASSED] - Text '' is set on object 'Object Repository/New Subscription/Page_Add New Subscription - PraisindoSIARUI/input_Additional Charges_Charges'

2020-03-18 14:51:40 - [TEST_STEP][PASSED] - selectOptionByValue(findTestObject("Object Repository/New Subscription/Page_Add New Subscription - PraisindoSIARUI/select_Select Method                       _3f9a88"), "TRS", true): All options with value 'TRS' are selected in object 'Object Repository/New Subscription/Page_Add New Subscription - PraisindoSIARUI/select_Select Method                       _3f9a88'  using regular expression

2020-03-18 14:51:42 - [MESSAGE][PASSED] - All options with value 'TRS' are selected in object 'Object Repository/New Subscription/Page_Add New Subscription - PraisindoSIARUI/select_Select Method                       _3f9a88'  using regular expression

2020-03-18 14:51:42 - [TEST_STEP][PASSED] - selectOptionByValue(findTestObject("Object Repository/New Subscription/Page_Add New Subscription - PraisindoSIARUI/select_Select Method                       _3f9a88"), "RTG", true): All options with value 'RTG' are selected in object 'Object Repository/New Subscription/Page_Add New Subscription - PraisindoSIARUI/select_Select Method                       _3f9a88'  using regular expression

2020-03-18 14:51:44 - [MESSAGE][PASSED] - All options with value 'RTG' are selected in object 'Object Repository/New Subscription/Page_Add New Subscription - PraisindoSIARUI/select_Select Method                       _3f9a88'  using regular expression

2020-03-18 14:51:44 - [TEST_STEP][PASSED] - selectOptionByValue(findTestObject("Object Repository/New Subscription/Page_Add New Subscription - PraisindoSIARUI/select_Select Method                       _3f9a88"), "N/A", true): All options with value 'N/A' are selected in object 'Object Repository/New Subscription/Page_Add New Subscription - PraisindoSIARUI/select_Select Method                       _3f9a88'  using regular expression

2020-03-18 14:51:46 - [MESSAGE][PASSED] - All options with value 'N/A' are selected in object 'Object Repository/New Subscription/Page_Add New Subscription - PraisindoSIARUI/select_Select Method                       _3f9a88'  using regular expression

2020-03-18 14:51:46 - [TEST_STEP][PASSED] - selectOptionByValue(findTestObject("Object Repository/New Subscription/Page_Add New Subscription - PraisindoSIARUI/select_Select Method                       _3f9a88"), "CAS", true): All options with value 'CAS' are selected in object 'Object Repository/New Subscription/Page_Add New Subscription - PraisindoSIARUI/select_Select Method                       _3f9a88'  using regular expression

2020-03-18 14:51:48 - [MESSAGE][PASSED] - All options with value 'CAS' are selected in object 'Object Repository/New Subscription/Page_Add New Subscription - PraisindoSIARUI/select_Select Method                       _3f9a88'  using regular expression

2020-03-18 14:51:48 - [TEST_STEP][PASSED] - selectOptionByValue(findTestObject("Object Repository/New Subscription/Page_Add New Subscription - PraisindoSIARUI/select_Select Method                       _3f9a88"), "DIV", true): All options with value 'DIV' are selected in object 'Object Repository/New Subscription/Page_Add New Subscription - PraisindoSIARUI/select_Select Method                       _3f9a88'  using regular expression

2020-03-18 14:51:50 - [MESSAGE][PASSED] - All options with value 'DIV' are selected in object 'Object Repository/New Subscription/Page_Add New Subscription - PraisindoSIARUI/select_Select Method                       _3f9a88'  using regular expression

2020-03-18 14:51:50 - [TEST_STEP][PASSED] - selectOptionByValue(findTestObject("Object Repository/New Subscription/Page_Add New Subscription - PraisindoSIARUI/select_Select Method                       _3f9a88"), "CLR", true): All options with value 'CLR' are selected in object 'Object Repository/New Subscription/Page_Add New Subscription - PraisindoSIARUI/select_Select Method                       _3f9a88'  using regular expression

2020-03-18 14:51:52 - [MESSAGE][PASSED] - All options with value 'CLR' are selected in object 'Object Repository/New Subscription/Page_Add New Subscription - PraisindoSIARUI/select_Select Method                       _3f9a88'  using regular expression

2020-03-18 14:51:52 - [TEST_STEP][PASSED] - selectOptionByValue(findTestObject("Object Repository/New Subscription/Page_Add New Subscription - PraisindoSIARUI/select_Select Method                       _3f9a88"), "TRS", true): All options with value 'TRS' are selected in object 'Object Repository/New Subscription/Page_Add New Subscription - PraisindoSIARUI/select_Select Method                       _3f9a88'  using regular expression

2020-03-18 14:51:54 - [MESSAGE][PASSED] - All options with value 'TRS' are selected in object 'Object Repository/New Subscription/Page_Add New Subscription - PraisindoSIARUI/select_Select Method                       _3f9a88'  using regular expression

2020-03-18 14:51:54 - [TEST_STEP][PASSED] - selectOptionByValue(findTestObject("Object Repository/New Subscription/Page_Add New Subscription - PraisindoSIARUI/select_ANDARU - BANK CENTRAL ASIA Kantor Pu_394f5d"), "90902121", true): All options with value '90902121' are selected in object 'Object Repository/New Subscription/Page_Add New Subscription - PraisindoSIARUI/select_ANDARU - BANK CENTRAL ASIA Kantor Pu_394f5d'  using regular expression

2020-03-18 14:51:56 - [MESSAGE][PASSED] - All options with value '90902121' are selected in object 'Object Repository/New Subscription/Page_Add New Subscription - PraisindoSIARUI/select_ANDARU - BANK CENTRAL ASIA Kantor Pu_394f5d'  using regular expression

2020-03-18 14:51:56 - [TEST_STEP][PASSED] - selectOptionByValue(findTestObject("Object Repository/New Subscription/Page_Add New Subscription - PraisindoSIARUI/select_ANDARU - BANK CENTRAL ASIA Kantor Pu_394f5d"), "1201314", true): All options with value '1201314' are selected in object 'Object Repository/New Subscription/Page_Add New Subscription - PraisindoSIARUI/select_ANDARU - BANK CENTRAL ASIA Kantor Pu_394f5d'  using regular expression

2020-03-18 14:51:58 - [MESSAGE][PASSED] - All options with value '1201314' are selected in object 'Object Repository/New Subscription/Page_Add New Subscription - PraisindoSIARUI/select_ANDARU - BANK CENTRAL ASIA Kantor Pu_394f5d'  using regular expression

2020-03-18 14:51:58 - [TEST_STEP][PASSED] - selectOptionByValue(findTestObject("Object Repository/New Subscription/Page_Add New Subscription - PraisindoSIARUI/select_ANDARU - BANK CENTRAL ASIA Kantor Pu_394f5d"), "3371658978", true): All options with value '3371658978' are selected in object 'Object Repository/New Subscription/Page_Add New Subscription - PraisindoSIARUI/select_ANDARU - BANK CENTRAL ASIA Kantor Pu_394f5d'  using regular expression

2020-03-18 14:52:00 - [MESSAGE][PASSED] - All options with value '3371658978' are selected in object 'Object Repository/New Subscription/Page_Add New Subscription - PraisindoSIARUI/select_ANDARU - BANK CENTRAL ASIA Kantor Pu_394f5d'  using regular expression

2020-03-18 14:52:00 - [TEST_STEP][PASSED] - selectOptionByValue(findTestObject("Object Repository/New Subscription/Page_Add New Subscription - PraisindoSIARUI/select_ANDARU - BANK CENTRAL ASIA Kantor Pu_394f5d"), "7667381", true): All options with value '7667381' are selected in object 'Object Repository/New Subscription/Page_Add New Subscription - PraisindoSIARUI/select_ANDARU - BANK CENTRAL ASIA Kantor Pu_394f5d'  using regular expression

2020-03-18 14:52:02 - [MESSAGE][PASSED] - All options with value '7667381' are selected in object 'Object Repository/New Subscription/Page_Add New Subscription - PraisindoSIARUI/select_ANDARU - BANK CENTRAL ASIA Kantor Pu_394f5d'  using regular expression

2020-03-18 14:52:02 - [TEST_STEP][PASSED] - selectOptionByValue(findTestObject("Object Repository/New Subscription/Page_Add New Subscription - PraisindoSIARUI/select_ANDARU - BANK CENTRAL ASIA Kantor Pu_394f5d"), "8748758475841", true): All options with value '8748758475841' are selected in object 'Object Repository/New Subscription/Page_Add New Subscription - PraisindoSIARUI/select_ANDARU - BANK CENTRAL ASIA Kantor Pu_394f5d'  using regular expression

2020-03-18 14:52:04 - [MESSAGE][PASSED] - All options with value '8748758475841' are selected in object 'Object Repository/New Subscription/Page_Add New Subscription - PraisindoSIARUI/select_ANDARU - BANK CENTRAL ASIA Kantor Pu_394f5d'  using regular expression

2020-03-18 14:52:04 - [TEST_STEP][FAILED] - selectOptionByValue(findTestObject("Object Repository/New Subscription/Page_Add New Subscription - PraisindoSIARUI/select_ADEN - Standard Chartered Bank Stand_f7fd79"), "1438", true): No option matched.

2020-03-18 14:52:04 - [MESSAGE][FAILED] - No option matched.

2020-03-18 14:52:04 - [TEST_STEP][PASSED] - setText(findTestObject("Object Repository/New Subscription/Page_Add New Subscription - PraisindoSIARUI/textarea_Remark_Remarks"), "Testing Checklist with Katalon"): Text 'Testing Checklist with Katalon' is set on object 'Object Repository/New Subscription/Page_Add New Subscription - PraisindoSIARUI/textarea_Remark_Remarks'

2020-03-18 14:52:07 - [MESSAGE][PASSED] - Text 'Testing Checklist with Katalon' is set on object 'Object Repository/New Subscription/Page_Add New Subscription - PraisindoSIARUI/textarea_Remark_Remarks'

2020-03-18 14:52:07 - [TEST_STEP][PASSED] - click(findTestObject("Object Repository/New Subscription/Page_Add New Subscription - PraisindoSIARUI/button_Save to Draft")): Object: 'Object Repository/New Subscription/Page_Add New Subscription - PraisindoSIARUI/button_Save to Draft' is clicked on

2020-03-18 14:52:08 - [MESSAGE][PASSED] - Object: 'Object Repository/New Subscription/Page_Add New Subscription - PraisindoSIARUI/button_Save to Draft' is clicked on]]></system-out>
         <system-err><![CDATA[2020-03-18 14:51:35 - [TEST_CASE][FAILED] - Test Cases/NF Testing Checklist - Additional Charges: Test Cases/NF Testing Checklist - Additional Charges FAILED.
Reason:
com.kms.katalon.core.exception.StepFailedException: No option matched.
	at com.kms.katalon.core.keyword.internal.KeywordMain.stepFailed(KeywordMain.groovy:39)
	at com.kms.katalon.core.keyword.internal.KeywordMain.stepFailed(KeywordMain.groovy)
	at com.kms.katalon.core.keyword.internal.KeywordMain.stepFailed(KeywordMain.groovy:23)
	at com.kms.katalon.core.webui.keyword.builtin.SelectOptionByValueKeyword$_selectOptionByValue_closure1.doCall(SelectOptionByValueKeyword.groovy:92)
	at com.kms.katalon.core.webui.keyword.builtin.SelectOptionByValueKeyword$_selectOptionByValue_closure1.call(SelectOptionByValueKeyword.groovy)
	at com.kms.katalon.core.webui.keyword.internal.WebUIKeywordMain.runKeyword(WebUIKeywordMain.groovy:20)
	at com.kms.katalon.core.webui.keyword.builtin.SelectOptionByValueKeyword.selectOptionByValue(SelectOptionByValueKeyword.groovy:99)
	at com.kms.katalon.core.webui.keyword.builtin.SelectOptionByValueKeyword.execute(SelectOptionByValueKeyword.groovy:71)
	at com.kms.katalon.core.keyword.internal.KeywordExecutor.executeKeywordForPlatform(KeywordExecutor.groovy:72)
	at com.kms.katalon.core.webui.keyword.WebUiBuiltInKeywords.selectOptionByValue(WebUiBuiltInKeywords.groovy:1164)
	at com.kms.katalon.core.webui.keyword.WebUiBuiltInKeywords$selectOptionByValue$4.call(Unknown Source)
	at NF Testing Checklist - Additional Charges.run(NF Testing Checklist - Additional Charges:60)
	at com.kms.katalon.core.main.ScriptEngine.run(ScriptEngine.java:194)
	at com.kms.katalon.core.main.ScriptEngine.runScriptAsRawText(ScriptEngine.java:119)
	at com.kms.katalon.core.main.TestCaseExecutor.runScript(TestCaseExecutor.java:337)
	at com.kms.katalon.core.main.TestCaseExecutor.doExecute(TestCaseExecutor.java:328)
	at com.kms.katalon.core.main.TestCaseExecutor.processExecutionPhase(TestCaseExecutor.java:307)
	at com.kms.katalon.core.main.TestCaseExecutor.accessMainPhase(TestCaseExecutor.java:299)
	at com.kms.katalon.core.main.TestCaseExecutor.execute(TestCaseExecutor.java:233)
	at com.kms.katalon.core.main.TestSuiteExecutor.accessTestCaseMainPhase(TestSuiteExecutor.java:169)
	at com.kms.katalon.core.main.TestSuiteExecutor.accessTestSuiteMainPhase(TestSuiteExecutor.java:142)
	at com.kms.katalon.core.main.TestSuiteExecutor.execute(TestSuiteExecutor.java:91)
	at com.kms.katalon.core.main.TestCaseMain.startTestSuite(TestCaseMain.java:157)
	at com.kms.katalon.core.main.TestCaseMain$startTestSuite$0.call(Unknown Source)
	at TempTestSuite1584517683796.run(TempTestSuite1584517683796.groovy:36)]]></system-err>
      </testcase>
      <testcase name="Test Cases/NF Testing Checklist - Additional Charges" time="31.705" classname="Test Cases/NF Testing Checklist - Additional Charges" status="FAILED">
         <failure type="FAILED" message="Test Cases/NF Testing Checklist - Additional Charges FAILED.
Reason:
com.kms.katalon.core.exception.StepFailedException: No option matched.
	at com.kms.katalon.core.keyword.internal.KeywordMain.stepFailed(KeywordMain.groovy:39)
	at com.kms.katalon.core.keyword.internal.KeywordMain.stepFailed(KeywordMain.groovy)
	at com.kms.katalon.core.keyword.internal.KeywordMain.stepFailed(KeywordMain.groovy:23)
	at com.kms.katalon.core.webui.keyword.builtin.SelectOptionByValueKeyword$_selectOptionByValue_closure1.doCall(SelectOptionByValueKeyword.groovy:92)
	at com.kms.katalon.core.webui.keyword.builtin.SelectOptionByValueKeyword$_selectOptionByValue_closure1.call(SelectOptionByValueKeyword.groovy)
	at com.kms.katalon.core.webui.keyword.internal.WebUIKeywordMain.runKeyword(WebUIKeywordMain.groovy:20)
	at com.kms.katalon.core.webui.keyword.builtin.SelectOptionByValueKeyword.selectOptionByValue(SelectOptionByValueKeyword.groovy:99)
	at com.kms.katalon.core.webui.keyword.builtin.SelectOptionByValueKeyword.execute(SelectOptionByValueKeyword.groovy:71)
	at com.kms.katalon.core.keyword.internal.KeywordExecutor.executeKeywordForPlatform(KeywordExecutor.groovy:72)
	at com.kms.katalon.core.webui.keyword.WebUiBuiltInKeywords.selectOptionByValue(WebUiBuiltInKeywords.groovy:1164)
	at com.kms.katalon.core.webui.keyword.WebUiBuiltInKeywords$selectOptionByValue$4.call(Unknown Source)
	at NF Testing Checklist - Additional Charges.run(NF Testing Checklist - Additional Charges:60)
	at com.kms.katalon.core.main.ScriptEngine.run(ScriptEngine.java:194)
	at com.kms.katalon.core.main.ScriptEngine.runScriptAsRawText(ScriptEngine.java:119)
	at com.kms.katalon.core.main.TestCaseExecutor.runScript(TestCaseExecutor.java:337)
	at com.kms.katalon.core.main.TestCaseExecutor.doExecute(TestCaseExecutor.java:328)
	at com.kms.katalon.core.main.TestCaseExecutor.processExecutionPhase(TestCaseExecutor.java:307)
	at com.kms.katalon.core.main.TestCaseExecutor.accessMainPhase(TestCaseExecutor.java:299)
	at com.kms.katalon.core.main.TestCaseExecutor.execute(TestCaseExecutor.java:233)
	at com.kms.katalon.core.main.TestSuiteExecutor.accessTestCaseMainPhase(TestSuiteExecutor.java:169)
	at com.kms.katalon.core.main.TestSuiteExecutor.accessTestSuiteMainPhase(TestSuiteExecutor.java:142)
	at com.kms.katalon.core.main.TestSuiteExecutor.execute(TestSuiteExecutor.java:91)
	at com.kms.katalon.core.main.TestCaseMain.startTestSuite(TestCaseMain.java:157)
	at com.kms.katalon.core.main.TestCaseMain$startTestSuite$0.call(Unknown Source)
	at TempTestSuite1584517683796.run(TempTestSuite1584517683796.groovy:36)
"/>
         <system-out><![CDATA[2020-03-18 14:52:09 - [TEST_CASE][FAILED] - Test Cases/NF Testing Checklist - Additional Charges: Test Cases/NF Testing Checklist - Additional Charges FAILED.
Reason:
com.kms.katalon.core.exception.StepFailedException: No option matched.
	at com.kms.katalon.core.keyword.internal.KeywordMain.stepFailed(KeywordMain.groovy:39)
	at com.kms.katalon.core.keyword.internal.KeywordMain.stepFailed(KeywordMain.groovy)
	at com.kms.katalon.core.keyword.internal.KeywordMain.stepFailed(KeywordMain.groovy:23)
	at com.kms.katalon.core.webui.keyword.builtin.SelectOptionByValueKeyword$_selectOptionByValue_closure1.doCall(SelectOptionByValueKeyword.groovy:92)
	at com.kms.katalon.core.webui.keyword.builtin.SelectOptionByValueKeyword$_selectOptionByValue_closure1.call(SelectOptionByValueKeyword.groovy)
	at com.kms.katalon.core.webui.keyword.internal.WebUIKeywordMain.runKeyword(WebUIKeywordMain.groovy:20)
	at com.kms.katalon.core.webui.keyword.builtin.SelectOptionByValueKeyword.selectOptionByValue(SelectOptionByValueKeyword.groovy:99)
	at com.kms.katalon.core.webui.keyword.builtin.SelectOptionByValueKeyword.execute(SelectOptionByValueKeyword.groovy:71)
	at com.kms.katalon.core.keyword.internal.KeywordExecutor.executeKeywordForPlatform(KeywordExecutor.groovy:72)
	at com.kms.katalon.core.webui.keyword.WebUiBuiltInKeywords.selectOptionByValue(WebUiBuiltInKeywords.groovy:1164)
	at com.kms.katalon.core.webui.keyword.WebUiBuiltInKeywords$selectOptionByValue$4.call(Unknown Source)
	at NF Testing Checklist - Additional Charges.run(NF Testing Checklist - Additional Charges:60)
	at com.kms.katalon.core.main.ScriptEngine.run(ScriptEngine.java:194)
	at com.kms.katalon.core.main.ScriptEngine.runScriptAsRawText(ScriptEngine.java:119)
	at com.kms.katalon.core.main.TestCaseExecutor.runScript(TestCaseExecutor.java:337)
	at com.kms.katalon.core.main.TestCaseExecutor.doExecute(TestCaseExecutor.java:328)
	at com.kms.katalon.core.main.TestCaseExecutor.processExecutionPhase(TestCaseExecutor.java:307)
	at com.kms.katalon.core.main.TestCaseExecutor.accessMainPhase(TestCaseExecutor.java:299)
	at com.kms.katalon.core.main.TestCaseExecutor.execute(TestCaseExecutor.java:233)
	at com.kms.katalon.core.main.TestSuiteExecutor.accessTestCaseMainPhase(TestSuiteExecutor.java:169)
	at com.kms.katalon.core.main.TestSuiteExecutor.accessTestSuiteMainPhase(TestSuiteExecutor.java:142)
	at com.kms.katalon.core.main.TestSuiteExecutor.execute(TestSuiteExecutor.java:91)
	at com.kms.katalon.core.main.TestCaseMain.startTestSuite(TestCaseMain.java:157)
	at com.kms.katalon.core.main.TestCaseMain$startTestSuite$0.call(Unknown Source)
	at TempTestSuite1584517683796.run(TempTestSuite1584517683796.groovy:36)


2020-03-18 14:52:09 - [TEST_STEP][PASSED] - click(findTestObject("Object Repository/New Subscription/Page_Add New Subscription - PraisindoSIARUI/input_Additional Charges_Charges")): Object: 'Object Repository/New Subscription/Page_Add New Subscription - PraisindoSIARUI/input_Additional Charges_Charges' is clicked on

2020-03-18 14:52:10 - [MESSAGE][PASSED] - Object: 'Object Repository/New Subscription/Page_Add New Subscription - PraisindoSIARUI/input_Additional Charges_Charges' is clicked on

2020-03-18 14:52:10 - [TEST_STEP][PASSED] - setText(findTestObject("New Subscription/Page_Add New Subscription - PraisindoSIARUI/input_Additional Charges_Charges"), ParamAdditionalCharges): Text '1.000.000' is set on object 'Object Repository/New Subscription/Page_Add New Subscription - PraisindoSIARUI/input_Additional Charges_Charges'

2020-03-18 14:52:13 - [MESSAGE][PASSED] - Text '1.000.000' is set on object 'Object Repository/New Subscription/Page_Add New Subscription - PraisindoSIARUI/input_Additional Charges_Charges'

2020-03-18 14:52:13 - [TEST_STEP][PASSED] - selectOptionByValue(findTestObject("Object Repository/New Subscription/Page_Add New Subscription - PraisindoSIARUI/select_Select Method                       _3f9a88"), "TRS", true): All options with value 'TRS' are selected in object 'Object Repository/New Subscription/Page_Add New Subscription - PraisindoSIARUI/select_Select Method                       _3f9a88'  using regular expression

2020-03-18 14:52:14 - [MESSAGE][PASSED] - All options with value 'TRS' are selected in object 'Object Repository/New Subscription/Page_Add New Subscription - PraisindoSIARUI/select_Select Method                       _3f9a88'  using regular expression

2020-03-18 14:52:14 - [TEST_STEP][PASSED] - selectOptionByValue(findTestObject("Object Repository/New Subscription/Page_Add New Subscription - PraisindoSIARUI/select_Select Method                       _3f9a88"), "RTG", true): All options with value 'RTG' are selected in object 'Object Repository/New Subscription/Page_Add New Subscription - PraisindoSIARUI/select_Select Method                       _3f9a88'  using regular expression

2020-03-18 14:52:16 - [MESSAGE][PASSED] - All options with value 'RTG' are selected in object 'Object Repository/New Subscription/Page_Add New Subscription - PraisindoSIARUI/select_Select Method                       _3f9a88'  using regular expression

2020-03-18 14:52:16 - [TEST_STEP][PASSED] - selectOptionByValue(findTestObject("Object Repository/New Subscription/Page_Add New Subscription - PraisindoSIARUI/select_Select Method                       _3f9a88"), "N/A", true): All options with value 'N/A' are selected in object 'Object Repository/New Subscription/Page_Add New Subscription - PraisindoSIARUI/select_Select Method                       _3f9a88'  using regular expression

2020-03-18 14:52:18 - [MESSAGE][PASSED] - All options with value 'N/A' are selected in object 'Object Repository/New Subscription/Page_Add New Subscription - PraisindoSIARUI/select_Select Method                       _3f9a88'  using regular expression

2020-03-18 14:52:18 - [TEST_STEP][PASSED] - selectOptionByValue(findTestObject("Object Repository/New Subscription/Page_Add New Subscription - PraisindoSIARUI/select_Select Method                       _3f9a88"), "CAS", true): All options with value 'CAS' are selected in object 'Object Repository/New Subscription/Page_Add New Subscription - PraisindoSIARUI/select_Select Method                       _3f9a88'  using regular expression

2020-03-18 14:52:20 - [MESSAGE][PASSED] - All options with value 'CAS' are selected in object 'Object Repository/New Subscription/Page_Add New Subscription - PraisindoSIARUI/select_Select Method                       _3f9a88'  using regular expression

2020-03-18 14:52:20 - [TEST_STEP][PASSED] - selectOptionByValue(findTestObject("Object Repository/New Subscription/Page_Add New Subscription - PraisindoSIARUI/select_Select Method                       _3f9a88"), "DIV", true): All options with value 'DIV' are selected in object 'Object Repository/New Subscription/Page_Add New Subscription - PraisindoSIARUI/select_Select Method                       _3f9a88'  using regular expression

2020-03-18 14:52:22 - [MESSAGE][PASSED] - All options with value 'DIV' are selected in object 'Object Repository/New Subscription/Page_Add New Subscription - PraisindoSIARUI/select_Select Method                       _3f9a88'  using regular expression

2020-03-18 14:52:22 - [TEST_STEP][PASSED] - selectOptionByValue(findTestObject("Object Repository/New Subscription/Page_Add New Subscription - PraisindoSIARUI/select_Select Method                       _3f9a88"), "CLR", true): All options with value 'CLR' are selected in object 'Object Repository/New Subscription/Page_Add New Subscription - PraisindoSIARUI/select_Select Method                       _3f9a88'  using regular expression

2020-03-18 14:52:24 - [MESSAGE][PASSED] - All options with value 'CLR' are selected in object 'Object Repository/New Subscription/Page_Add New Subscription - PraisindoSIARUI/select_Select Method                       _3f9a88'  using regular expression

2020-03-18 14:52:24 - [TEST_STEP][PASSED] - selectOptionByValue(findTestObject("Object Repository/New Subscription/Page_Add New Subscription - PraisindoSIARUI/select_Select Method                       _3f9a88"), "TRS", true): All options with value 'TRS' are selected in object 'Object Repository/New Subscription/Page_Add New Subscription - PraisindoSIARUI/select_Select Method                       _3f9a88'  using regular expression

2020-03-18 14:52:26 - [MESSAGE][PASSED] - All options with value 'TRS' are selected in object 'Object Repository/New Subscription/Page_Add New Subscription - PraisindoSIARUI/select_Select Method                       _3f9a88'  using regular expression

2020-03-18 14:52:26 - [TEST_STEP][PASSED] - selectOptionByValue(findTestObject("Object Repository/New Subscription/Page_Add New Subscription - PraisindoSIARUI/select_ANDARU - BANK CENTRAL ASIA Kantor Pu_394f5d"), "90902121", true): All options with value '90902121' are selected in object 'Object Repository/New Subscription/Page_Add New Subscription - PraisindoSIARUI/select_ANDARU - BANK CENTRAL ASIA Kantor Pu_394f5d'  using regular expression

2020-03-18 14:52:28 - [MESSAGE][PASSED] - All options with value '90902121' are selected in object 'Object Repository/New Subscription/Page_Add New Subscription - PraisindoSIARUI/select_ANDARU - BANK CENTRAL ASIA Kantor Pu_394f5d'  using regular expression

2020-03-18 14:52:28 - [TEST_STEP][PASSED] - selectOptionByValue(findTestObject("Object Repository/New Subscription/Page_Add New Subscription - PraisindoSIARUI/select_ANDARU - BANK CENTRAL ASIA Kantor Pu_394f5d"), "1201314", true): All options with value '1201314' are selected in object 'Object Repository/New Subscription/Page_Add New Subscription - PraisindoSIARUI/select_ANDARU - BANK CENTRAL ASIA Kantor Pu_394f5d'  using regular expression

2020-03-18 14:52:30 - [MESSAGE][PASSED] - All options with value '1201314' are selected in object 'Object Repository/New Subscription/Page_Add New Subscription - PraisindoSIARUI/select_ANDARU - BANK CENTRAL ASIA Kantor Pu_394f5d'  using regular expression

2020-03-18 14:52:30 - [TEST_STEP][PASSED] - selectOptionByValue(findTestObject("Object Repository/New Subscription/Page_Add New Subscription - PraisindoSIARUI/select_ANDARU - BANK CENTRAL ASIA Kantor Pu_394f5d"), "3371658978", true): All options with value '3371658978' are selected in object 'Object Repository/New Subscription/Page_Add New Subscription - PraisindoSIARUI/select_ANDARU - BANK CENTRAL ASIA Kantor Pu_394f5d'  using regular expression

2020-03-18 14:52:32 - [MESSAGE][PASSED] - All options with value '3371658978' are selected in object 'Object Repository/New Subscription/Page_Add New Subscription - PraisindoSIARUI/select_ANDARU - BANK CENTRAL ASIA Kantor Pu_394f5d'  using regular expression

2020-03-18 14:52:32 - [TEST_STEP][PASSED] - selectOptionByValue(findTestObject("Object Repository/New Subscription/Page_Add New Subscription - PraisindoSIARUI/select_ANDARU - BANK CENTRAL ASIA Kantor Pu_394f5d"), "7667381", true): All options with value '7667381' are selected in object 'Object Repository/New Subscription/Page_Add New Subscription - PraisindoSIARUI/select_ANDARU - BANK CENTRAL ASIA Kantor Pu_394f5d'  using regular expression

2020-03-18 14:52:34 - [MESSAGE][PASSED] - All options with value '7667381' are selected in object 'Object Repository/New Subscription/Page_Add New Subscription - PraisindoSIARUI/select_ANDARU - BANK CENTRAL ASIA Kantor Pu_394f5d'  using regular expression

2020-03-18 14:52:34 - [TEST_STEP][PASSED] - selectOptionByValue(findTestObject("Object Repository/New Subscription/Page_Add New Subscription - PraisindoSIARUI/select_ANDARU - BANK CENTRAL ASIA Kantor Pu_394f5d"), "8748758475841", true): All options with value '8748758475841' are selected in object 'Object Repository/New Subscription/Page_Add New Subscription - PraisindoSIARUI/select_ANDARU - BANK CENTRAL ASIA Kantor Pu_394f5d'  using regular expression

2020-03-18 14:52:36 - [MESSAGE][PASSED] - All options with value '8748758475841' are selected in object 'Object Repository/New Subscription/Page_Add New Subscription - PraisindoSIARUI/select_ANDARU - BANK CENTRAL ASIA Kantor Pu_394f5d'  using regular expression

2020-03-18 14:52:36 - [TEST_STEP][FAILED] - selectOptionByValue(findTestObject("Object Repository/New Subscription/Page_Add New Subscription - PraisindoSIARUI/select_ADEN - Standard Chartered Bank Stand_f7fd79"), "1438", true): No option matched.

2020-03-18 14:52:36 - [MESSAGE][FAILED] - No option matched.

2020-03-18 14:52:36 - [TEST_STEP][PASSED] - setText(findTestObject("Object Repository/New Subscription/Page_Add New Subscription - PraisindoSIARUI/textarea_Remark_Remarks"), "Testing Checklist with Katalon"): Text 'Testing Checklist with Katalon' is set on object 'Object Repository/New Subscription/Page_Add New Subscription - PraisindoSIARUI/textarea_Remark_Remarks'

2020-03-18 14:52:39 - [MESSAGE][PASSED] - Text 'Testing Checklist with Katalon' is set on object 'Object Repository/New Subscription/Page_Add New Subscription - PraisindoSIARUI/textarea_Remark_Remarks'

2020-03-18 14:52:39 - [TEST_STEP][PASSED] - click(findTestObject("Object Repository/New Subscription/Page_Add New Subscription - PraisindoSIARUI/button_Save to Draft")): Object: 'Object Repository/New Subscription/Page_Add New Subscription - PraisindoSIARUI/button_Save to Draft' is clicked on

2020-03-18 14:52:40 - [MESSAGE][PASSED] - Object: 'Object Repository/New Subscription/Page_Add New Subscription - PraisindoSIARUI/button_Save to Draft' is clicked on]]></system-out>
         <system-err><![CDATA[2020-03-18 14:52:09 - [TEST_CASE][FAILED] - Test Cases/NF Testing Checklist - Additional Charges: Test Cases/NF Testing Checklist - Additional Charges FAILED.
Reason:
com.kms.katalon.core.exception.StepFailedException: No option matched.
	at com.kms.katalon.core.keyword.internal.KeywordMain.stepFailed(KeywordMain.groovy:39)
	at com.kms.katalon.core.keyword.internal.KeywordMain.stepFailed(KeywordMain.groovy)
	at com.kms.katalon.core.keyword.internal.KeywordMain.stepFailed(KeywordMain.groovy:23)
	at com.kms.katalon.core.webui.keyword.builtin.SelectOptionByValueKeyword$_selectOptionByValue_closure1.doCall(SelectOptionByValueKeyword.groovy:92)
	at com.kms.katalon.core.webui.keyword.builtin.SelectOptionByValueKeyword$_selectOptionByValue_closure1.call(SelectOptionByValueKeyword.groovy)
	at com.kms.katalon.core.webui.keyword.internal.WebUIKeywordMain.runKeyword(WebUIKeywordMain.groovy:20)
	at com.kms.katalon.core.webui.keyword.builtin.SelectOptionByValueKeyword.selectOptionByValue(SelectOptionByValueKeyword.groovy:99)
	at com.kms.katalon.core.webui.keyword.builtin.SelectOptionByValueKeyword.execute(SelectOptionByValueKeyword.groovy:71)
	at com.kms.katalon.core.keyword.internal.KeywordExecutor.executeKeywordForPlatform(KeywordExecutor.groovy:72)
	at com.kms.katalon.core.webui.keyword.WebUiBuiltInKeywords.selectOptionByValue(WebUiBuiltInKeywords.groovy:1164)
	at com.kms.katalon.core.webui.keyword.WebUiBuiltInKeywords$selectOptionByValue$4.call(Unknown Source)
	at NF Testing Checklist - Additional Charges.run(NF Testing Checklist - Additional Charges:60)
	at com.kms.katalon.core.main.ScriptEngine.run(ScriptEngine.java:194)
	at com.kms.katalon.core.main.ScriptEngine.runScriptAsRawText(ScriptEngine.java:119)
	at com.kms.katalon.core.main.TestCaseExecutor.runScript(TestCaseExecutor.java:337)
	at com.kms.katalon.core.main.TestCaseExecutor.doExecute(TestCaseExecutor.java:328)
	at com.kms.katalon.core.main.TestCaseExecutor.processExecutionPhase(TestCaseExecutor.java:307)
	at com.kms.katalon.core.main.TestCaseExecutor.accessMainPhase(TestCaseExecutor.java:299)
	at com.kms.katalon.core.main.TestCaseExecutor.execute(TestCaseExecutor.java:233)
	at com.kms.katalon.core.main.TestSuiteExecutor.accessTestCaseMainPhase(TestSuiteExecutor.java:169)
	at com.kms.katalon.core.main.TestSuiteExecutor.accessTestSuiteMainPhase(TestSuiteExecutor.java:142)
	at com.kms.katalon.core.main.TestSuiteExecutor.execute(TestSuiteExecutor.java:91)
	at com.kms.katalon.core.main.TestCaseMain.startTestSuite(TestCaseMain.java:157)
	at com.kms.katalon.core.main.TestCaseMain$startTestSuite$0.call(Unknown Source)
	at TempTestSuite1584517683796.run(TempTestSuite1584517683796.groovy:36)]]></system-err>
      </testcase>
      <testcase name="Test Cases/NF Testing Checklist - Additional Charges" time="31.714" classname="Test Cases/NF Testing Checklist - Additional Charges" status="FAILED">
         <failure type="FAILED" message="Test Cases/NF Testing Checklist - Additional Charges FAILED.
Reason:
com.kms.katalon.core.exception.StepFailedException: No option matched.
	at com.kms.katalon.core.keyword.internal.KeywordMain.stepFailed(KeywordMain.groovy:39)
	at com.kms.katalon.core.keyword.internal.KeywordMain.stepFailed(KeywordMain.groovy)
	at com.kms.katalon.core.keyword.internal.KeywordMain.stepFailed(KeywordMain.groovy:23)
	at com.kms.katalon.core.webui.keyword.builtin.SelectOptionByValueKeyword$_selectOptionByValue_closure1.doCall(SelectOptionByValueKeyword.groovy:92)
	at com.kms.katalon.core.webui.keyword.builtin.SelectOptionByValueKeyword$_selectOptionByValue_closure1.call(SelectOptionByValueKeyword.groovy)
	at com.kms.katalon.core.webui.keyword.internal.WebUIKeywordMain.runKeyword(WebUIKeywordMain.groovy:20)
	at com.kms.katalon.core.webui.keyword.builtin.SelectOptionByValueKeyword.selectOptionByValue(SelectOptionByValueKeyword.groovy:99)
	at com.kms.katalon.core.webui.keyword.builtin.SelectOptionByValueKeyword.execute(SelectOptionByValueKeyword.groovy:71)
	at com.kms.katalon.core.keyword.internal.KeywordExecutor.executeKeywordForPlatform(KeywordExecutor.groovy:72)
	at com.kms.katalon.core.webui.keyword.WebUiBuiltInKeywords.selectOptionByValue(WebUiBuiltInKeywords.groovy:1164)
	at com.kms.katalon.core.webui.keyword.WebUiBuiltInKeywords$selectOptionByValue$4.call(Unknown Source)
	at NF Testing Checklist - Additional Charges.run(NF Testing Checklist - Additional Charges:60)
	at com.kms.katalon.core.main.ScriptEngine.run(ScriptEngine.java:194)
	at com.kms.katalon.core.main.ScriptEngine.runScriptAsRawText(ScriptEngine.java:119)
	at com.kms.katalon.core.main.TestCaseExecutor.runScript(TestCaseExecutor.java:337)
	at com.kms.katalon.core.main.TestCaseExecutor.doExecute(TestCaseExecutor.java:328)
	at com.kms.katalon.core.main.TestCaseExecutor.processExecutionPhase(TestCaseExecutor.java:307)
	at com.kms.katalon.core.main.TestCaseExecutor.accessMainPhase(TestCaseExecutor.java:299)
	at com.kms.katalon.core.main.TestCaseExecutor.execute(TestCaseExecutor.java:233)
	at com.kms.katalon.core.main.TestSuiteExecutor.accessTestCaseMainPhase(TestSuiteExecutor.java:169)
	at com.kms.katalon.core.main.TestSuiteExecutor.accessTestSuiteMainPhase(TestSuiteExecutor.java:142)
	at com.kms.katalon.core.main.TestSuiteExecutor.execute(TestSuiteExecutor.java:91)
	at com.kms.katalon.core.main.TestCaseMain.startTestSuite(TestCaseMain.java:157)
	at com.kms.katalon.core.main.TestCaseMain$startTestSuite$0.call(Unknown Source)
	at TempTestSuite1584517683796.run(TempTestSuite1584517683796.groovy:36)
"/>
         <system-out><![CDATA[2020-03-18 14:52:40 - [TEST_CASE][FAILED] - Test Cases/NF Testing Checklist - Additional Charges: Test Cases/NF Testing Checklist - Additional Charges FAILED.
Reason:
com.kms.katalon.core.exception.StepFailedException: No option matched.
	at com.kms.katalon.core.keyword.internal.KeywordMain.stepFailed(KeywordMain.groovy:39)
	at com.kms.katalon.core.keyword.internal.KeywordMain.stepFailed(KeywordMain.groovy)
	at com.kms.katalon.core.keyword.internal.KeywordMain.stepFailed(KeywordMain.groovy:23)
	at com.kms.katalon.core.webui.keyword.builtin.SelectOptionByValueKeyword$_selectOptionByValue_closure1.doCall(SelectOptionByValueKeyword.groovy:92)
	at com.kms.katalon.core.webui.keyword.builtin.SelectOptionByValueKeyword$_selectOptionByValue_closure1.call(SelectOptionByValueKeyword.groovy)
	at com.kms.katalon.core.webui.keyword.internal.WebUIKeywordMain.runKeyword(WebUIKeywordMain.groovy:20)
	at com.kms.katalon.core.webui.keyword.builtin.SelectOptionByValueKeyword.selectOptionByValue(SelectOptionByValueKeyword.groovy:99)
	at com.kms.katalon.core.webui.keyword.builtin.SelectOptionByValueKeyword.execute(SelectOptionByValueKeyword.groovy:71)
	at com.kms.katalon.core.keyword.internal.KeywordExecutor.executeKeywordForPlatform(KeywordExecutor.groovy:72)
	at com.kms.katalon.core.webui.keyword.WebUiBuiltInKeywords.selectOptionByValue(WebUiBuiltInKeywords.groovy:1164)
	at com.kms.katalon.core.webui.keyword.WebUiBuiltInKeywords$selectOptionByValue$4.call(Unknown Source)
	at NF Testing Checklist - Additional Charges.run(NF Testing Checklist - Additional Charges:60)
	at com.kms.katalon.core.main.ScriptEngine.run(ScriptEngine.java:194)
	at com.kms.katalon.core.main.ScriptEngine.runScriptAsRawText(ScriptEngine.java:119)
	at com.kms.katalon.core.main.TestCaseExecutor.runScript(TestCaseExecutor.java:337)
	at com.kms.katalon.core.main.TestCaseExecutor.doExecute(TestCaseExecutor.java:328)
	at com.kms.katalon.core.main.TestCaseExecutor.processExecutionPhase(TestCaseExecutor.java:307)
	at com.kms.katalon.core.main.TestCaseExecutor.accessMainPhase(TestCaseExecutor.java:299)
	at com.kms.katalon.core.main.TestCaseExecutor.execute(TestCaseExecutor.java:233)
	at com.kms.katalon.core.main.TestSuiteExecutor.accessTestCaseMainPhase(TestSuiteExecutor.java:169)
	at com.kms.katalon.core.main.TestSuiteExecutor.accessTestSuiteMainPhase(TestSuiteExecutor.java:142)
	at com.kms.katalon.core.main.TestSuiteExecutor.execute(TestSuiteExecutor.java:91)
	at com.kms.katalon.core.main.TestCaseMain.startTestSuite(TestCaseMain.java:157)
	at com.kms.katalon.core.main.TestCaseMain$startTestSuite$0.call(Unknown Source)
	at TempTestSuite1584517683796.run(TempTestSuite1584517683796.groovy:36)


2020-03-18 14:52:40 - [TEST_STEP][PASSED] - click(findTestObject("Object Repository/New Subscription/Page_Add New Subscription - PraisindoSIARUI/input_Additional Charges_Charges")): Object: 'Object Repository/New Subscription/Page_Add New Subscription - PraisindoSIARUI/input_Additional Charges_Charges' is clicked on

2020-03-18 14:52:42 - [MESSAGE][PASSED] - Object: 'Object Repository/New Subscription/Page_Add New Subscription - PraisindoSIARUI/input_Additional Charges_Charges' is clicked on

2020-03-18 14:52:42 - [TEST_STEP][PASSED] - setText(findTestObject("New Subscription/Page_Add New Subscription - PraisindoSIARUI/input_Additional Charges_Charges"), ParamAdditionalCharges): Text '189.9898988998999' is set on object 'Object Repository/New Subscription/Page_Add New Subscription - PraisindoSIARUI/input_Additional Charges_Charges'

2020-03-18 14:52:44 - [MESSAGE][PASSED] - Text '189.9898988998999' is set on object 'Object Repository/New Subscription/Page_Add New Subscription - PraisindoSIARUI/input_Additional Charges_Charges'

2020-03-18 14:52:44 - [TEST_STEP][PASSED] - selectOptionByValue(findTestObject("Object Repository/New Subscription/Page_Add New Subscription - PraisindoSIARUI/select_Select Method                       _3f9a88"), "TRS", true): All options with value 'TRS' are selected in object 'Object Repository/New Subscription/Page_Add New Subscription - PraisindoSIARUI/select_Select Method                       _3f9a88'  using regular expression

2020-03-18 14:52:45 - [MESSAGE][PASSED] - All options with value 'TRS' are selected in object 'Object Repository/New Subscription/Page_Add New Subscription - PraisindoSIARUI/select_Select Method                       _3f9a88'  using regular expression

2020-03-18 14:52:45 - [TEST_STEP][PASSED] - selectOptionByValue(findTestObject("Object Repository/New Subscription/Page_Add New Subscription - PraisindoSIARUI/select_Select Method                       _3f9a88"), "RTG", true): All options with value 'RTG' are selected in object 'Object Repository/New Subscription/Page_Add New Subscription - PraisindoSIARUI/select_Select Method                       _3f9a88'  using regular expression

2020-03-18 14:52:48 - [MESSAGE][PASSED] - All options with value 'RTG' are selected in object 'Object Repository/New Subscription/Page_Add New Subscription - PraisindoSIARUI/select_Select Method                       _3f9a88'  using regular expression

2020-03-18 14:52:48 - [TEST_STEP][PASSED] - selectOptionByValue(findTestObject("Object Repository/New Subscription/Page_Add New Subscription - PraisindoSIARUI/select_Select Method                       _3f9a88"), "N/A", true): All options with value 'N/A' are selected in object 'Object Repository/New Subscription/Page_Add New Subscription - PraisindoSIARUI/select_Select Method                       _3f9a88'  using regular expression

2020-03-18 14:52:49 - [MESSAGE][PASSED] - All options with value 'N/A' are selected in object 'Object Repository/New Subscription/Page_Add New Subscription - PraisindoSIARUI/select_Select Method                       _3f9a88'  using regular expression

2020-03-18 14:52:49 - [TEST_STEP][PASSED] - selectOptionByValue(findTestObject("Object Repository/New Subscription/Page_Add New Subscription - PraisindoSIARUI/select_Select Method                       _3f9a88"), "CAS", true): All options with value 'CAS' are selected in object 'Object Repository/New Subscription/Page_Add New Subscription - PraisindoSIARUI/select_Select Method                       _3f9a88'  using regular expression

2020-03-18 14:52:51 - [MESSAGE][PASSED] - All options with value 'CAS' are selected in object 'Object Repository/New Subscription/Page_Add New Subscription - PraisindoSIARUI/select_Select Method                       _3f9a88'  using regular expression

2020-03-18 14:52:51 - [TEST_STEP][PASSED] - selectOptionByValue(findTestObject("Object Repository/New Subscription/Page_Add New Subscription - PraisindoSIARUI/select_Select Method                       _3f9a88"), "DIV", true): All options with value 'DIV' are selected in object 'Object Repository/New Subscription/Page_Add New Subscription - PraisindoSIARUI/select_Select Method                       _3f9a88'  using regular expression

2020-03-18 14:52:53 - [MESSAGE][PASSED] - All options with value 'DIV' are selected in object 'Object Repository/New Subscription/Page_Add New Subscription - PraisindoSIARUI/select_Select Method                       _3f9a88'  using regular expression

2020-03-18 14:52:53 - [TEST_STEP][PASSED] - selectOptionByValue(findTestObject("Object Repository/New Subscription/Page_Add New Subscription - PraisindoSIARUI/select_Select Method                       _3f9a88"), "CLR", true): All options with value 'CLR' are selected in object 'Object Repository/New Subscription/Page_Add New Subscription - PraisindoSIARUI/select_Select Method                       _3f9a88'  using regular expression

2020-03-18 14:52:55 - [MESSAGE][PASSED] - All options with value 'CLR' are selected in object 'Object Repository/New Subscription/Page_Add New Subscription - PraisindoSIARUI/select_Select Method                       _3f9a88'  using regular expression

2020-03-18 14:52:55 - [TEST_STEP][PASSED] - selectOptionByValue(findTestObject("Object Repository/New Subscription/Page_Add New Subscription - PraisindoSIARUI/select_Select Method                       _3f9a88"), "TRS", true): All options with value 'TRS' are selected in object 'Object Repository/New Subscription/Page_Add New Subscription - PraisindoSIARUI/select_Select Method                       _3f9a88'  using regular expression

2020-03-18 14:52:57 - [MESSAGE][PASSED] - All options with value 'TRS' are selected in object 'Object Repository/New Subscription/Page_Add New Subscription - PraisindoSIARUI/select_Select Method                       _3f9a88'  using regular expression

2020-03-18 14:52:57 - [TEST_STEP][PASSED] - selectOptionByValue(findTestObject("Object Repository/New Subscription/Page_Add New Subscription - PraisindoSIARUI/select_ANDARU - BANK CENTRAL ASIA Kantor Pu_394f5d"), "90902121", true): All options with value '90902121' are selected in object 'Object Repository/New Subscription/Page_Add New Subscription - PraisindoSIARUI/select_ANDARU - BANK CENTRAL ASIA Kantor Pu_394f5d'  using regular expression

2020-03-18 14:52:59 - [MESSAGE][PASSED] - All options with value '90902121' are selected in object 'Object Repository/New Subscription/Page_Add New Subscription - PraisindoSIARUI/select_ANDARU - BANK CENTRAL ASIA Kantor Pu_394f5d'  using regular expression

2020-03-18 14:52:59 - [TEST_STEP][PASSED] - selectOptionByValue(findTestObject("Object Repository/New Subscription/Page_Add New Subscription - PraisindoSIARUI/select_ANDARU - BANK CENTRAL ASIA Kantor Pu_394f5d"), "1201314", true): All options with value '1201314' are selected in object 'Object Repository/New Subscription/Page_Add New Subscription - PraisindoSIARUI/select_ANDARU - BANK CENTRAL ASIA Kantor Pu_394f5d'  using regular expression

2020-03-18 14:53:02 - [MESSAGE][PASSED] - All options with value '1201314' are selected in object 'Object Repository/New Subscription/Page_Add New Subscription - PraisindoSIARUI/select_ANDARU - BANK CENTRAL ASIA Kantor Pu_394f5d'  using regular expression

2020-03-18 14:53:02 - [TEST_STEP][PASSED] - selectOptionByValue(findTestObject("Object Repository/New Subscription/Page_Add New Subscription - PraisindoSIARUI/select_ANDARU - BANK CENTRAL ASIA Kantor Pu_394f5d"), "3371658978", true): All options with value '3371658978' are selected in object 'Object Repository/New Subscription/Page_Add New Subscription - PraisindoSIARUI/select_ANDARU - BANK CENTRAL ASIA Kantor Pu_394f5d'  using regular expression

2020-03-18 14:53:04 - [MESSAGE][PASSED] - All options with value '3371658978' are selected in object 'Object Repository/New Subscription/Page_Add New Subscription - PraisindoSIARUI/select_ANDARU - BANK CENTRAL ASIA Kantor Pu_394f5d'  using regular expression

2020-03-18 14:53:04 - [TEST_STEP][PASSED] - selectOptionByValue(findTestObject("Object Repository/New Subscription/Page_Add New Subscription - PraisindoSIARUI/select_ANDARU - BANK CENTRAL ASIA Kantor Pu_394f5d"), "7667381", true): All options with value '7667381' are selected in object 'Object Repository/New Subscription/Page_Add New Subscription - PraisindoSIARUI/select_ANDARU - BANK CENTRAL ASIA Kantor Pu_394f5d'  using regular expression

2020-03-18 14:53:05 - [MESSAGE][PASSED] - All options with value '7667381' are selected in object 'Object Repository/New Subscription/Page_Add New Subscription - PraisindoSIARUI/select_ANDARU - BANK CENTRAL ASIA Kantor Pu_394f5d'  using regular expression

2020-03-18 14:53:05 - [TEST_STEP][PASSED] - selectOptionByValue(findTestObject("Object Repository/New Subscription/Page_Add New Subscription - PraisindoSIARUI/select_ANDARU - BANK CENTRAL ASIA Kantor Pu_394f5d"), "8748758475841", true): All options with value '8748758475841' are selected in object 'Object Repository/New Subscription/Page_Add New Subscription - PraisindoSIARUI/select_ANDARU - BANK CENTRAL ASIA Kantor Pu_394f5d'  using regular expression

2020-03-18 14:53:07 - [MESSAGE][PASSED] - All options with value '8748758475841' are selected in object 'Object Repository/New Subscription/Page_Add New Subscription - PraisindoSIARUI/select_ANDARU - BANK CENTRAL ASIA Kantor Pu_394f5d'  using regular expression

2020-03-18 14:53:07 - [TEST_STEP][FAILED] - selectOptionByValue(findTestObject("Object Repository/New Subscription/Page_Add New Subscription - PraisindoSIARUI/select_ADEN - Standard Chartered Bank Stand_f7fd79"), "1438", true): No option matched.

2020-03-18 14:53:08 - [MESSAGE][FAILED] - No option matched.

2020-03-18 14:53:08 - [TEST_STEP][PASSED] - setText(findTestObject("Object Repository/New Subscription/Page_Add New Subscription - PraisindoSIARUI/textarea_Remark_Remarks"), "Testing Checklist with Katalon"): Text 'Testing Checklist with Katalon' is set on object 'Object Repository/New Subscription/Page_Add New Subscription - PraisindoSIARUI/textarea_Remark_Remarks'

2020-03-18 14:53:11 - [MESSAGE][PASSED] - Text 'Testing Checklist with Katalon' is set on object 'Object Repository/New Subscription/Page_Add New Subscription - PraisindoSIARUI/textarea_Remark_Remarks'

2020-03-18 14:53:11 - [TEST_STEP][PASSED] - click(findTestObject("Object Repository/New Subscription/Page_Add New Subscription - PraisindoSIARUI/button_Save to Draft")): Object: 'Object Repository/New Subscription/Page_Add New Subscription - PraisindoSIARUI/button_Save to Draft' is clicked on

2020-03-18 14:53:12 - [MESSAGE][PASSED] - Object: 'Object Repository/New Subscription/Page_Add New Subscription - PraisindoSIARUI/button_Save to Draft' is clicked on]]></system-out>
         <system-err><![CDATA[2020-03-18 14:52:40 - [TEST_CASE][FAILED] - Test Cases/NF Testing Checklist - Additional Charges: Test Cases/NF Testing Checklist - Additional Charges FAILED.
Reason:
com.kms.katalon.core.exception.StepFailedException: No option matched.
	at com.kms.katalon.core.keyword.internal.KeywordMain.stepFailed(KeywordMain.groovy:39)
	at com.kms.katalon.core.keyword.internal.KeywordMain.stepFailed(KeywordMain.groovy)
	at com.kms.katalon.core.keyword.internal.KeywordMain.stepFailed(KeywordMain.groovy:23)
	at com.kms.katalon.core.webui.keyword.builtin.SelectOptionByValueKeyword$_selectOptionByValue_closure1.doCall(SelectOptionByValueKeyword.groovy:92)
	at com.kms.katalon.core.webui.keyword.builtin.SelectOptionByValueKeyword$_selectOptionByValue_closure1.call(SelectOptionByValueKeyword.groovy)
	at com.kms.katalon.core.webui.keyword.internal.WebUIKeywordMain.runKeyword(WebUIKeywordMain.groovy:20)
	at com.kms.katalon.core.webui.keyword.builtin.SelectOptionByValueKeyword.selectOptionByValue(SelectOptionByValueKeyword.groovy:99)
	at com.kms.katalon.core.webui.keyword.builtin.SelectOptionByValueKeyword.execute(SelectOptionByValueKeyword.groovy:71)
	at com.kms.katalon.core.keyword.internal.KeywordExecutor.executeKeywordForPlatform(KeywordExecutor.groovy:72)
	at com.kms.katalon.core.webui.keyword.WebUiBuiltInKeywords.selectOptionByValue(WebUiBuiltInKeywords.groovy:1164)
	at com.kms.katalon.core.webui.keyword.WebUiBuiltInKeywords$selectOptionByValue$4.call(Unknown Source)
	at NF Testing Checklist - Additional Charges.run(NF Testing Checklist - Additional Charges:60)
	at com.kms.katalon.core.main.ScriptEngine.run(ScriptEngine.java:194)
	at com.kms.katalon.core.main.ScriptEngine.runScriptAsRawText(ScriptEngine.java:119)
	at com.kms.katalon.core.main.TestCaseExecutor.runScript(TestCaseExecutor.java:337)
	at com.kms.katalon.core.main.TestCaseExecutor.doExecute(TestCaseExecutor.java:328)
	at com.kms.katalon.core.main.TestCaseExecutor.processExecutionPhase(TestCaseExecutor.java:307)
	at com.kms.katalon.core.main.TestCaseExecutor.accessMainPhase(TestCaseExecutor.java:299)
	at com.kms.katalon.core.main.TestCaseExecutor.execute(TestCaseExecutor.java:233)
	at com.kms.katalon.core.main.TestSuiteExecutor.accessTestCaseMainPhase(TestSuiteExecutor.java:169)
	at com.kms.katalon.core.main.TestSuiteExecutor.accessTestSuiteMainPhase(TestSuiteExecutor.java:142)
	at com.kms.katalon.core.main.TestSuiteExecutor.execute(TestSuiteExecutor.java:91)
	at com.kms.katalon.core.main.TestCaseMain.startTestSuite(TestCaseMain.java:157)
	at com.kms.katalon.core.main.TestCaseMain$startTestSuite$0.call(Unknown Source)
	at TempTestSuite1584517683796.run(TempTestSuite1584517683796.groovy:36)]]></system-err>
      </testcase>
      <testcase name="Test Cases/NF Testing Checklist - Additional Charges" time="31.693" classname="Test Cases/NF Testing Checklist - Additional Charges" status="FAILED">
         <failure type="FAILED" message="Test Cases/NF Testing Checklist - Additional Charges FAILED.
Reason:
com.kms.katalon.core.exception.StepFailedException: No option matched.
	at com.kms.katalon.core.keyword.internal.KeywordMain.stepFailed(KeywordMain.groovy:39)
	at com.kms.katalon.core.keyword.internal.KeywordMain.stepFailed(KeywordMain.groovy)
	at com.kms.katalon.core.keyword.internal.KeywordMain.stepFailed(KeywordMain.groovy:23)
	at com.kms.katalon.core.webui.keyword.builtin.SelectOptionByValueKeyword$_selectOptionByValue_closure1.doCall(SelectOptionByValueKeyword.groovy:92)
	at com.kms.katalon.core.webui.keyword.builtin.SelectOptionByValueKeyword$_selectOptionByValue_closure1.call(SelectOptionByValueKeyword.groovy)
	at com.kms.katalon.core.webui.keyword.internal.WebUIKeywordMain.runKeyword(WebUIKeywordMain.groovy:20)
	at com.kms.katalon.core.webui.keyword.builtin.SelectOptionByValueKeyword.selectOptionByValue(SelectOptionByValueKeyword.groovy:99)
	at com.kms.katalon.core.webui.keyword.builtin.SelectOptionByValueKeyword.execute(SelectOptionByValueKeyword.groovy:71)
	at com.kms.katalon.core.keyword.internal.KeywordExecutor.executeKeywordForPlatform(KeywordExecutor.groovy:72)
	at com.kms.katalon.core.webui.keyword.WebUiBuiltInKeywords.selectOptionByValue(WebUiBuiltInKeywords.groovy:1164)
	at com.kms.katalon.core.webui.keyword.WebUiBuiltInKeywords$selectOptionByValue$4.call(Unknown Source)
	at NF Testing Checklist - Additional Charges.run(NF Testing Checklist - Additional Charges:60)
	at com.kms.katalon.core.main.ScriptEngine.run(ScriptEngine.java:194)
	at com.kms.katalon.core.main.ScriptEngine.runScriptAsRawText(ScriptEngine.java:119)
	at com.kms.katalon.core.main.TestCaseExecutor.runScript(TestCaseExecutor.java:337)
	at com.kms.katalon.core.main.TestCaseExecutor.doExecute(TestCaseExecutor.java:328)
	at com.kms.katalon.core.main.TestCaseExecutor.processExecutionPhase(TestCaseExecutor.java:307)
	at com.kms.katalon.core.main.TestCaseExecutor.accessMainPhase(TestCaseExecutor.java:299)
	at com.kms.katalon.core.main.TestCaseExecutor.execute(TestCaseExecutor.java:233)
	at com.kms.katalon.core.main.TestSuiteExecutor.accessTestCaseMainPhase(TestSuiteExecutor.java:169)
	at com.kms.katalon.core.main.TestSuiteExecutor.accessTestSuiteMainPhase(TestSuiteExecutor.java:142)
	at com.kms.katalon.core.main.TestSuiteExecutor.execute(TestSuiteExecutor.java:91)
	at com.kms.katalon.core.main.TestCaseMain.startTestSuite(TestCaseMain.java:157)
	at com.kms.katalon.core.main.TestCaseMain$startTestSuite$0.call(Unknown Source)
	at TempTestSuite1584517683796.run(TempTestSuite1584517683796.groovy:36)
"/>
         <system-out><![CDATA[2020-03-18 14:53:12 - [TEST_CASE][FAILED] - Test Cases/NF Testing Checklist - Additional Charges: Test Cases/NF Testing Checklist - Additional Charges FAILED.
Reason:
com.kms.katalon.core.exception.StepFailedException: No option matched.
	at com.kms.katalon.core.keyword.internal.KeywordMain.stepFailed(KeywordMain.groovy:39)
	at com.kms.katalon.core.keyword.internal.KeywordMain.stepFailed(KeywordMain.groovy)
	at com.kms.katalon.core.keyword.internal.KeywordMain.stepFailed(KeywordMain.groovy:23)
	at com.kms.katalon.core.webui.keyword.builtin.SelectOptionByValueKeyword$_selectOptionByValue_closure1.doCall(SelectOptionByValueKeyword.groovy:92)
	at com.kms.katalon.core.webui.keyword.builtin.SelectOptionByValueKeyword$_selectOptionByValue_closure1.call(SelectOptionByValueKeyword.groovy)
	at com.kms.katalon.core.webui.keyword.internal.WebUIKeywordMain.runKeyword(WebUIKeywordMain.groovy:20)
	at com.kms.katalon.core.webui.keyword.builtin.SelectOptionByValueKeyword.selectOptionByValue(SelectOptionByValueKeyword.groovy:99)
	at com.kms.katalon.core.webui.keyword.builtin.SelectOptionByValueKeyword.execute(SelectOptionByValueKeyword.groovy:71)
	at com.kms.katalon.core.keyword.internal.KeywordExecutor.executeKeywordForPlatform(KeywordExecutor.groovy:72)
	at com.kms.katalon.core.webui.keyword.WebUiBuiltInKeywords.selectOptionByValue(WebUiBuiltInKeywords.groovy:1164)
	at com.kms.katalon.core.webui.keyword.WebUiBuiltInKeywords$selectOptionByValue$4.call(Unknown Source)
	at NF Testing Checklist - Additional Charges.run(NF Testing Checklist - Additional Charges:60)
	at com.kms.katalon.core.main.ScriptEngine.run(ScriptEngine.java:194)
	at com.kms.katalon.core.main.ScriptEngine.runScriptAsRawText(ScriptEngine.java:119)
	at com.kms.katalon.core.main.TestCaseExecutor.runScript(TestCaseExecutor.java:337)
	at com.kms.katalon.core.main.TestCaseExecutor.doExecute(TestCaseExecutor.java:328)
	at com.kms.katalon.core.main.TestCaseExecutor.processExecutionPhase(TestCaseExecutor.java:307)
	at com.kms.katalon.core.main.TestCaseExecutor.accessMainPhase(TestCaseExecutor.java:299)
	at com.kms.katalon.core.main.TestCaseExecutor.execute(TestCaseExecutor.java:233)
	at com.kms.katalon.core.main.TestSuiteExecutor.accessTestCaseMainPhase(TestSuiteExecutor.java:169)
	at com.kms.katalon.core.main.TestSuiteExecutor.accessTestSuiteMainPhase(TestSuiteExecutor.java:142)
	at com.kms.katalon.core.main.TestSuiteExecutor.execute(TestSuiteExecutor.java:91)
	at com.kms.katalon.core.main.TestCaseMain.startTestSuite(TestCaseMain.java:157)
	at com.kms.katalon.core.main.TestCaseMain$startTestSuite$0.call(Unknown Source)
	at TempTestSuite1584517683796.run(TempTestSuite1584517683796.groovy:36)


2020-03-18 14:53:12 - [TEST_STEP][PASSED] - click(findTestObject("Object Repository/New Subscription/Page_Add New Subscription - PraisindoSIARUI/input_Additional Charges_Charges")): Object: 'Object Repository/New Subscription/Page_Add New Subscription - PraisindoSIARUI/input_Additional Charges_Charges' is clicked on

2020-03-18 14:53:13 - [MESSAGE][PASSED] - Object: 'Object Repository/New Subscription/Page_Add New Subscription - PraisindoSIARUI/input_Additional Charges_Charges' is clicked on

2020-03-18 14:53:13 - [TEST_STEP][PASSED] - setText(findTestObject("New Subscription/Page_Add New Subscription - PraisindoSIARUI/input_Additional Charges_Charges"), ParamAdditionalCharges): Text '~!@#$%^&*_ -+=’|\(){}[]:;”’<>,.?/; ?' is set on object 'Object Repository/New Subscription/Page_Add New Subscription - PraisindoSIARUI/input_Additional Charges_Charges'

2020-03-18 14:53:16 - [MESSAGE][PASSED] - Text '~!@#$%^&*_ -+=’|\(){}[]:;”’<>,.?/; ?' is set on object 'Object Repository/New Subscription/Page_Add New Subscription - PraisindoSIARUI/input_Additional Charges_Charges'

2020-03-18 14:53:16 - [TEST_STEP][PASSED] - selectOptionByValue(findTestObject("Object Repository/New Subscription/Page_Add New Subscription - PraisindoSIARUI/select_Select Method                       _3f9a88"), "TRS", true): All options with value 'TRS' are selected in object 'Object Repository/New Subscription/Page_Add New Subscription - PraisindoSIARUI/select_Select Method                       _3f9a88'  using regular expression

2020-03-18 14:53:17 - [MESSAGE][PASSED] - All options with value 'TRS' are selected in object 'Object Repository/New Subscription/Page_Add New Subscription - PraisindoSIARUI/select_Select Method                       _3f9a88'  using regular expression

2020-03-18 14:53:17 - [TEST_STEP][PASSED] - selectOptionByValue(findTestObject("Object Repository/New Subscription/Page_Add New Subscription - PraisindoSIARUI/select_Select Method                       _3f9a88"), "RTG", true): All options with value 'RTG' are selected in object 'Object Repository/New Subscription/Page_Add New Subscription - PraisindoSIARUI/select_Select Method                       _3f9a88'  using regular expression

2020-03-18 14:53:19 - [MESSAGE][PASSED] - All options with value 'RTG' are selected in object 'Object Repository/New Subscription/Page_Add New Subscription - PraisindoSIARUI/select_Select Method                       _3f9a88'  using regular expression

2020-03-18 14:53:19 - [TEST_STEP][PASSED] - selectOptionByValue(findTestObject("Object Repository/New Subscription/Page_Add New Subscription - PraisindoSIARUI/select_Select Method                       _3f9a88"), "N/A", true): All options with value 'N/A' are selected in object 'Object Repository/New Subscription/Page_Add New Subscription - PraisindoSIARUI/select_Select Method                       _3f9a88'  using regular expression

2020-03-18 14:53:21 - [MESSAGE][PASSED] - All options with value 'N/A' are selected in object 'Object Repository/New Subscription/Page_Add New Subscription - PraisindoSIARUI/select_Select Method                       _3f9a88'  using regular expression

2020-03-18 14:53:21 - [TEST_STEP][PASSED] - selectOptionByValue(findTestObject("Object Repository/New Subscription/Page_Add New Subscription - PraisindoSIARUI/select_Select Method                       _3f9a88"), "CAS", true): All options with value 'CAS' are selected in object 'Object Repository/New Subscription/Page_Add New Subscription - PraisindoSIARUI/select_Select Method                       _3f9a88'  using regular expression

2020-03-18 14:53:23 - [MESSAGE][PASSED] - All options with value 'CAS' are selected in object 'Object Repository/New Subscription/Page_Add New Subscription - PraisindoSIARUI/select_Select Method                       _3f9a88'  using regular expression

2020-03-18 14:53:23 - [TEST_STEP][PASSED] - selectOptionByValue(findTestObject("Object Repository/New Subscription/Page_Add New Subscription - PraisindoSIARUI/select_Select Method                       _3f9a88"), "DIV", true): All options with value 'DIV' are selected in object 'Object Repository/New Subscription/Page_Add New Subscription - PraisindoSIARUI/select_Select Method                       _3f9a88'  using regular expression

2020-03-18 14:53:25 - [MESSAGE][PASSED] - All options with value 'DIV' are selected in object 'Object Repository/New Subscription/Page_Add New Subscription - PraisindoSIARUI/select_Select Method                       _3f9a88'  using regular expression

2020-03-18 14:53:25 - [TEST_STEP][PASSED] - selectOptionByValue(findTestObject("Object Repository/New Subscription/Page_Add New Subscription - PraisindoSIARUI/select_Select Method                       _3f9a88"), "CLR", true): All options with value 'CLR' are selected in object 'Object Repository/New Subscription/Page_Add New Subscription - PraisindoSIARUI/select_Select Method                       _3f9a88'  using regular expression

2020-03-18 14:53:28 - [MESSAGE][PASSED] - All options with value 'CLR' are selected in object 'Object Repository/New Subscription/Page_Add New Subscription - PraisindoSIARUI/select_Select Method                       _3f9a88'  using regular expression

2020-03-18 14:53:28 - [TEST_STEP][PASSED] - selectOptionByValue(findTestObject("Object Repository/New Subscription/Page_Add New Subscription - PraisindoSIARUI/select_Select Method                       _3f9a88"), "TRS", true): All options with value 'TRS' are selected in object 'Object Repository/New Subscription/Page_Add New Subscription - PraisindoSIARUI/select_Select Method                       _3f9a88'  using regular expression

2020-03-18 14:53:29 - [MESSAGE][PASSED] - All options with value 'TRS' are selected in object 'Object Repository/New Subscription/Page_Add New Subscription - PraisindoSIARUI/select_Select Method                       _3f9a88'  using regular expression

2020-03-18 14:53:29 - [TEST_STEP][PASSED] - selectOptionByValue(findTestObject("Object Repository/New Subscription/Page_Add New Subscription - PraisindoSIARUI/select_ANDARU - BANK CENTRAL ASIA Kantor Pu_394f5d"), "90902121", true): All options with value '90902121' are selected in object 'Object Repository/New Subscription/Page_Add New Subscription - PraisindoSIARUI/select_ANDARU - BANK CENTRAL ASIA Kantor Pu_394f5d'  using regular expression

2020-03-18 14:53:31 - [MESSAGE][PASSED] - All options with value '90902121' are selected in object 'Object Repository/New Subscription/Page_Add New Subscription - PraisindoSIARUI/select_ANDARU - BANK CENTRAL ASIA Kantor Pu_394f5d'  using regular expression

2020-03-18 14:53:31 - [TEST_STEP][PASSED] - selectOptionByValue(findTestObject("Object Repository/New Subscription/Page_Add New Subscription - PraisindoSIARUI/select_ANDARU - BANK CENTRAL ASIA Kantor Pu_394f5d"), "1201314", true): All options with value '1201314' are selected in object 'Object Repository/New Subscription/Page_Add New Subscription - PraisindoSIARUI/select_ANDARU - BANK CENTRAL ASIA Kantor Pu_394f5d'  using regular expression

2020-03-18 14:53:33 - [MESSAGE][PASSED] - All options with value '1201314' are selected in object 'Object Repository/New Subscription/Page_Add New Subscription - PraisindoSIARUI/select_ANDARU - BANK CENTRAL ASIA Kantor Pu_394f5d'  using regular expression

2020-03-18 14:53:33 - [TEST_STEP][PASSED] - selectOptionByValue(findTestObject("Object Repository/New Subscription/Page_Add New Subscription - PraisindoSIARUI/select_ANDARU - BANK CENTRAL ASIA Kantor Pu_394f5d"), "3371658978", true): All options with value '3371658978' are selected in object 'Object Repository/New Subscription/Page_Add New Subscription - PraisindoSIARUI/select_ANDARU - BANK CENTRAL ASIA Kantor Pu_394f5d'  using regular expression

2020-03-18 14:53:35 - [MESSAGE][PASSED] - All options with value '3371658978' are selected in object 'Object Repository/New Subscription/Page_Add New Subscription - PraisindoSIARUI/select_ANDARU - BANK CENTRAL ASIA Kantor Pu_394f5d'  using regular expression

2020-03-18 14:53:35 - [TEST_STEP][PASSED] - selectOptionByValue(findTestObject("Object Repository/New Subscription/Page_Add New Subscription - PraisindoSIARUI/select_ANDARU - BANK CENTRAL ASIA Kantor Pu_394f5d"), "7667381", true): All options with value '7667381' are selected in object 'Object Repository/New Subscription/Page_Add New Subscription - PraisindoSIARUI/select_ANDARU - BANK CENTRAL ASIA Kantor Pu_394f5d'  using regular expression

2020-03-18 14:53:37 - [MESSAGE][PASSED] - All options with value '7667381' are selected in object 'Object Repository/New Subscription/Page_Add New Subscription - PraisindoSIARUI/select_ANDARU - BANK CENTRAL ASIA Kantor Pu_394f5d'  using regular expression

2020-03-18 14:53:37 - [TEST_STEP][PASSED] - selectOptionByValue(findTestObject("Object Repository/New Subscription/Page_Add New Subscription - PraisindoSIARUI/select_ANDARU - BANK CENTRAL ASIA Kantor Pu_394f5d"), "8748758475841", true): All options with value '8748758475841' are selected in object 'Object Repository/New Subscription/Page_Add New Subscription - PraisindoSIARUI/select_ANDARU - BANK CENTRAL ASIA Kantor Pu_394f5d'  using regular expression

2020-03-18 14:53:39 - [MESSAGE][PASSED] - All options with value '8748758475841' are selected in object 'Object Repository/New Subscription/Page_Add New Subscription - PraisindoSIARUI/select_ANDARU - BANK CENTRAL ASIA Kantor Pu_394f5d'  using regular expression

2020-03-18 14:53:39 - [TEST_STEP][FAILED] - selectOptionByValue(findTestObject("Object Repository/New Subscription/Page_Add New Subscription - PraisindoSIARUI/select_ADEN - Standard Chartered Bank Stand_f7fd79"), "1438", true): No option matched.

2020-03-18 14:53:40 - [MESSAGE][FAILED] - No option matched.

2020-03-18 14:53:40 - [TEST_STEP][PASSED] - setText(findTestObject("Object Repository/New Subscription/Page_Add New Subscription - PraisindoSIARUI/textarea_Remark_Remarks"), "Testing Checklist with Katalon"): Text 'Testing Checklist with Katalon' is set on object 'Object Repository/New Subscription/Page_Add New Subscription - PraisindoSIARUI/textarea_Remark_Remarks'

2020-03-18 14:53:42 - [MESSAGE][PASSED] - Text 'Testing Checklist with Katalon' is set on object 'Object Repository/New Subscription/Page_Add New Subscription - PraisindoSIARUI/textarea_Remark_Remarks'

2020-03-18 14:53:42 - [TEST_STEP][PASSED] - click(findTestObject("Object Repository/New Subscription/Page_Add New Subscription - PraisindoSIARUI/button_Save to Draft")): Object: 'Object Repository/New Subscription/Page_Add New Subscription - PraisindoSIARUI/button_Save to Draft' is clicked on

2020-03-18 14:53:44 - [MESSAGE][PASSED] - Object: 'Object Repository/New Subscription/Page_Add New Subscription - PraisindoSIARUI/button_Save to Draft' is clicked on]]></system-out>
         <system-err><![CDATA[2020-03-18 14:53:12 - [TEST_CASE][FAILED] - Test Cases/NF Testing Checklist - Additional Charges: Test Cases/NF Testing Checklist - Additional Charges FAILED.
Reason:
com.kms.katalon.core.exception.StepFailedException: No option matched.
	at com.kms.katalon.core.keyword.internal.KeywordMain.stepFailed(KeywordMain.groovy:39)
	at com.kms.katalon.core.keyword.internal.KeywordMain.stepFailed(KeywordMain.groovy)
	at com.kms.katalon.core.keyword.internal.KeywordMain.stepFailed(KeywordMain.groovy:23)
	at com.kms.katalon.core.webui.keyword.builtin.SelectOptionByValueKeyword$_selectOptionByValue_closure1.doCall(SelectOptionByValueKeyword.groovy:92)
	at com.kms.katalon.core.webui.keyword.builtin.SelectOptionByValueKeyword$_selectOptionByValue_closure1.call(SelectOptionByValueKeyword.groovy)
	at com.kms.katalon.core.webui.keyword.internal.WebUIKeywordMain.runKeyword(WebUIKeywordMain.groovy:20)
	at com.kms.katalon.core.webui.keyword.builtin.SelectOptionByValueKeyword.selectOptionByValue(SelectOptionByValueKeyword.groovy:99)
	at com.kms.katalon.core.webui.keyword.builtin.SelectOptionByValueKeyword.execute(SelectOptionByValueKeyword.groovy:71)
	at com.kms.katalon.core.keyword.internal.KeywordExecutor.executeKeywordForPlatform(KeywordExecutor.groovy:72)
	at com.kms.katalon.core.webui.keyword.WebUiBuiltInKeywords.selectOptionByValue(WebUiBuiltInKeywords.groovy:1164)
	at com.kms.katalon.core.webui.keyword.WebUiBuiltInKeywords$selectOptionByValue$4.call(Unknown Source)
	at NF Testing Checklist - Additional Charges.run(NF Testing Checklist - Additional Charges:60)
	at com.kms.katalon.core.main.ScriptEngine.run(ScriptEngine.java:194)
	at com.kms.katalon.core.main.ScriptEngine.runScriptAsRawText(ScriptEngine.java:119)
	at com.kms.katalon.core.main.TestCaseExecutor.runScript(TestCaseExecutor.java:337)
	at com.kms.katalon.core.main.TestCaseExecutor.doExecute(TestCaseExecutor.java:328)
	at com.kms.katalon.core.main.TestCaseExecutor.processExecutionPhase(TestCaseExecutor.java:307)
	at com.kms.katalon.core.main.TestCaseExecutor.accessMainPhase(TestCaseExecutor.java:299)
	at com.kms.katalon.core.main.TestCaseExecutor.execute(TestCaseExecutor.java:233)
	at com.kms.katalon.core.main.TestSuiteExecutor.accessTestCaseMainPhase(TestSuiteExecutor.java:169)
	at com.kms.katalon.core.main.TestSuiteExecutor.accessTestSuiteMainPhase(TestSuiteExecutor.java:142)
	at com.kms.katalon.core.main.TestSuiteExecutor.execute(TestSuiteExecutor.java:91)
	at com.kms.katalon.core.main.TestCaseMain.startTestSuite(TestCaseMain.java:157)
	at com.kms.katalon.core.main.TestCaseMain$startTestSuite$0.call(Unknown Source)
	at TempTestSuite1584517683796.run(TempTestSuite1584517683796.groovy:36)]]></system-err>
      </testcase>
      <testcase name="Test Cases/NF Testing Checklist - Additional Charges" time="31.432" classname="Test Cases/NF Testing Checklist - Additional Charges" status="FAILED">
         <failure type="FAILED" message="Test Cases/NF Testing Checklist - Additional Charges FAILED.
Reason:
com.kms.katalon.core.exception.StepFailedException: No option matched.
	at com.kms.katalon.core.keyword.internal.KeywordMain.stepFailed(KeywordMain.groovy:39)
	at com.kms.katalon.core.keyword.internal.KeywordMain.stepFailed(KeywordMain.groovy)
	at com.kms.katalon.core.keyword.internal.KeywordMain.stepFailed(KeywordMain.groovy:23)
	at com.kms.katalon.core.webui.keyword.builtin.SelectOptionByValueKeyword$_selectOptionByValue_closure1.doCall(SelectOptionByValueKeyword.groovy:92)
	at com.kms.katalon.core.webui.keyword.builtin.SelectOptionByValueKeyword$_selectOptionByValue_closure1.call(SelectOptionByValueKeyword.groovy)
	at com.kms.katalon.core.webui.keyword.internal.WebUIKeywordMain.runKeyword(WebUIKeywordMain.groovy:20)
	at com.kms.katalon.core.webui.keyword.builtin.SelectOptionByValueKeyword.selectOptionByValue(SelectOptionByValueKeyword.groovy:99)
	at com.kms.katalon.core.webui.keyword.builtin.SelectOptionByValueKeyword.execute(SelectOptionByValueKeyword.groovy:71)
	at com.kms.katalon.core.keyword.internal.KeywordExecutor.executeKeywordForPlatform(KeywordExecutor.groovy:72)
	at com.kms.katalon.core.webui.keyword.WebUiBuiltInKeywords.selectOptionByValue(WebUiBuiltInKeywords.groovy:1164)
	at com.kms.katalon.core.webui.keyword.WebUiBuiltInKeywords$selectOptionByValue$4.call(Unknown Source)
	at NF Testing Checklist - Additional Charges.run(NF Testing Checklist - Additional Charges:60)
	at com.kms.katalon.core.main.ScriptEngine.run(ScriptEngine.java:194)
	at com.kms.katalon.core.main.ScriptEngine.runScriptAsRawText(ScriptEngine.java:119)
	at com.kms.katalon.core.main.TestCaseExecutor.runScript(TestCaseExecutor.java:337)
	at com.kms.katalon.core.main.TestCaseExecutor.doExecute(TestCaseExecutor.java:328)
	at com.kms.katalon.core.main.TestCaseExecutor.processExecutionPhase(TestCaseExecutor.java:307)
	at com.kms.katalon.core.main.TestCaseExecutor.accessMainPhase(TestCaseExecutor.java:299)
	at com.kms.katalon.core.main.TestCaseExecutor.execute(TestCaseExecutor.java:233)
	at com.kms.katalon.core.main.TestSuiteExecutor.accessTestCaseMainPhase(TestSuiteExecutor.java:169)
	at com.kms.katalon.core.main.TestSuiteExecutor.accessTestSuiteMainPhase(TestSuiteExecutor.java:142)
	at com.kms.katalon.core.main.TestSuiteExecutor.execute(TestSuiteExecutor.java:91)
	at com.kms.katalon.core.main.TestCaseMain.startTestSuite(TestCaseMain.java:157)
	at com.kms.katalon.core.main.TestCaseMain$startTestSuite$0.call(Unknown Source)
	at TempTestSuite1584517683796.run(TempTestSuite1584517683796.groovy:36)
"/>
         <system-out><![CDATA[2020-03-18 14:53:44 - [TEST_CASE][FAILED] - Test Cases/NF Testing Checklist - Additional Charges: Test Cases/NF Testing Checklist - Additional Charges FAILED.
Reason:
com.kms.katalon.core.exception.StepFailedException: No option matched.
	at com.kms.katalon.core.keyword.internal.KeywordMain.stepFailed(KeywordMain.groovy:39)
	at com.kms.katalon.core.keyword.internal.KeywordMain.stepFailed(KeywordMain.groovy)
	at com.kms.katalon.core.keyword.internal.KeywordMain.stepFailed(KeywordMain.groovy:23)
	at com.kms.katalon.core.webui.keyword.builtin.SelectOptionByValueKeyword$_selectOptionByValue_closure1.doCall(SelectOptionByValueKeyword.groovy:92)
	at com.kms.katalon.core.webui.keyword.builtin.SelectOptionByValueKeyword$_selectOptionByValue_closure1.call(SelectOptionByValueKeyword.groovy)
	at com.kms.katalon.core.webui.keyword.internal.WebUIKeywordMain.runKeyword(WebUIKeywordMain.groovy:20)
	at com.kms.katalon.core.webui.keyword.builtin.SelectOptionByValueKeyword.selectOptionByValue(SelectOptionByValueKeyword.groovy:99)
	at com.kms.katalon.core.webui.keyword.builtin.SelectOptionByValueKeyword.execute(SelectOptionByValueKeyword.groovy:71)
	at com.kms.katalon.core.keyword.internal.KeywordExecutor.executeKeywordForPlatform(KeywordExecutor.groovy:72)
	at com.kms.katalon.core.webui.keyword.WebUiBuiltInKeywords.selectOptionByValue(WebUiBuiltInKeywords.groovy:1164)
	at com.kms.katalon.core.webui.keyword.WebUiBuiltInKeywords$selectOptionByValue$4.call(Unknown Source)
	at NF Testing Checklist - Additional Charges.run(NF Testing Checklist - Additional Charges:60)
	at com.kms.katalon.core.main.ScriptEngine.run(ScriptEngine.java:194)
	at com.kms.katalon.core.main.ScriptEngine.runScriptAsRawText(ScriptEngine.java:119)
	at com.kms.katalon.core.main.TestCaseExecutor.runScript(TestCaseExecutor.java:337)
	at com.kms.katalon.core.main.TestCaseExecutor.doExecute(TestCaseExecutor.java:328)
	at com.kms.katalon.core.main.TestCaseExecutor.processExecutionPhase(TestCaseExecutor.java:307)
	at com.kms.katalon.core.main.TestCaseExecutor.accessMainPhase(TestCaseExecutor.java:299)
	at com.kms.katalon.core.main.TestCaseExecutor.execute(TestCaseExecutor.java:233)
	at com.kms.katalon.core.main.TestSuiteExecutor.accessTestCaseMainPhase(TestSuiteExecutor.java:169)
	at com.kms.katalon.core.main.TestSuiteExecutor.accessTestSuiteMainPhase(TestSuiteExecutor.java:142)
	at com.kms.katalon.core.main.TestSuiteExecutor.execute(TestSuiteExecutor.java:91)
	at com.kms.katalon.core.main.TestCaseMain.startTestSuite(TestCaseMain.java:157)
	at com.kms.katalon.core.main.TestCaseMain$startTestSuite$0.call(Unknown Source)
	at TempTestSuite1584517683796.run(TempTestSuite1584517683796.groovy:36)


2020-03-18 14:53:44 - [TEST_STEP][PASSED] - click(findTestObject("Object Repository/New Subscription/Page_Add New Subscription - PraisindoSIARUI/input_Additional Charges_Charges")): Object: 'Object Repository/New Subscription/Page_Add New Subscription - PraisindoSIARUI/input_Additional Charges_Charges' is clicked on

2020-03-18 14:53:45 - [MESSAGE][PASSED] - Object: 'Object Repository/New Subscription/Page_Add New Subscription - PraisindoSIARUI/input_Additional Charges_Charges' is clicked on

2020-03-18 14:53:45 - [TEST_STEP][PASSED] - setText(findTestObject("New Subscription/Page_Add New Subscription - PraisindoSIARUI/input_Additional Charges_Charges"), ParamAdditionalCharges): Text '1000000000000000' is set on object 'Object Repository/New Subscription/Page_Add New Subscription - PraisindoSIARUI/input_Additional Charges_Charges'

2020-03-18 14:53:48 - [MESSAGE][PASSED] - Text '1000000000000000' is set on object 'Object Repository/New Subscription/Page_Add New Subscription - PraisindoSIARUI/input_Additional Charges_Charges'

2020-03-18 14:53:48 - [TEST_STEP][PASSED] - selectOptionByValue(findTestObject("Object Repository/New Subscription/Page_Add New Subscription - PraisindoSIARUI/select_Select Method                       _3f9a88"), "TRS", true): All options with value 'TRS' are selected in object 'Object Repository/New Subscription/Page_Add New Subscription - PraisindoSIARUI/select_Select Method                       _3f9a88'  using regular expression

2020-03-18 14:53:49 - [MESSAGE][PASSED] - All options with value 'TRS' are selected in object 'Object Repository/New Subscription/Page_Add New Subscription - PraisindoSIARUI/select_Select Method                       _3f9a88'  using regular expression

2020-03-18 14:53:49 - [TEST_STEP][PASSED] - selectOptionByValue(findTestObject("Object Repository/New Subscription/Page_Add New Subscription - PraisindoSIARUI/select_Select Method                       _3f9a88"), "RTG", true): All options with value 'RTG' are selected in object 'Object Repository/New Subscription/Page_Add New Subscription - PraisindoSIARUI/select_Select Method                       _3f9a88'  using regular expression

2020-03-18 14:53:51 - [MESSAGE][PASSED] - All options with value 'RTG' are selected in object 'Object Repository/New Subscription/Page_Add New Subscription - PraisindoSIARUI/select_Select Method                       _3f9a88'  using regular expression

2020-03-18 14:53:51 - [TEST_STEP][PASSED] - selectOptionByValue(findTestObject("Object Repository/New Subscription/Page_Add New Subscription - PraisindoSIARUI/select_Select Method                       _3f9a88"), "N/A", true): All options with value 'N/A' are selected in object 'Object Repository/New Subscription/Page_Add New Subscription - PraisindoSIARUI/select_Select Method                       _3f9a88'  using regular expression

2020-03-18 14:53:53 - [MESSAGE][PASSED] - All options with value 'N/A' are selected in object 'Object Repository/New Subscription/Page_Add New Subscription - PraisindoSIARUI/select_Select Method                       _3f9a88'  using regular expression

2020-03-18 14:53:53 - [TEST_STEP][PASSED] - selectOptionByValue(findTestObject("Object Repository/New Subscription/Page_Add New Subscription - PraisindoSIARUI/select_Select Method                       _3f9a88"), "CAS", true): All options with value 'CAS' are selected in object 'Object Repository/New Subscription/Page_Add New Subscription - PraisindoSIARUI/select_Select Method                       _3f9a88'  using regular expression

2020-03-18 14:53:55 - [MESSAGE][PASSED] - All options with value 'CAS' are selected in object 'Object Repository/New Subscription/Page_Add New Subscription - PraisindoSIARUI/select_Select Method                       _3f9a88'  using regular expression

2020-03-18 14:53:55 - [TEST_STEP][PASSED] - selectOptionByValue(findTestObject("Object Repository/New Subscription/Page_Add New Subscription - PraisindoSIARUI/select_Select Method                       _3f9a88"), "DIV", true): All options with value 'DIV' are selected in object 'Object Repository/New Subscription/Page_Add New Subscription - PraisindoSIARUI/select_Select Method                       _3f9a88'  using regular expression

2020-03-18 14:53:57 - [MESSAGE][PASSED] - All options with value 'DIV' are selected in object 'Object Repository/New Subscription/Page_Add New Subscription - PraisindoSIARUI/select_Select Method                       _3f9a88'  using regular expression

2020-03-18 14:53:57 - [TEST_STEP][PASSED] - selectOptionByValue(findTestObject("Object Repository/New Subscription/Page_Add New Subscription - PraisindoSIARUI/select_Select Method                       _3f9a88"), "CLR", true): All options with value 'CLR' are selected in object 'Object Repository/New Subscription/Page_Add New Subscription - PraisindoSIARUI/select_Select Method                       _3f9a88'  using regular expression

2020-03-18 14:53:59 - [MESSAGE][PASSED] - All options with value 'CLR' are selected in object 'Object Repository/New Subscription/Page_Add New Subscription - PraisindoSIARUI/select_Select Method                       _3f9a88'  using regular expression

2020-03-18 14:53:59 - [TEST_STEP][PASSED] - selectOptionByValue(findTestObject("Object Repository/New Subscription/Page_Add New Subscription - PraisindoSIARUI/select_Select Method                       _3f9a88"), "TRS", true): All options with value 'TRS' are selected in object 'Object Repository/New Subscription/Page_Add New Subscription - PraisindoSIARUI/select_Select Method                       _3f9a88'  using regular expression

2020-03-18 14:54:01 - [MESSAGE][PASSED] - All options with value 'TRS' are selected in object 'Object Repository/New Subscription/Page_Add New Subscription - PraisindoSIARUI/select_Select Method                       _3f9a88'  using regular expression

2020-03-18 14:54:01 - [TEST_STEP][PASSED] - selectOptionByValue(findTestObject("Object Repository/New Subscription/Page_Add New Subscription - PraisindoSIARUI/select_ANDARU - BANK CENTRAL ASIA Kantor Pu_394f5d"), "90902121", true): All options with value '90902121' are selected in object 'Object Repository/New Subscription/Page_Add New Subscription - PraisindoSIARUI/select_ANDARU - BANK CENTRAL ASIA Kantor Pu_394f5d'  using regular expression

2020-03-18 14:54:03 - [MESSAGE][PASSED] - All options with value '90902121' are selected in object 'Object Repository/New Subscription/Page_Add New Subscription - PraisindoSIARUI/select_ANDARU - BANK CENTRAL ASIA Kantor Pu_394f5d'  using regular expression

2020-03-18 14:54:03 - [TEST_STEP][PASSED] - selectOptionByValue(findTestObject("Object Repository/New Subscription/Page_Add New Subscription - PraisindoSIARUI/select_ANDARU - BANK CENTRAL ASIA Kantor Pu_394f5d"), "1201314", true): All options with value '1201314' are selected in object 'Object Repository/New Subscription/Page_Add New Subscription - PraisindoSIARUI/select_ANDARU - BANK CENTRAL ASIA Kantor Pu_394f5d'  using regular expression

2020-03-18 14:54:05 - [MESSAGE][PASSED] - All options with value '1201314' are selected in object 'Object Repository/New Subscription/Page_Add New Subscription - PraisindoSIARUI/select_ANDARU - BANK CENTRAL ASIA Kantor Pu_394f5d'  using regular expression

2020-03-18 14:54:05 - [TEST_STEP][PASSED] - selectOptionByValue(findTestObject("Object Repository/New Subscription/Page_Add New Subscription - PraisindoSIARUI/select_ANDARU - BANK CENTRAL ASIA Kantor Pu_394f5d"), "3371658978", true): All options with value '3371658978' are selected in object 'Object Repository/New Subscription/Page_Add New Subscription - PraisindoSIARUI/select_ANDARU - BANK CENTRAL ASIA Kantor Pu_394f5d'  using regular expression

2020-03-18 14:54:07 - [MESSAGE][PASSED] - All options with value '3371658978' are selected in object 'Object Repository/New Subscription/Page_Add New Subscription - PraisindoSIARUI/select_ANDARU - BANK CENTRAL ASIA Kantor Pu_394f5d'  using regular expression

2020-03-18 14:54:07 - [TEST_STEP][PASSED] - selectOptionByValue(findTestObject("Object Repository/New Subscription/Page_Add New Subscription - PraisindoSIARUI/select_ANDARU - BANK CENTRAL ASIA Kantor Pu_394f5d"), "7667381", true): All options with value '7667381' are selected in object 'Object Repository/New Subscription/Page_Add New Subscription - PraisindoSIARUI/select_ANDARU - BANK CENTRAL ASIA Kantor Pu_394f5d'  using regular expression

2020-03-18 14:54:09 - [MESSAGE][PASSED] - All options with value '7667381' are selected in object 'Object Repository/New Subscription/Page_Add New Subscription - PraisindoSIARUI/select_ANDARU - BANK CENTRAL ASIA Kantor Pu_394f5d'  using regular expression

2020-03-18 14:54:09 - [TEST_STEP][PASSED] - selectOptionByValue(findTestObject("Object Repository/New Subscription/Page_Add New Subscription - PraisindoSIARUI/select_ANDARU - BANK CENTRAL ASIA Kantor Pu_394f5d"), "8748758475841", true): All options with value '8748758475841' are selected in object 'Object Repository/New Subscription/Page_Add New Subscription - PraisindoSIARUI/select_ANDARU - BANK CENTRAL ASIA Kantor Pu_394f5d'  using regular expression

2020-03-18 14:54:11 - [MESSAGE][PASSED] - All options with value '8748758475841' are selected in object 'Object Repository/New Subscription/Page_Add New Subscription - PraisindoSIARUI/select_ANDARU - BANK CENTRAL ASIA Kantor Pu_394f5d'  using regular expression

2020-03-18 14:54:11 - [TEST_STEP][FAILED] - selectOptionByValue(findTestObject("Object Repository/New Subscription/Page_Add New Subscription - PraisindoSIARUI/select_ADEN - Standard Chartered Bank Stand_f7fd79"), "1438", true): No option matched.

2020-03-18 14:54:11 - [MESSAGE][FAILED] - No option matched.

2020-03-18 14:54:11 - [TEST_STEP][PASSED] - setText(findTestObject("Object Repository/New Subscription/Page_Add New Subscription - PraisindoSIARUI/textarea_Remark_Remarks"), "Testing Checklist with Katalon"): Text 'Testing Checklist with Katalon' is set on object 'Object Repository/New Subscription/Page_Add New Subscription - PraisindoSIARUI/textarea_Remark_Remarks'

2020-03-18 14:54:14 - [MESSAGE][PASSED] - Text 'Testing Checklist with Katalon' is set on object 'Object Repository/New Subscription/Page_Add New Subscription - PraisindoSIARUI/textarea_Remark_Remarks'

2020-03-18 14:54:14 - [TEST_STEP][PASSED] - click(findTestObject("Object Repository/New Subscription/Page_Add New Subscription - PraisindoSIARUI/button_Save to Draft")): Object: 'Object Repository/New Subscription/Page_Add New Subscription - PraisindoSIARUI/button_Save to Draft' is clicked on

2020-03-18 14:54:15 - [MESSAGE][PASSED] - Object: 'Object Repository/New Subscription/Page_Add New Subscription - PraisindoSIARUI/button_Save to Draft' is clicked on]]></system-out>
         <system-err><![CDATA[2020-03-18 14:53:44 - [TEST_CASE][FAILED] - Test Cases/NF Testing Checklist - Additional Charges: Test Cases/NF Testing Checklist - Additional Charges FAILED.
Reason:
com.kms.katalon.core.exception.StepFailedException: No option matched.
	at com.kms.katalon.core.keyword.internal.KeywordMain.stepFailed(KeywordMain.groovy:39)
	at com.kms.katalon.core.keyword.internal.KeywordMain.stepFailed(KeywordMain.groovy)
	at com.kms.katalon.core.keyword.internal.KeywordMain.stepFailed(KeywordMain.groovy:23)
	at com.kms.katalon.core.webui.keyword.builtin.SelectOptionByValueKeyword$_selectOptionByValue_closure1.doCall(SelectOptionByValueKeyword.groovy:92)
	at com.kms.katalon.core.webui.keyword.builtin.SelectOptionByValueKeyword$_selectOptionByValue_closure1.call(SelectOptionByValueKeyword.groovy)
	at com.kms.katalon.core.webui.keyword.internal.WebUIKeywordMain.runKeyword(WebUIKeywordMain.groovy:20)
	at com.kms.katalon.core.webui.keyword.builtin.SelectOptionByValueKeyword.selectOptionByValue(SelectOptionByValueKeyword.groovy:99)
	at com.kms.katalon.core.webui.keyword.builtin.SelectOptionByValueKeyword.execute(SelectOptionByValueKeyword.groovy:71)
	at com.kms.katalon.core.keyword.internal.KeywordExecutor.executeKeywordForPlatform(KeywordExecutor.groovy:72)
	at com.kms.katalon.core.webui.keyword.WebUiBuiltInKeywords.selectOptionByValue(WebUiBuiltInKeywords.groovy:1164)
	at com.kms.katalon.core.webui.keyword.WebUiBuiltInKeywords$selectOptionByValue$4.call(Unknown Source)
	at NF Testing Checklist - Additional Charges.run(NF Testing Checklist - Additional Charges:60)
	at com.kms.katalon.core.main.ScriptEngine.run(ScriptEngine.java:194)
	at com.kms.katalon.core.main.ScriptEngine.runScriptAsRawText(ScriptEngine.java:119)
	at com.kms.katalon.core.main.TestCaseExecutor.runScript(TestCaseExecutor.java:337)
	at com.kms.katalon.core.main.TestCaseExecutor.doExecute(TestCaseExecutor.java:328)
	at com.kms.katalon.core.main.TestCaseExecutor.processExecutionPhase(TestCaseExecutor.java:307)
	at com.kms.katalon.core.main.TestCaseExecutor.accessMainPhase(TestCaseExecutor.java:299)
	at com.kms.katalon.core.main.TestCaseExecutor.execute(TestCaseExecutor.java:233)
	at com.kms.katalon.core.main.TestSuiteExecutor.accessTestCaseMainPhase(TestSuiteExecutor.java:169)
	at com.kms.katalon.core.main.TestSuiteExecutor.accessTestSuiteMainPhase(TestSuiteExecutor.java:142)
	at com.kms.katalon.core.main.TestSuiteExecutor.execute(TestSuiteExecutor.java:91)
	at com.kms.katalon.core.main.TestCaseMain.startTestSuite(TestCaseMain.java:157)
	at com.kms.katalon.core.main.TestCaseMain$startTestSuite$0.call(Unknown Source)
	at TempTestSuite1584517683796.run(TempTestSuite1584517683796.groovy:36)]]></system-err>
      </testcase>
      <testcase name="Test Cases/NF Testing Checklist - Additional Charges" time="31.284" classname="Test Cases/NF Testing Checklist - Additional Charges" status="FAILED">
         <failure type="FAILED" message="Test Cases/NF Testing Checklist - Additional Charges FAILED.
Reason:
com.kms.katalon.core.exception.StepFailedException: No option matched.
	at com.kms.katalon.core.keyword.internal.KeywordMain.stepFailed(KeywordMain.groovy:39)
	at com.kms.katalon.core.keyword.internal.KeywordMain.stepFailed(KeywordMain.groovy)
	at com.kms.katalon.core.keyword.internal.KeywordMain.stepFailed(KeywordMain.groovy:23)
	at com.kms.katalon.core.webui.keyword.builtin.SelectOptionByValueKeyword$_selectOptionByValue_closure1.doCall(SelectOptionByValueKeyword.groovy:92)
	at com.kms.katalon.core.webui.keyword.builtin.SelectOptionByValueKeyword$_selectOptionByValue_closure1.call(SelectOptionByValueKeyword.groovy)
	at com.kms.katalon.core.webui.keyword.internal.WebUIKeywordMain.runKeyword(WebUIKeywordMain.groovy:20)
	at com.kms.katalon.core.webui.keyword.builtin.SelectOptionByValueKeyword.selectOptionByValue(SelectOptionByValueKeyword.groovy:99)
	at com.kms.katalon.core.webui.keyword.builtin.SelectOptionByValueKeyword.execute(SelectOptionByValueKeyword.groovy:71)
	at com.kms.katalon.core.keyword.internal.KeywordExecutor.executeKeywordForPlatform(KeywordExecutor.groovy:72)
	at com.kms.katalon.core.webui.keyword.WebUiBuiltInKeywords.selectOptionByValue(WebUiBuiltInKeywords.groovy:1164)
	at com.kms.katalon.core.webui.keyword.WebUiBuiltInKeywords$selectOptionByValue$4.call(Unknown Source)
	at NF Testing Checklist - Additional Charges.run(NF Testing Checklist - Additional Charges:60)
	at com.kms.katalon.core.main.ScriptEngine.run(ScriptEngine.java:194)
	at com.kms.katalon.core.main.ScriptEngine.runScriptAsRawText(ScriptEngine.java:119)
	at com.kms.katalon.core.main.TestCaseExecutor.runScript(TestCaseExecutor.java:337)
	at com.kms.katalon.core.main.TestCaseExecutor.doExecute(TestCaseExecutor.java:328)
	at com.kms.katalon.core.main.TestCaseExecutor.processExecutionPhase(TestCaseExecutor.java:307)
	at com.kms.katalon.core.main.TestCaseExecutor.accessMainPhase(TestCaseExecutor.java:299)
	at com.kms.katalon.core.main.TestCaseExecutor.execute(TestCaseExecutor.java:233)
	at com.kms.katalon.core.main.TestSuiteExecutor.accessTestCaseMainPhase(TestSuiteExecutor.java:169)
	at com.kms.katalon.core.main.TestSuiteExecutor.accessTestSuiteMainPhase(TestSuiteExecutor.java:142)
	at com.kms.katalon.core.main.TestSuiteExecutor.execute(TestSuiteExecutor.java:91)
	at com.kms.katalon.core.main.TestCaseMain.startTestSuite(TestCaseMain.java:157)
	at com.kms.katalon.core.main.TestCaseMain$startTestSuite$0.call(Unknown Source)
	at TempTestSuite1584517683796.run(TempTestSuite1584517683796.groovy:36)
"/>
         <system-out><![CDATA[2020-03-18 14:54:15 - [TEST_CASE][FAILED] - Test Cases/NF Testing Checklist - Additional Charges: Test Cases/NF Testing Checklist - Additional Charges FAILED.
Reason:
com.kms.katalon.core.exception.StepFailedException: No option matched.
	at com.kms.katalon.core.keyword.internal.KeywordMain.stepFailed(KeywordMain.groovy:39)
	at com.kms.katalon.core.keyword.internal.KeywordMain.stepFailed(KeywordMain.groovy)
	at com.kms.katalon.core.keyword.internal.KeywordMain.stepFailed(KeywordMain.groovy:23)
	at com.kms.katalon.core.webui.keyword.builtin.SelectOptionByValueKeyword$_selectOptionByValue_closure1.doCall(SelectOptionByValueKeyword.groovy:92)
	at com.kms.katalon.core.webui.keyword.builtin.SelectOptionByValueKeyword$_selectOptionByValue_closure1.call(SelectOptionByValueKeyword.groovy)
	at com.kms.katalon.core.webui.keyword.internal.WebUIKeywordMain.runKeyword(WebUIKeywordMain.groovy:20)
	at com.kms.katalon.core.webui.keyword.builtin.SelectOptionByValueKeyword.selectOptionByValue(SelectOptionByValueKeyword.groovy:99)
	at com.kms.katalon.core.webui.keyword.builtin.SelectOptionByValueKeyword.execute(SelectOptionByValueKeyword.groovy:71)
	at com.kms.katalon.core.keyword.internal.KeywordExecutor.executeKeywordForPlatform(KeywordExecutor.groovy:72)
	at com.kms.katalon.core.webui.keyword.WebUiBuiltInKeywords.selectOptionByValue(WebUiBuiltInKeywords.groovy:1164)
	at com.kms.katalon.core.webui.keyword.WebUiBuiltInKeywords$selectOptionByValue$4.call(Unknown Source)
	at NF Testing Checklist - Additional Charges.run(NF Testing Checklist - Additional Charges:60)
	at com.kms.katalon.core.main.ScriptEngine.run(ScriptEngine.java:194)
	at com.kms.katalon.core.main.ScriptEngine.runScriptAsRawText(ScriptEngine.java:119)
	at com.kms.katalon.core.main.TestCaseExecutor.runScript(TestCaseExecutor.java:337)
	at com.kms.katalon.core.main.TestCaseExecutor.doExecute(TestCaseExecutor.java:328)
	at com.kms.katalon.core.main.TestCaseExecutor.processExecutionPhase(TestCaseExecutor.java:307)
	at com.kms.katalon.core.main.TestCaseExecutor.accessMainPhase(TestCaseExecutor.java:299)
	at com.kms.katalon.core.main.TestCaseExecutor.execute(TestCaseExecutor.java:233)
	at com.kms.katalon.core.main.TestSuiteExecutor.accessTestCaseMainPhase(TestSuiteExecutor.java:169)
	at com.kms.katalon.core.main.TestSuiteExecutor.accessTestSuiteMainPhase(TestSuiteExecutor.java:142)
	at com.kms.katalon.core.main.TestSuiteExecutor.execute(TestSuiteExecutor.java:91)
	at com.kms.katalon.core.main.TestCaseMain.startTestSuite(TestCaseMain.java:157)
	at com.kms.katalon.core.main.TestCaseMain$startTestSuite$0.call(Unknown Source)
	at TempTestSuite1584517683796.run(TempTestSuite1584517683796.groovy:36)


2020-03-18 14:54:15 - [TEST_STEP][PASSED] - click(findTestObject("Object Repository/New Subscription/Page_Add New Subscription - PraisindoSIARUI/input_Additional Charges_Charges")): Object: 'Object Repository/New Subscription/Page_Add New Subscription - PraisindoSIARUI/input_Additional Charges_Charges' is clicked on

2020-03-18 14:54:17 - [MESSAGE][PASSED] - Object: 'Object Repository/New Subscription/Page_Add New Subscription - PraisindoSIARUI/input_Additional Charges_Charges' is clicked on

2020-03-18 14:54:17 - [TEST_STEP][PASSED] - setText(findTestObject("New Subscription/Page_Add New Subscription - PraisindoSIARUI/input_Additional Charges_Charges"), ParamAdditionalCharges): Text '' is set on object 'Object Repository/New Subscription/Page_Add New Subscription - PraisindoSIARUI/input_Additional Charges_Charges'

2020-03-18 14:54:19 - [MESSAGE][PASSED] - Text '' is set on object 'Object Repository/New Subscription/Page_Add New Subscription - PraisindoSIARUI/input_Additional Charges_Charges'

2020-03-18 14:54:19 - [TEST_STEP][PASSED] - selectOptionByValue(findTestObject("Object Repository/New Subscription/Page_Add New Subscription - PraisindoSIARUI/select_Select Method                       _3f9a88"), "TRS", true): All options with value 'TRS' are selected in object 'Object Repository/New Subscription/Page_Add New Subscription - PraisindoSIARUI/select_Select Method                       _3f9a88'  using regular expression

2020-03-18 14:54:20 - [MESSAGE][PASSED] - All options with value 'TRS' are selected in object 'Object Repository/New Subscription/Page_Add New Subscription - PraisindoSIARUI/select_Select Method                       _3f9a88'  using regular expression

2020-03-18 14:54:20 - [TEST_STEP][PASSED] - selectOptionByValue(findTestObject("Object Repository/New Subscription/Page_Add New Subscription - PraisindoSIARUI/select_Select Method                       _3f9a88"), "RTG", true): All options with value 'RTG' are selected in object 'Object Repository/New Subscription/Page_Add New Subscription - PraisindoSIARUI/select_Select Method                       _3f9a88'  using regular expression

2020-03-18 14:54:22 - [MESSAGE][PASSED] - All options with value 'RTG' are selected in object 'Object Repository/New Subscription/Page_Add New Subscription - PraisindoSIARUI/select_Select Method                       _3f9a88'  using regular expression

2020-03-18 14:54:22 - [TEST_STEP][PASSED] - selectOptionByValue(findTestObject("Object Repository/New Subscription/Page_Add New Subscription - PraisindoSIARUI/select_Select Method                       _3f9a88"), "N/A", true): All options with value 'N/A' are selected in object 'Object Repository/New Subscription/Page_Add New Subscription - PraisindoSIARUI/select_Select Method                       _3f9a88'  using regular expression

2020-03-18 14:54:24 - [MESSAGE][PASSED] - All options with value 'N/A' are selected in object 'Object Repository/New Subscription/Page_Add New Subscription - PraisindoSIARUI/select_Select Method                       _3f9a88'  using regular expression

2020-03-18 14:54:24 - [TEST_STEP][PASSED] - selectOptionByValue(findTestObject("Object Repository/New Subscription/Page_Add New Subscription - PraisindoSIARUI/select_Select Method                       _3f9a88"), "CAS", true): All options with value 'CAS' are selected in object 'Object Repository/New Subscription/Page_Add New Subscription - PraisindoSIARUI/select_Select Method                       _3f9a88'  using regular expression

2020-03-18 14:54:26 - [MESSAGE][PASSED] - All options with value 'CAS' are selected in object 'Object Repository/New Subscription/Page_Add New Subscription - PraisindoSIARUI/select_Select Method                       _3f9a88'  using regular expression

2020-03-18 14:54:26 - [TEST_STEP][PASSED] - selectOptionByValue(findTestObject("Object Repository/New Subscription/Page_Add New Subscription - PraisindoSIARUI/select_Select Method                       _3f9a88"), "DIV", true): All options with value 'DIV' are selected in object 'Object Repository/New Subscription/Page_Add New Subscription - PraisindoSIARUI/select_Select Method                       _3f9a88'  using regular expression

2020-03-18 14:54:28 - [MESSAGE][PASSED] - All options with value 'DIV' are selected in object 'Object Repository/New Subscription/Page_Add New Subscription - PraisindoSIARUI/select_Select Method                       _3f9a88'  using regular expression

2020-03-18 14:54:28 - [TEST_STEP][PASSED] - selectOptionByValue(findTestObject("Object Repository/New Subscription/Page_Add New Subscription - PraisindoSIARUI/select_Select Method                       _3f9a88"), "CLR", true): All options with value 'CLR' are selected in object 'Object Repository/New Subscription/Page_Add New Subscription - PraisindoSIARUI/select_Select Method                       _3f9a88'  using regular expression

2020-03-18 14:54:30 - [MESSAGE][PASSED] - All options with value 'CLR' are selected in object 'Object Repository/New Subscription/Page_Add New Subscription - PraisindoSIARUI/select_Select Method                       _3f9a88'  using regular expression

2020-03-18 14:54:30 - [TEST_STEP][PASSED] - selectOptionByValue(findTestObject("Object Repository/New Subscription/Page_Add New Subscription - PraisindoSIARUI/select_Select Method                       _3f9a88"), "TRS", true): All options with value 'TRS' are selected in object 'Object Repository/New Subscription/Page_Add New Subscription - PraisindoSIARUI/select_Select Method                       _3f9a88'  using regular expression

2020-03-18 14:54:32 - [MESSAGE][PASSED] - All options with value 'TRS' are selected in object 'Object Repository/New Subscription/Page_Add New Subscription - PraisindoSIARUI/select_Select Method                       _3f9a88'  using regular expression

2020-03-18 14:54:32 - [TEST_STEP][PASSED] - selectOptionByValue(findTestObject("Object Repository/New Subscription/Page_Add New Subscription - PraisindoSIARUI/select_ANDARU - BANK CENTRAL ASIA Kantor Pu_394f5d"), "90902121", true): All options with value '90902121' are selected in object 'Object Repository/New Subscription/Page_Add New Subscription - PraisindoSIARUI/select_ANDARU - BANK CENTRAL ASIA Kantor Pu_394f5d'  using regular expression

2020-03-18 14:54:34 - [MESSAGE][PASSED] - All options with value '90902121' are selected in object 'Object Repository/New Subscription/Page_Add New Subscription - PraisindoSIARUI/select_ANDARU - BANK CENTRAL ASIA Kantor Pu_394f5d'  using regular expression

2020-03-18 14:54:34 - [TEST_STEP][PASSED] - selectOptionByValue(findTestObject("Object Repository/New Subscription/Page_Add New Subscription - PraisindoSIARUI/select_ANDARU - BANK CENTRAL ASIA Kantor Pu_394f5d"), "1201314", true): All options with value '1201314' are selected in object 'Object Repository/New Subscription/Page_Add New Subscription - PraisindoSIARUI/select_ANDARU - BANK CENTRAL ASIA Kantor Pu_394f5d'  using regular expression

2020-03-18 14:54:36 - [MESSAGE][PASSED] - All options with value '1201314' are selected in object 'Object Repository/New Subscription/Page_Add New Subscription - PraisindoSIARUI/select_ANDARU - BANK CENTRAL ASIA Kantor Pu_394f5d'  using regular expression

2020-03-18 14:54:36 - [TEST_STEP][PASSED] - selectOptionByValue(findTestObject("Object Repository/New Subscription/Page_Add New Subscription - PraisindoSIARUI/select_ANDARU - BANK CENTRAL ASIA Kantor Pu_394f5d"), "3371658978", true): All options with value '3371658978' are selected in object 'Object Repository/New Subscription/Page_Add New Subscription - PraisindoSIARUI/select_ANDARU - BANK CENTRAL ASIA Kantor Pu_394f5d'  using regular expression

2020-03-18 14:54:38 - [MESSAGE][PASSED] - All options with value '3371658978' are selected in object 'Object Repository/New Subscription/Page_Add New Subscription - PraisindoSIARUI/select_ANDARU - BANK CENTRAL ASIA Kantor Pu_394f5d'  using regular expression

2020-03-18 14:54:38 - [TEST_STEP][PASSED] - selectOptionByValue(findTestObject("Object Repository/New Subscription/Page_Add New Subscription - PraisindoSIARUI/select_ANDARU - BANK CENTRAL ASIA Kantor Pu_394f5d"), "7667381", true): All options with value '7667381' are selected in object 'Object Repository/New Subscription/Page_Add New Subscription - PraisindoSIARUI/select_ANDARU - BANK CENTRAL ASIA Kantor Pu_394f5d'  using regular expression

2020-03-18 14:54:40 - [MESSAGE][PASSED] - All options with value '7667381' are selected in object 'Object Repository/New Subscription/Page_Add New Subscription - PraisindoSIARUI/select_ANDARU - BANK CENTRAL ASIA Kantor Pu_394f5d'  using regular expression

2020-03-18 14:54:40 - [TEST_STEP][PASSED] - selectOptionByValue(findTestObject("Object Repository/New Subscription/Page_Add New Subscription - PraisindoSIARUI/select_ANDARU - BANK CENTRAL ASIA Kantor Pu_394f5d"), "8748758475841", true): All options with value '8748758475841' are selected in object 'Object Repository/New Subscription/Page_Add New Subscription - PraisindoSIARUI/select_ANDARU - BANK CENTRAL ASIA Kantor Pu_394f5d'  using regular expression

2020-03-18 14:54:42 - [MESSAGE][PASSED] - All options with value '8748758475841' are selected in object 'Object Repository/New Subscription/Page_Add New Subscription - PraisindoSIARUI/select_ANDARU - BANK CENTRAL ASIA Kantor Pu_394f5d'  using regular expression

2020-03-18 14:54:42 - [TEST_STEP][FAILED] - selectOptionByValue(findTestObject("Object Repository/New Subscription/Page_Add New Subscription - PraisindoSIARUI/select_ADEN - Standard Chartered Bank Stand_f7fd79"), "1438", true): No option matched.

2020-03-18 14:54:43 - [MESSAGE][FAILED] - No option matched.

2020-03-18 14:54:43 - [TEST_STEP][PASSED] - setText(findTestObject("Object Repository/New Subscription/Page_Add New Subscription - PraisindoSIARUI/textarea_Remark_Remarks"), "Testing Checklist with Katalon"): Text 'Testing Checklist with Katalon' is set on object 'Object Repository/New Subscription/Page_Add New Subscription - PraisindoSIARUI/textarea_Remark_Remarks'

2020-03-18 14:54:45 - [MESSAGE][PASSED] - Text 'Testing Checklist with Katalon' is set on object 'Object Repository/New Subscription/Page_Add New Subscription - PraisindoSIARUI/textarea_Remark_Remarks'

2020-03-18 14:54:45 - [TEST_STEP][PASSED] - click(findTestObject("Object Repository/New Subscription/Page_Add New Subscription - PraisindoSIARUI/button_Save to Draft")): Object: 'Object Repository/New Subscription/Page_Add New Subscription - PraisindoSIARUI/button_Save to Draft' is clicked on

2020-03-18 14:54:46 - [MESSAGE][PASSED] - Object: 'Object Repository/New Subscription/Page_Add New Subscription - PraisindoSIARUI/button_Save to Draft' is clicked on]]></system-out>
         <system-err><![CDATA[2020-03-18 14:54:15 - [TEST_CASE][FAILED] - Test Cases/NF Testing Checklist - Additional Charges: Test Cases/NF Testing Checklist - Additional Charges FAILED.
Reason:
com.kms.katalon.core.exception.StepFailedException: No option matched.
	at com.kms.katalon.core.keyword.internal.KeywordMain.stepFailed(KeywordMain.groovy:39)
	at com.kms.katalon.core.keyword.internal.KeywordMain.stepFailed(KeywordMain.groovy)
	at com.kms.katalon.core.keyword.internal.KeywordMain.stepFailed(KeywordMain.groovy:23)
	at com.kms.katalon.core.webui.keyword.builtin.SelectOptionByValueKeyword$_selectOptionByValue_closure1.doCall(SelectOptionByValueKeyword.groovy:92)
	at com.kms.katalon.core.webui.keyword.builtin.SelectOptionByValueKeyword$_selectOptionByValue_closure1.call(SelectOptionByValueKeyword.groovy)
	at com.kms.katalon.core.webui.keyword.internal.WebUIKeywordMain.runKeyword(WebUIKeywordMain.groovy:20)
	at com.kms.katalon.core.webui.keyword.builtin.SelectOptionByValueKeyword.selectOptionByValue(SelectOptionByValueKeyword.groovy:99)
	at com.kms.katalon.core.webui.keyword.builtin.SelectOptionByValueKeyword.execute(SelectOptionByValueKeyword.groovy:71)
	at com.kms.katalon.core.keyword.internal.KeywordExecutor.executeKeywordForPlatform(KeywordExecutor.groovy:72)
	at com.kms.katalon.core.webui.keyword.WebUiBuiltInKeywords.selectOptionByValue(WebUiBuiltInKeywords.groovy:1164)
	at com.kms.katalon.core.webui.keyword.WebUiBuiltInKeywords$selectOptionByValue$4.call(Unknown Source)
	at NF Testing Checklist - Additional Charges.run(NF Testing Checklist - Additional Charges:60)
	at com.kms.katalon.core.main.ScriptEngine.run(ScriptEngine.java:194)
	at com.kms.katalon.core.main.ScriptEngine.runScriptAsRawText(ScriptEngine.java:119)
	at com.kms.katalon.core.main.TestCaseExecutor.runScript(TestCaseExecutor.java:337)
	at com.kms.katalon.core.main.TestCaseExecutor.doExecute(TestCaseExecutor.java:328)
	at com.kms.katalon.core.main.TestCaseExecutor.processExecutionPhase(TestCaseExecutor.java:307)
	at com.kms.katalon.core.main.TestCaseExecutor.accessMainPhase(TestCaseExecutor.java:299)
	at com.kms.katalon.core.main.TestCaseExecutor.execute(TestCaseExecutor.java:233)
	at com.kms.katalon.core.main.TestSuiteExecutor.accessTestCaseMainPhase(TestSuiteExecutor.java:169)
	at com.kms.katalon.core.main.TestSuiteExecutor.accessTestSuiteMainPhase(TestSuiteExecutor.java:142)
	at com.kms.katalon.core.main.TestSuiteExecutor.execute(TestSuiteExecutor.java:91)
	at com.kms.katalon.core.main.TestCaseMain.startTestSuite(TestCaseMain.java:157)
	at com.kms.katalon.core.main.TestCaseMain$startTestSuite$0.call(Unknown Source)
	at TempTestSuite1584517683796.run(TempTestSuite1584517683796.groovy:36)]]></system-err>
      </testcase>
      <testcase name="Test Cases/NF Testing Checklist - Additional Charges" time="31.418" classname="Test Cases/NF Testing Checklist - Additional Charges" status="FAILED">
         <failure type="FAILED" message="Test Cases/NF Testing Checklist - Additional Charges FAILED.
Reason:
com.kms.katalon.core.exception.StepFailedException: No option matched.
	at com.kms.katalon.core.keyword.internal.KeywordMain.stepFailed(KeywordMain.groovy:39)
	at com.kms.katalon.core.keyword.internal.KeywordMain.stepFailed(KeywordMain.groovy)
	at com.kms.katalon.core.keyword.internal.KeywordMain.stepFailed(KeywordMain.groovy:23)
	at com.kms.katalon.core.webui.keyword.builtin.SelectOptionByValueKeyword$_selectOptionByValue_closure1.doCall(SelectOptionByValueKeyword.groovy:92)
	at com.kms.katalon.core.webui.keyword.builtin.SelectOptionByValueKeyword$_selectOptionByValue_closure1.call(SelectOptionByValueKeyword.groovy)
	at com.kms.katalon.core.webui.keyword.internal.WebUIKeywordMain.runKeyword(WebUIKeywordMain.groovy:20)
	at com.kms.katalon.core.webui.keyword.builtin.SelectOptionByValueKeyword.selectOptionByValue(SelectOptionByValueKeyword.groovy:99)
	at com.kms.katalon.core.webui.keyword.builtin.SelectOptionByValueKeyword.execute(SelectOptionByValueKeyword.groovy:71)
	at com.kms.katalon.core.keyword.internal.KeywordExecutor.executeKeywordForPlatform(KeywordExecutor.groovy:72)
	at com.kms.katalon.core.webui.keyword.WebUiBuiltInKeywords.selectOptionByValue(WebUiBuiltInKeywords.groovy:1164)
	at com.kms.katalon.core.webui.keyword.WebUiBuiltInKeywords$selectOptionByValue$4.call(Unknown Source)
	at NF Testing Checklist - Additional Charges.run(NF Testing Checklist - Additional Charges:60)
	at com.kms.katalon.core.main.ScriptEngine.run(ScriptEngine.java:194)
	at com.kms.katalon.core.main.ScriptEngine.runScriptAsRawText(ScriptEngine.java:119)
	at com.kms.katalon.core.main.TestCaseExecutor.runScript(TestCaseExecutor.java:337)
	at com.kms.katalon.core.main.TestCaseExecutor.doExecute(TestCaseExecutor.java:328)
	at com.kms.katalon.core.main.TestCaseExecutor.processExecutionPhase(TestCaseExecutor.java:307)
	at com.kms.katalon.core.main.TestCaseExecutor.accessMainPhase(TestCaseExecutor.java:299)
	at com.kms.katalon.core.main.TestCaseExecutor.execute(TestCaseExecutor.java:233)
	at com.kms.katalon.core.main.TestSuiteExecutor.accessTestCaseMainPhase(TestSuiteExecutor.java:169)
	at com.kms.katalon.core.main.TestSuiteExecutor.accessTestSuiteMainPhase(TestSuiteExecutor.java:142)
	at com.kms.katalon.core.main.TestSuiteExecutor.execute(TestSuiteExecutor.java:91)
	at com.kms.katalon.core.main.TestCaseMain.startTestSuite(TestCaseMain.java:157)
	at com.kms.katalon.core.main.TestCaseMain$startTestSuite$0.call(Unknown Source)
	at TempTestSuite1584517683796.run(TempTestSuite1584517683796.groovy:36)
"/>
         <system-out><![CDATA[2020-03-18 14:54:46 - [TEST_CASE][FAILED] - Test Cases/NF Testing Checklist - Additional Charges: Test Cases/NF Testing Checklist - Additional Charges FAILED.
Reason:
com.kms.katalon.core.exception.StepFailedException: No option matched.
	at com.kms.katalon.core.keyword.internal.KeywordMain.stepFailed(KeywordMain.groovy:39)
	at com.kms.katalon.core.keyword.internal.KeywordMain.stepFailed(KeywordMain.groovy)
	at com.kms.katalon.core.keyword.internal.KeywordMain.stepFailed(KeywordMain.groovy:23)
	at com.kms.katalon.core.webui.keyword.builtin.SelectOptionByValueKeyword$_selectOptionByValue_closure1.doCall(SelectOptionByValueKeyword.groovy:92)
	at com.kms.katalon.core.webui.keyword.builtin.SelectOptionByValueKeyword$_selectOptionByValue_closure1.call(SelectOptionByValueKeyword.groovy)
	at com.kms.katalon.core.webui.keyword.internal.WebUIKeywordMain.runKeyword(WebUIKeywordMain.groovy:20)
	at com.kms.katalon.core.webui.keyword.builtin.SelectOptionByValueKeyword.selectOptionByValue(SelectOptionByValueKeyword.groovy:99)
	at com.kms.katalon.core.webui.keyword.builtin.SelectOptionByValueKeyword.execute(SelectOptionByValueKeyword.groovy:71)
	at com.kms.katalon.core.keyword.internal.KeywordExecutor.executeKeywordForPlatform(KeywordExecutor.groovy:72)
	at com.kms.katalon.core.webui.keyword.WebUiBuiltInKeywords.selectOptionByValue(WebUiBuiltInKeywords.groovy:1164)
	at com.kms.katalon.core.webui.keyword.WebUiBuiltInKeywords$selectOptionByValue$4.call(Unknown Source)
	at NF Testing Checklist - Additional Charges.run(NF Testing Checklist - Additional Charges:60)
	at com.kms.katalon.core.main.ScriptEngine.run(ScriptEngine.java:194)
	at com.kms.katalon.core.main.ScriptEngine.runScriptAsRawText(ScriptEngine.java:119)
	at com.kms.katalon.core.main.TestCaseExecutor.runScript(TestCaseExecutor.java:337)
	at com.kms.katalon.core.main.TestCaseExecutor.doExecute(TestCaseExecutor.java:328)
	at com.kms.katalon.core.main.TestCaseExecutor.processExecutionPhase(TestCaseExecutor.java:307)
	at com.kms.katalon.core.main.TestCaseExecutor.accessMainPhase(TestCaseExecutor.java:299)
	at com.kms.katalon.core.main.TestCaseExecutor.execute(TestCaseExecutor.java:233)
	at com.kms.katalon.core.main.TestSuiteExecutor.accessTestCaseMainPhase(TestSuiteExecutor.java:169)
	at com.kms.katalon.core.main.TestSuiteExecutor.accessTestSuiteMainPhase(TestSuiteExecutor.java:142)
	at com.kms.katalon.core.main.TestSuiteExecutor.execute(TestSuiteExecutor.java:91)
	at com.kms.katalon.core.main.TestCaseMain.startTestSuite(TestCaseMain.java:157)
	at com.kms.katalon.core.main.TestCaseMain$startTestSuite$0.call(Unknown Source)
	at TempTestSuite1584517683796.run(TempTestSuite1584517683796.groovy:36)


2020-03-18 14:54:46 - [TEST_STEP][PASSED] - click(findTestObject("Object Repository/New Subscription/Page_Add New Subscription - PraisindoSIARUI/input_Additional Charges_Charges")): Object: 'Object Repository/New Subscription/Page_Add New Subscription - PraisindoSIARUI/input_Additional Charges_Charges' is clicked on

2020-03-18 14:54:48 - [MESSAGE][PASSED] - Object: 'Object Repository/New Subscription/Page_Add New Subscription - PraisindoSIARUI/input_Additional Charges_Charges' is clicked on

2020-03-18 14:54:48 - [TEST_STEP][PASSED] - setText(findTestObject("New Subscription/Page_Add New Subscription - PraisindoSIARUI/input_Additional Charges_Charges"), ParamAdditionalCharges): Text '0000' is set on object 'Object Repository/New Subscription/Page_Add New Subscription - PraisindoSIARUI/input_Additional Charges_Charges'

2020-03-18 14:54:50 - [MESSAGE][PASSED] - Text '0000' is set on object 'Object Repository/New Subscription/Page_Add New Subscription - PraisindoSIARUI/input_Additional Charges_Charges'

2020-03-18 14:54:50 - [TEST_STEP][PASSED] - selectOptionByValue(findTestObject("Object Repository/New Subscription/Page_Add New Subscription - PraisindoSIARUI/select_Select Method                       _3f9a88"), "TRS", true): All options with value 'TRS' are selected in object 'Object Repository/New Subscription/Page_Add New Subscription - PraisindoSIARUI/select_Select Method                       _3f9a88'  using regular expression

2020-03-18 14:54:51 - [MESSAGE][PASSED] - All options with value 'TRS' are selected in object 'Object Repository/New Subscription/Page_Add New Subscription - PraisindoSIARUI/select_Select Method                       _3f9a88'  using regular expression

2020-03-18 14:54:51 - [TEST_STEP][PASSED] - selectOptionByValue(findTestObject("Object Repository/New Subscription/Page_Add New Subscription - PraisindoSIARUI/select_Select Method                       _3f9a88"), "RTG", true): All options with value 'RTG' are selected in object 'Object Repository/New Subscription/Page_Add New Subscription - PraisindoSIARUI/select_Select Method                       _3f9a88'  using regular expression

2020-03-18 14:54:53 - [MESSAGE][PASSED] - All options with value 'RTG' are selected in object 'Object Repository/New Subscription/Page_Add New Subscription - PraisindoSIARUI/select_Select Method                       _3f9a88'  using regular expression

2020-03-18 14:54:53 - [TEST_STEP][PASSED] - selectOptionByValue(findTestObject("Object Repository/New Subscription/Page_Add New Subscription - PraisindoSIARUI/select_Select Method                       _3f9a88"), "N/A", true): All options with value 'N/A' are selected in object 'Object Repository/New Subscription/Page_Add New Subscription - PraisindoSIARUI/select_Select Method                       _3f9a88'  using regular expression

2020-03-18 14:54:56 - [MESSAGE][PASSED] - All options with value 'N/A' are selected in object 'Object Repository/New Subscription/Page_Add New Subscription - PraisindoSIARUI/select_Select Method                       _3f9a88'  using regular expression

2020-03-18 14:54:56 - [TEST_STEP][PASSED] - selectOptionByValue(findTestObject("Object Repository/New Subscription/Page_Add New Subscription - PraisindoSIARUI/select_Select Method                       _3f9a88"), "CAS", true): All options with value 'CAS' are selected in object 'Object Repository/New Subscription/Page_Add New Subscription - PraisindoSIARUI/select_Select Method                       _3f9a88'  using regular expression

2020-03-18 14:54:57 - [MESSAGE][PASSED] - All options with value 'CAS' are selected in object 'Object Repository/New Subscription/Page_Add New Subscription - PraisindoSIARUI/select_Select Method                       _3f9a88'  using regular expression

2020-03-18 14:54:57 - [TEST_STEP][PASSED] - selectOptionByValue(findTestObject("Object Repository/New Subscription/Page_Add New Subscription - PraisindoSIARUI/select_Select Method                       _3f9a88"), "DIV", true): All options with value 'DIV' are selected in object 'Object Repository/New Subscription/Page_Add New Subscription - PraisindoSIARUI/select_Select Method                       _3f9a88'  using regular expression

2020-03-18 14:54:59 - [MESSAGE][PASSED] - All options with value 'DIV' are selected in object 'Object Repository/New Subscription/Page_Add New Subscription - PraisindoSIARUI/select_Select Method                       _3f9a88'  using regular expression

2020-03-18 14:54:59 - [TEST_STEP][PASSED] - selectOptionByValue(findTestObject("Object Repository/New Subscription/Page_Add New Subscription - PraisindoSIARUI/select_Select Method                       _3f9a88"), "CLR", true): All options with value 'CLR' are selected in object 'Object Repository/New Subscription/Page_Add New Subscription - PraisindoSIARUI/select_Select Method                       _3f9a88'  using regular expression

2020-03-18 14:55:01 - [MESSAGE][PASSED] - All options with value 'CLR' are selected in object 'Object Repository/New Subscription/Page_Add New Subscription - PraisindoSIARUI/select_Select Method                       _3f9a88'  using regular expression

2020-03-18 14:55:01 - [TEST_STEP][PASSED] - selectOptionByValue(findTestObject("Object Repository/New Subscription/Page_Add New Subscription - PraisindoSIARUI/select_Select Method                       _3f9a88"), "TRS", true): All options with value 'TRS' are selected in object 'Object Repository/New Subscription/Page_Add New Subscription - PraisindoSIARUI/select_Select Method                       _3f9a88'  using regular expression

2020-03-18 14:55:04 - [MESSAGE][PASSED] - All options with value 'TRS' are selected in object 'Object Repository/New Subscription/Page_Add New Subscription - PraisindoSIARUI/select_Select Method                       _3f9a88'  using regular expression

2020-03-18 14:55:04 - [TEST_STEP][PASSED] - selectOptionByValue(findTestObject("Object Repository/New Subscription/Page_Add New Subscription - PraisindoSIARUI/select_ANDARU - BANK CENTRAL ASIA Kantor Pu_394f5d"), "90902121", true): All options with value '90902121' are selected in object 'Object Repository/New Subscription/Page_Add New Subscription - PraisindoSIARUI/select_ANDARU - BANK CENTRAL ASIA Kantor Pu_394f5d'  using regular expression

2020-03-18 14:55:05 - [MESSAGE][PASSED] - All options with value '90902121' are selected in object 'Object Repository/New Subscription/Page_Add New Subscription - PraisindoSIARUI/select_ANDARU - BANK CENTRAL ASIA Kantor Pu_394f5d'  using regular expression

2020-03-18 14:55:05 - [TEST_STEP][PASSED] - selectOptionByValue(findTestObject("Object Repository/New Subscription/Page_Add New Subscription - PraisindoSIARUI/select_ANDARU - BANK CENTRAL ASIA Kantor Pu_394f5d"), "1201314", true): All options with value '1201314' are selected in object 'Object Repository/New Subscription/Page_Add New Subscription - PraisindoSIARUI/select_ANDARU - BANK CENTRAL ASIA Kantor Pu_394f5d'  using regular expression

2020-03-18 14:55:07 - [MESSAGE][PASSED] - All options with value '1201314' are selected in object 'Object Repository/New Subscription/Page_Add New Subscription - PraisindoSIARUI/select_ANDARU - BANK CENTRAL ASIA Kantor Pu_394f5d'  using regular expression

2020-03-18 14:55:07 - [TEST_STEP][PASSED] - selectOptionByValue(findTestObject("Object Repository/New Subscription/Page_Add New Subscription - PraisindoSIARUI/select_ANDARU - BANK CENTRAL ASIA Kantor Pu_394f5d"), "3371658978", true): All options with value '3371658978' are selected in object 'Object Repository/New Subscription/Page_Add New Subscription - PraisindoSIARUI/select_ANDARU - BANK CENTRAL ASIA Kantor Pu_394f5d'  using regular expression

2020-03-18 14:55:09 - [MESSAGE][PASSED] - All options with value '3371658978' are selected in object 'Object Repository/New Subscription/Page_Add New Subscription - PraisindoSIARUI/select_ANDARU - BANK CENTRAL ASIA Kantor Pu_394f5d'  using regular expression

2020-03-18 14:55:09 - [TEST_STEP][PASSED] - selectOptionByValue(findTestObject("Object Repository/New Subscription/Page_Add New Subscription - PraisindoSIARUI/select_ANDARU - BANK CENTRAL ASIA Kantor Pu_394f5d"), "7667381", true): All options with value '7667381' are selected in object 'Object Repository/New Subscription/Page_Add New Subscription - PraisindoSIARUI/select_ANDARU - BANK CENTRAL ASIA Kantor Pu_394f5d'  using regular expression

2020-03-18 14:55:11 - [MESSAGE][PASSED] - All options with value '7667381' are selected in object 'Object Repository/New Subscription/Page_Add New Subscription - PraisindoSIARUI/select_ANDARU - BANK CENTRAL ASIA Kantor Pu_394f5d'  using regular expression

2020-03-18 14:55:11 - [TEST_STEP][PASSED] - selectOptionByValue(findTestObject("Object Repository/New Subscription/Page_Add New Subscription - PraisindoSIARUI/select_ANDARU - BANK CENTRAL ASIA Kantor Pu_394f5d"), "8748758475841", true): All options with value '8748758475841' are selected in object 'Object Repository/New Subscription/Page_Add New Subscription - PraisindoSIARUI/select_ANDARU - BANK CENTRAL ASIA Kantor Pu_394f5d'  using regular expression

2020-03-18 14:55:13 - [MESSAGE][PASSED] - All options with value '8748758475841' are selected in object 'Object Repository/New Subscription/Page_Add New Subscription - PraisindoSIARUI/select_ANDARU - BANK CENTRAL ASIA Kantor Pu_394f5d'  using regular expression

2020-03-18 14:55:13 - [TEST_STEP][FAILED] - selectOptionByValue(findTestObject("Object Repository/New Subscription/Page_Add New Subscription - PraisindoSIARUI/select_ADEN - Standard Chartered Bank Stand_f7fd79"), "1438", true): No option matched.

2020-03-18 14:55:14 - [MESSAGE][FAILED] - No option matched.

2020-03-18 14:55:14 - [TEST_STEP][PASSED] - setText(findTestObject("Object Repository/New Subscription/Page_Add New Subscription - PraisindoSIARUI/textarea_Remark_Remarks"), "Testing Checklist with Katalon"): Text 'Testing Checklist with Katalon' is set on object 'Object Repository/New Subscription/Page_Add New Subscription - PraisindoSIARUI/textarea_Remark_Remarks'

2020-03-18 14:55:17 - [MESSAGE][PASSED] - Text 'Testing Checklist with Katalon' is set on object 'Object Repository/New Subscription/Page_Add New Subscription - PraisindoSIARUI/textarea_Remark_Remarks'

2020-03-18 14:55:17 - [TEST_STEP][PASSED] - click(findTestObject("Object Repository/New Subscription/Page_Add New Subscription - PraisindoSIARUI/button_Save to Draft")): Object: 'Object Repository/New Subscription/Page_Add New Subscription - PraisindoSIARUI/button_Save to Draft' is clicked on

2020-03-18 14:55:18 - [MESSAGE][PASSED] - Object: 'Object Repository/New Subscription/Page_Add New Subscription - PraisindoSIARUI/button_Save to Draft' is clicked on]]></system-out>
         <system-err><![CDATA[2020-03-18 14:54:46 - [TEST_CASE][FAILED] - Test Cases/NF Testing Checklist - Additional Charges: Test Cases/NF Testing Checklist - Additional Charges FAILED.
Reason:
com.kms.katalon.core.exception.StepFailedException: No option matched.
	at com.kms.katalon.core.keyword.internal.KeywordMain.stepFailed(KeywordMain.groovy:39)
	at com.kms.katalon.core.keyword.internal.KeywordMain.stepFailed(KeywordMain.groovy)
	at com.kms.katalon.core.keyword.internal.KeywordMain.stepFailed(KeywordMain.groovy:23)
	at com.kms.katalon.core.webui.keyword.builtin.SelectOptionByValueKeyword$_selectOptionByValue_closure1.doCall(SelectOptionByValueKeyword.groovy:92)
	at com.kms.katalon.core.webui.keyword.builtin.SelectOptionByValueKeyword$_selectOptionByValue_closure1.call(SelectOptionByValueKeyword.groovy)
	at com.kms.katalon.core.webui.keyword.internal.WebUIKeywordMain.runKeyword(WebUIKeywordMain.groovy:20)
	at com.kms.katalon.core.webui.keyword.builtin.SelectOptionByValueKeyword.selectOptionByValue(SelectOptionByValueKeyword.groovy:99)
	at com.kms.katalon.core.webui.keyword.builtin.SelectOptionByValueKeyword.execute(SelectOptionByValueKeyword.groovy:71)
	at com.kms.katalon.core.keyword.internal.KeywordExecutor.executeKeywordForPlatform(KeywordExecutor.groovy:72)
	at com.kms.katalon.core.webui.keyword.WebUiBuiltInKeywords.selectOptionByValue(WebUiBuiltInKeywords.groovy:1164)
	at com.kms.katalon.core.webui.keyword.WebUiBuiltInKeywords$selectOptionByValue$4.call(Unknown Source)
	at NF Testing Checklist - Additional Charges.run(NF Testing Checklist - Additional Charges:60)
	at com.kms.katalon.core.main.ScriptEngine.run(ScriptEngine.java:194)
	at com.kms.katalon.core.main.ScriptEngine.runScriptAsRawText(ScriptEngine.java:119)
	at com.kms.katalon.core.main.TestCaseExecutor.runScript(TestCaseExecutor.java:337)
	at com.kms.katalon.core.main.TestCaseExecutor.doExecute(TestCaseExecutor.java:328)
	at com.kms.katalon.core.main.TestCaseExecutor.processExecutionPhase(TestCaseExecutor.java:307)
	at com.kms.katalon.core.main.TestCaseExecutor.accessMainPhase(TestCaseExecutor.java:299)
	at com.kms.katalon.core.main.TestCaseExecutor.execute(TestCaseExecutor.java:233)
	at com.kms.katalon.core.main.TestSuiteExecutor.accessTestCaseMainPhase(TestSuiteExecutor.java:169)
	at com.kms.katalon.core.main.TestSuiteExecutor.accessTestSuiteMainPhase(TestSuiteExecutor.java:142)
	at com.kms.katalon.core.main.TestSuiteExecutor.execute(TestSuiteExecutor.java:91)
	at com.kms.katalon.core.main.TestCaseMain.startTestSuite(TestCaseMain.java:157)
	at com.kms.katalon.core.main.TestCaseMain$startTestSuite$0.call(Unknown Source)
	at TempTestSuite1584517683796.run(TempTestSuite1584517683796.groovy:36)]]></system-err>
      </testcase>
      <testcase name="Test Cases/NF Testing Checklist - Additional Charges" time="31.45" classname="Test Cases/NF Testing Checklist - Additional Charges" status="FAILED">
         <failure type="FAILED" message="Test Cases/NF Testing Checklist - Additional Charges FAILED.
Reason:
com.kms.katalon.core.exception.StepFailedException: No option matched.
	at com.kms.katalon.core.keyword.internal.KeywordMain.stepFailed(KeywordMain.groovy:39)
	at com.kms.katalon.core.keyword.internal.KeywordMain.stepFailed(KeywordMain.groovy)
	at com.kms.katalon.core.keyword.internal.KeywordMain.stepFailed(KeywordMain.groovy:23)
	at com.kms.katalon.core.webui.keyword.builtin.SelectOptionByValueKeyword$_selectOptionByValue_closure1.doCall(SelectOptionByValueKeyword.groovy:92)
	at com.kms.katalon.core.webui.keyword.builtin.SelectOptionByValueKeyword$_selectOptionByValue_closure1.call(SelectOptionByValueKeyword.groovy)
	at com.kms.katalon.core.webui.keyword.internal.WebUIKeywordMain.runKeyword(WebUIKeywordMain.groovy:20)
	at com.kms.katalon.core.webui.keyword.builtin.SelectOptionByValueKeyword.selectOptionByValue(SelectOptionByValueKeyword.groovy:99)
	at com.kms.katalon.core.webui.keyword.builtin.SelectOptionByValueKeyword.execute(SelectOptionByValueKeyword.groovy:71)
	at com.kms.katalon.core.keyword.internal.KeywordExecutor.executeKeywordForPlatform(KeywordExecutor.groovy:72)
	at com.kms.katalon.core.webui.keyword.WebUiBuiltInKeywords.selectOptionByValue(WebUiBuiltInKeywords.groovy:1164)
	at com.kms.katalon.core.webui.keyword.WebUiBuiltInKeywords$selectOptionByValue$4.call(Unknown Source)
	at NF Testing Checklist - Additional Charges.run(NF Testing Checklist - Additional Charges:60)
	at com.kms.katalon.core.main.ScriptEngine.run(ScriptEngine.java:194)
	at com.kms.katalon.core.main.ScriptEngine.runScriptAsRawText(ScriptEngine.java:119)
	at com.kms.katalon.core.main.TestCaseExecutor.runScript(TestCaseExecutor.java:337)
	at com.kms.katalon.core.main.TestCaseExecutor.doExecute(TestCaseExecutor.java:328)
	at com.kms.katalon.core.main.TestCaseExecutor.processExecutionPhase(TestCaseExecutor.java:307)
	at com.kms.katalon.core.main.TestCaseExecutor.accessMainPhase(TestCaseExecutor.java:299)
	at com.kms.katalon.core.main.TestCaseExecutor.execute(TestCaseExecutor.java:233)
	at com.kms.katalon.core.main.TestSuiteExecutor.accessTestCaseMainPhase(TestSuiteExecutor.java:169)
	at com.kms.katalon.core.main.TestSuiteExecutor.accessTestSuiteMainPhase(TestSuiteExecutor.java:142)
	at com.kms.katalon.core.main.TestSuiteExecutor.execute(TestSuiteExecutor.java:91)
	at com.kms.katalon.core.main.TestCaseMain.startTestSuite(TestCaseMain.java:157)
	at com.kms.katalon.core.main.TestCaseMain$startTestSuite$0.call(Unknown Source)
	at TempTestSuite1584517683796.run(TempTestSuite1584517683796.groovy:36)
"/>
         <system-out><![CDATA[2020-03-18 14:55:18 - [TEST_CASE][FAILED] - Test Cases/NF Testing Checklist - Additional Charges: Test Cases/NF Testing Checklist - Additional Charges FAILED.
Reason:
com.kms.katalon.core.exception.StepFailedException: No option matched.
	at com.kms.katalon.core.keyword.internal.KeywordMain.stepFailed(KeywordMain.groovy:39)
	at com.kms.katalon.core.keyword.internal.KeywordMain.stepFailed(KeywordMain.groovy)
	at com.kms.katalon.core.keyword.internal.KeywordMain.stepFailed(KeywordMain.groovy:23)
	at com.kms.katalon.core.webui.keyword.builtin.SelectOptionByValueKeyword$_selectOptionByValue_closure1.doCall(SelectOptionByValueKeyword.groovy:92)
	at com.kms.katalon.core.webui.keyword.builtin.SelectOptionByValueKeyword$_selectOptionByValue_closure1.call(SelectOptionByValueKeyword.groovy)
	at com.kms.katalon.core.webui.keyword.internal.WebUIKeywordMain.runKeyword(WebUIKeywordMain.groovy:20)
	at com.kms.katalon.core.webui.keyword.builtin.SelectOptionByValueKeyword.selectOptionByValue(SelectOptionByValueKeyword.groovy:99)
	at com.kms.katalon.core.webui.keyword.builtin.SelectOptionByValueKeyword.execute(SelectOptionByValueKeyword.groovy:71)
	at com.kms.katalon.core.keyword.internal.KeywordExecutor.executeKeywordForPlatform(KeywordExecutor.groovy:72)
	at com.kms.katalon.core.webui.keyword.WebUiBuiltInKeywords.selectOptionByValue(WebUiBuiltInKeywords.groovy:1164)
	at com.kms.katalon.core.webui.keyword.WebUiBuiltInKeywords$selectOptionByValue$4.call(Unknown Source)
	at NF Testing Checklist - Additional Charges.run(NF Testing Checklist - Additional Charges:60)
	at com.kms.katalon.core.main.ScriptEngine.run(ScriptEngine.java:194)
	at com.kms.katalon.core.main.ScriptEngine.runScriptAsRawText(ScriptEngine.java:119)
	at com.kms.katalon.core.main.TestCaseExecutor.runScript(TestCaseExecutor.java:337)
	at com.kms.katalon.core.main.TestCaseExecutor.doExecute(TestCaseExecutor.java:328)
	at com.kms.katalon.core.main.TestCaseExecutor.processExecutionPhase(TestCaseExecutor.java:307)
	at com.kms.katalon.core.main.TestCaseExecutor.accessMainPhase(TestCaseExecutor.java:299)
	at com.kms.katalon.core.main.TestCaseExecutor.execute(TestCaseExecutor.java:233)
	at com.kms.katalon.core.main.TestSuiteExecutor.accessTestCaseMainPhase(TestSuiteExecutor.java:169)
	at com.kms.katalon.core.main.TestSuiteExecutor.accessTestSuiteMainPhase(TestSuiteExecutor.java:142)
	at com.kms.katalon.core.main.TestSuiteExecutor.execute(TestSuiteExecutor.java:91)
	at com.kms.katalon.core.main.TestCaseMain.startTestSuite(TestCaseMain.java:157)
	at com.kms.katalon.core.main.TestCaseMain$startTestSuite$0.call(Unknown Source)
	at TempTestSuite1584517683796.run(TempTestSuite1584517683796.groovy:36)


2020-03-18 14:55:18 - [TEST_STEP][PASSED] - click(findTestObject("Object Repository/New Subscription/Page_Add New Subscription - PraisindoSIARUI/input_Additional Charges_Charges")): Object: 'Object Repository/New Subscription/Page_Add New Subscription - PraisindoSIARUI/input_Additional Charges_Charges' is clicked on

2020-03-18 14:55:19 - [MESSAGE][PASSED] - Object: 'Object Repository/New Subscription/Page_Add New Subscription - PraisindoSIARUI/input_Additional Charges_Charges' is clicked on

2020-03-18 14:55:19 - [TEST_STEP][PASSED] - setText(findTestObject("New Subscription/Page_Add New Subscription - PraisindoSIARUI/input_Additional Charges_Charges"), ParamAdditionalCharges): Text '' is set on object 'Object Repository/New Subscription/Page_Add New Subscription - PraisindoSIARUI/input_Additional Charges_Charges'

2020-03-18 14:55:22 - [MESSAGE][PASSED] - Text '' is set on object 'Object Repository/New Subscription/Page_Add New Subscription - PraisindoSIARUI/input_Additional Charges_Charges'

2020-03-18 14:55:22 - [TEST_STEP][PASSED] - selectOptionByValue(findTestObject("Object Repository/New Subscription/Page_Add New Subscription - PraisindoSIARUI/select_Select Method                       _3f9a88"), "TRS", true): All options with value 'TRS' are selected in object 'Object Repository/New Subscription/Page_Add New Subscription - PraisindoSIARUI/select_Select Method                       _3f9a88'  using regular expression

2020-03-18 14:55:23 - [MESSAGE][PASSED] - All options with value 'TRS' are selected in object 'Object Repository/New Subscription/Page_Add New Subscription - PraisindoSIARUI/select_Select Method                       _3f9a88'  using regular expression

2020-03-18 14:55:23 - [TEST_STEP][PASSED] - selectOptionByValue(findTestObject("Object Repository/New Subscription/Page_Add New Subscription - PraisindoSIARUI/select_Select Method                       _3f9a88"), "RTG", true): All options with value 'RTG' are selected in object 'Object Repository/New Subscription/Page_Add New Subscription - PraisindoSIARUI/select_Select Method                       _3f9a88'  using regular expression

2020-03-18 14:55:25 - [MESSAGE][PASSED] - All options with value 'RTG' are selected in object 'Object Repository/New Subscription/Page_Add New Subscription - PraisindoSIARUI/select_Select Method                       _3f9a88'  using regular expression

2020-03-18 14:55:25 - [TEST_STEP][PASSED] - selectOptionByValue(findTestObject("Object Repository/New Subscription/Page_Add New Subscription - PraisindoSIARUI/select_Select Method                       _3f9a88"), "N/A", true): All options with value 'N/A' are selected in object 'Object Repository/New Subscription/Page_Add New Subscription - PraisindoSIARUI/select_Select Method                       _3f9a88'  using regular expression

2020-03-18 14:55:27 - [MESSAGE][PASSED] - All options with value 'N/A' are selected in object 'Object Repository/New Subscription/Page_Add New Subscription - PraisindoSIARUI/select_Select Method                       _3f9a88'  using regular expression

2020-03-18 14:55:27 - [TEST_STEP][PASSED] - selectOptionByValue(findTestObject("Object Repository/New Subscription/Page_Add New Subscription - PraisindoSIARUI/select_Select Method                       _3f9a88"), "CAS", true): All options with value 'CAS' are selected in object 'Object Repository/New Subscription/Page_Add New Subscription - PraisindoSIARUI/select_Select Method                       _3f9a88'  using regular expression

2020-03-18 14:55:29 - [MESSAGE][PASSED] - All options with value 'CAS' are selected in object 'Object Repository/New Subscription/Page_Add New Subscription - PraisindoSIARUI/select_Select Method                       _3f9a88'  using regular expression

2020-03-18 14:55:29 - [TEST_STEP][PASSED] - selectOptionByValue(findTestObject("Object Repository/New Subscription/Page_Add New Subscription - PraisindoSIARUI/select_Select Method                       _3f9a88"), "DIV", true): All options with value 'DIV' are selected in object 'Object Repository/New Subscription/Page_Add New Subscription - PraisindoSIARUI/select_Select Method                       _3f9a88'  using regular expression

2020-03-18 14:55:31 - [MESSAGE][PASSED] - All options with value 'DIV' are selected in object 'Object Repository/New Subscription/Page_Add New Subscription - PraisindoSIARUI/select_Select Method                       _3f9a88'  using regular expression

2020-03-18 14:55:31 - [TEST_STEP][PASSED] - selectOptionByValue(findTestObject("Object Repository/New Subscription/Page_Add New Subscription - PraisindoSIARUI/select_Select Method                       _3f9a88"), "CLR", true): All options with value 'CLR' are selected in object 'Object Repository/New Subscription/Page_Add New Subscription - PraisindoSIARUI/select_Select Method                       _3f9a88'  using regular expression

2020-03-18 14:55:33 - [MESSAGE][PASSED] - All options with value 'CLR' are selected in object 'Object Repository/New Subscription/Page_Add New Subscription - PraisindoSIARUI/select_Select Method                       _3f9a88'  using regular expression

2020-03-18 14:55:33 - [TEST_STEP][PASSED] - selectOptionByValue(findTestObject("Object Repository/New Subscription/Page_Add New Subscription - PraisindoSIARUI/select_Select Method                       _3f9a88"), "TRS", true): All options with value 'TRS' are selected in object 'Object Repository/New Subscription/Page_Add New Subscription - PraisindoSIARUI/select_Select Method                       _3f9a88'  using regular expression

2020-03-18 14:55:35 - [MESSAGE][PASSED] - All options with value 'TRS' are selected in object 'Object Repository/New Subscription/Page_Add New Subscription - PraisindoSIARUI/select_Select Method                       _3f9a88'  using regular expression

2020-03-18 14:55:35 - [TEST_STEP][PASSED] - selectOptionByValue(findTestObject("Object Repository/New Subscription/Page_Add New Subscription - PraisindoSIARUI/select_ANDARU - BANK CENTRAL ASIA Kantor Pu_394f5d"), "90902121", true): All options with value '90902121' are selected in object 'Object Repository/New Subscription/Page_Add New Subscription - PraisindoSIARUI/select_ANDARU - BANK CENTRAL ASIA Kantor Pu_394f5d'  using regular expression

2020-03-18 14:55:37 - [MESSAGE][PASSED] - All options with value '90902121' are selected in object 'Object Repository/New Subscription/Page_Add New Subscription - PraisindoSIARUI/select_ANDARU - BANK CENTRAL ASIA Kantor Pu_394f5d'  using regular expression

2020-03-18 14:55:37 - [TEST_STEP][PASSED] - selectOptionByValue(findTestObject("Object Repository/New Subscription/Page_Add New Subscription - PraisindoSIARUI/select_ANDARU - BANK CENTRAL ASIA Kantor Pu_394f5d"), "1201314", true): All options with value '1201314' are selected in object 'Object Repository/New Subscription/Page_Add New Subscription - PraisindoSIARUI/select_ANDARU - BANK CENTRAL ASIA Kantor Pu_394f5d'  using regular expression

2020-03-18 14:55:39 - [MESSAGE][PASSED] - All options with value '1201314' are selected in object 'Object Repository/New Subscription/Page_Add New Subscription - PraisindoSIARUI/select_ANDARU - BANK CENTRAL ASIA Kantor Pu_394f5d'  using regular expression

2020-03-18 14:55:39 - [TEST_STEP][PASSED] - selectOptionByValue(findTestObject("Object Repository/New Subscription/Page_Add New Subscription - PraisindoSIARUI/select_ANDARU - BANK CENTRAL ASIA Kantor Pu_394f5d"), "3371658978", true): All options with value '3371658978' are selected in object 'Object Repository/New Subscription/Page_Add New Subscription - PraisindoSIARUI/select_ANDARU - BANK CENTRAL ASIA Kantor Pu_394f5d'  using regular expression

2020-03-18 14:55:41 - [MESSAGE][PASSED] - All options with value '3371658978' are selected in object 'Object Repository/New Subscription/Page_Add New Subscription - PraisindoSIARUI/select_ANDARU - BANK CENTRAL ASIA Kantor Pu_394f5d'  using regular expression

2020-03-18 14:55:41 - [TEST_STEP][PASSED] - selectOptionByValue(findTestObject("Object Repository/New Subscription/Page_Add New Subscription - PraisindoSIARUI/select_ANDARU - BANK CENTRAL ASIA Kantor Pu_394f5d"), "7667381", true): All options with value '7667381' are selected in object 'Object Repository/New Subscription/Page_Add New Subscription - PraisindoSIARUI/select_ANDARU - BANK CENTRAL ASIA Kantor Pu_394f5d'  using regular expression

2020-03-18 14:55:43 - [MESSAGE][PASSED] - All options with value '7667381' are selected in object 'Object Repository/New Subscription/Page_Add New Subscription - PraisindoSIARUI/select_ANDARU - BANK CENTRAL ASIA Kantor Pu_394f5d'  using regular expression

2020-03-18 14:55:43 - [TEST_STEP][PASSED] - selectOptionByValue(findTestObject("Object Repository/New Subscription/Page_Add New Subscription - PraisindoSIARUI/select_ANDARU - BANK CENTRAL ASIA Kantor Pu_394f5d"), "8748758475841", true): All options with value '8748758475841' are selected in object 'Object Repository/New Subscription/Page_Add New Subscription - PraisindoSIARUI/select_ANDARU - BANK CENTRAL ASIA Kantor Pu_394f5d'  using regular expression

2020-03-18 14:55:45 - [MESSAGE][PASSED] - All options with value '8748758475841' are selected in object 'Object Repository/New Subscription/Page_Add New Subscription - PraisindoSIARUI/select_ANDARU - BANK CENTRAL ASIA Kantor Pu_394f5d'  using regular expression

2020-03-18 14:55:45 - [TEST_STEP][FAILED] - selectOptionByValue(findTestObject("Object Repository/New Subscription/Page_Add New Subscription - PraisindoSIARUI/select_ADEN - Standard Chartered Bank Stand_f7fd79"), "1438", true): No option matched.

2020-03-18 14:55:45 - [MESSAGE][FAILED] - No option matched.

2020-03-18 14:55:45 - [TEST_STEP][PASSED] - setText(findTestObject("Object Repository/New Subscription/Page_Add New Subscription - PraisindoSIARUI/textarea_Remark_Remarks"), "Testing Checklist with Katalon"): Text 'Testing Checklist with Katalon' is set on object 'Object Repository/New Subscription/Page_Add New Subscription - PraisindoSIARUI/textarea_Remark_Remarks'

2020-03-18 14:55:48 - [MESSAGE][PASSED] - Text 'Testing Checklist with Katalon' is set on object 'Object Repository/New Subscription/Page_Add New Subscription - PraisindoSIARUI/textarea_Remark_Remarks'

2020-03-18 14:55:48 - [TEST_STEP][PASSED] - click(findTestObject("Object Repository/New Subscription/Page_Add New Subscription - PraisindoSIARUI/button_Save to Draft")): Object: 'Object Repository/New Subscription/Page_Add New Subscription - PraisindoSIARUI/button_Save to Draft' is clicked on

2020-03-18 14:55:49 - [MESSAGE][PASSED] - Object: 'Object Repository/New Subscription/Page_Add New Subscription - PraisindoSIARUI/button_Save to Draft' is clicked on]]></system-out>
         <system-err><![CDATA[2020-03-18 14:55:18 - [TEST_CASE][FAILED] - Test Cases/NF Testing Checklist - Additional Charges: Test Cases/NF Testing Checklist - Additional Charges FAILED.
Reason:
com.kms.katalon.core.exception.StepFailedException: No option matched.
	at com.kms.katalon.core.keyword.internal.KeywordMain.stepFailed(KeywordMain.groovy:39)
	at com.kms.katalon.core.keyword.internal.KeywordMain.stepFailed(KeywordMain.groovy)
	at com.kms.katalon.core.keyword.internal.KeywordMain.stepFailed(KeywordMain.groovy:23)
	at com.kms.katalon.core.webui.keyword.builtin.SelectOptionByValueKeyword$_selectOptionByValue_closure1.doCall(SelectOptionByValueKeyword.groovy:92)
	at com.kms.katalon.core.webui.keyword.builtin.SelectOptionByValueKeyword$_selectOptionByValue_closure1.call(SelectOptionByValueKeyword.groovy)
	at com.kms.katalon.core.webui.keyword.internal.WebUIKeywordMain.runKeyword(WebUIKeywordMain.groovy:20)
	at com.kms.katalon.core.webui.keyword.builtin.SelectOptionByValueKeyword.selectOptionByValue(SelectOptionByValueKeyword.groovy:99)
	at com.kms.katalon.core.webui.keyword.builtin.SelectOptionByValueKeyword.execute(SelectOptionByValueKeyword.groovy:71)
	at com.kms.katalon.core.keyword.internal.KeywordExecutor.executeKeywordForPlatform(KeywordExecutor.groovy:72)
	at com.kms.katalon.core.webui.keyword.WebUiBuiltInKeywords.selectOptionByValue(WebUiBuiltInKeywords.groovy:1164)
	at com.kms.katalon.core.webui.keyword.WebUiBuiltInKeywords$selectOptionByValue$4.call(Unknown Source)
	at NF Testing Checklist - Additional Charges.run(NF Testing Checklist - Additional Charges:60)
	at com.kms.katalon.core.main.ScriptEngine.run(ScriptEngine.java:194)
	at com.kms.katalon.core.main.ScriptEngine.runScriptAsRawText(ScriptEngine.java:119)
	at com.kms.katalon.core.main.TestCaseExecutor.runScript(TestCaseExecutor.java:337)
	at com.kms.katalon.core.main.TestCaseExecutor.doExecute(TestCaseExecutor.java:328)
	at com.kms.katalon.core.main.TestCaseExecutor.processExecutionPhase(TestCaseExecutor.java:307)
	at com.kms.katalon.core.main.TestCaseExecutor.accessMainPhase(TestCaseExecutor.java:299)
	at com.kms.katalon.core.main.TestCaseExecutor.execute(TestCaseExecutor.java:233)
	at com.kms.katalon.core.main.TestSuiteExecutor.accessTestCaseMainPhase(TestSuiteExecutor.java:169)
	at com.kms.katalon.core.main.TestSuiteExecutor.accessTestSuiteMainPhase(TestSuiteExecutor.java:142)
	at com.kms.katalon.core.main.TestSuiteExecutor.execute(TestSuiteExecutor.java:91)
	at com.kms.katalon.core.main.TestCaseMain.startTestSuite(TestCaseMain.java:157)
	at com.kms.katalon.core.main.TestCaseMain$startTestSuite$0.call(Unknown Source)
	at TempTestSuite1584517683796.run(TempTestSuite1584517683796.groovy:36)]]></system-err>
      </testcase>
      <testcase name="Test Cases/NF Testing Checklist - Remarks" time="6.132" classname="Test Cases/NF Testing Checklist - Remarks" status="PASSED">
         <system-out><![CDATA[2020-03-18 14:55:49 - [TEST_CASE][PASSED] - Test Cases/NF Testing Checklist - Remarks: Test Cases/NF Testing Checklist - Remarks

2020-03-18 14:55:50 - [TEST_STEP][PASSED] - setText(findTestObject("Object Repository/New Subscription/Page_Add New Subscription - PraisindoSIARUI/textarea_Remark_Remarks"), ParamRemarks): Text 'ASDFASDFASDFASDFASDFAASASFFDDFDSFDSFDASDFASDFASDFASDFASDFAASASFFDDFDSFDSFDSFFSDFDASDFASDFASDFASDFASDFAASASFFDDFDSFDSFDSFFSDFDASDFASDFASDFASDFASDFAASASFFDDFDSFDSFDSFFSDFDASDFASDFASDFASDFASDFAASASFFDDFDSFDSFDSFFSDFDASDFASDFASDFASDFASDFAASASFFDDFDSFDSFDSFFSDFDASDFASDFASDFASDFASDFAASASFFDDFDSFDSSFFSDFD ' is set on object 'Object Repository/New Subscription/Page_Add New Subscription - PraisindoSIARUI/textarea_Remark_Remarks'

2020-03-18 14:55:54 - [MESSAGE][PASSED] - Text 'ASDFASDFASDFASDFASDFAASASFFDDFDSFDSFDASDFASDFASDFASDFASDFAASASFFDDFDSFDSFDSFFSDFDASDFASDFASDFASDFASDFAASASFFDDFDSFDSFDSFFSDFDASDFASDFASDFASDFASDFAASASFFDDFDSFDSFDSFFSDFDASDFASDFASDFASDFASDFAASASFFDDFDSFDSFDSFFSDFDASDFASDFASDFASDFASDFAASASFFDDFDSFDSFDSFFSDFDASDFASDFASDFASDFASDFAASASFFDDFDSFDSSFFSDFD ' is set on object 'Object Repository/New Subscription/Page_Add New Subscription - PraisindoSIARUI/textarea_Remark_Remarks'

2020-03-18 14:55:54 - [TEST_STEP][PASSED] - click(findTestObject("Object Repository/New Subscription/Page_Add New Subscription - PraisindoSIARUI/button_Save to Draft")): Object: 'Object Repository/New Subscription/Page_Add New Subscription - PraisindoSIARUI/button_Save to Draft' is clicked on

2020-03-18 14:55:56 - [MESSAGE][PASSED] - Object: 'Object Repository/New Subscription/Page_Add New Subscription - PraisindoSIARUI/button_Save to Draft' is clicked on]]></system-out>
         <system-err><![CDATA[]]></system-err>
      </testcase>
      <testcase name="Test Cases/NF Testing Checklist - Remarks" time="4.106" classname="Test Cases/NF Testing Checklist - Remarks" status="PASSED">
         <system-out><![CDATA[2020-03-18 14:55:56 - [TEST_CASE][PASSED] - Test Cases/NF Testing Checklist - Remarks: Test Cases/NF Testing Checklist - Remarks

2020-03-18 14:55:56 - [TEST_STEP][PASSED] - setText(findTestObject("Object Repository/New Subscription/Page_Add New Subscription - PraisindoSIARUI/textarea_Remark_Remarks"), ParamRemarks): Text '~!@#$%^&*_ -+=’|\(){}[]:;”’<>,.?/; ? ' is set on object 'Object Repository/New Subscription/Page_Add New Subscription - PraisindoSIARUI/textarea_Remark_Remarks'

2020-03-18 14:55:58 - [MESSAGE][PASSED] - Text '~!@#$%^&*_ -+=’|\(){}[]:;”’<>,.?/; ? ' is set on object 'Object Repository/New Subscription/Page_Add New Subscription - PraisindoSIARUI/textarea_Remark_Remarks'

2020-03-18 14:55:58 - [TEST_STEP][PASSED] - click(findTestObject("Object Repository/New Subscription/Page_Add New Subscription - PraisindoSIARUI/button_Save to Draft")): Object: 'Object Repository/New Subscription/Page_Add New Subscription - PraisindoSIARUI/button_Save to Draft' is clicked on

2020-03-18 14:56:00 - [MESSAGE][PASSED] - Object: 'Object Repository/New Subscription/Page_Add New Subscription - PraisindoSIARUI/button_Save to Draft' is clicked on]]></system-out>
         <system-err><![CDATA[]]></system-err>
      </testcase>
      <testcase name="Test Cases/NF Testing Checklist - Remarks" time="4.045" classname="Test Cases/NF Testing Checklist - Remarks" status="PASSED">
         <system-out><![CDATA[2020-03-18 14:56:00 - [TEST_CASE][PASSED] - Test Cases/NF Testing Checklist - Remarks: Test Cases/NF Testing Checklist - Remarks

2020-03-18 14:56:00 - [TEST_STEP][PASSED] - setText(findTestObject("Object Repository/New Subscription/Page_Add New Subscription - PraisindoSIARUI/textarea_Remark_Remarks"), ParamRemarks): Text 'the flying fox jumpz over the lazy dog' is set on object 'Object Repository/New Subscription/Page_Add New Subscription - PraisindoSIARUI/textarea_Remark_Remarks'

2020-03-18 14:56:02 - [MESSAGE][PASSED] - Text 'the flying fox jumpz over the lazy dog' is set on object 'Object Repository/New Subscription/Page_Add New Subscription - PraisindoSIARUI/textarea_Remark_Remarks'

2020-03-18 14:56:02 - [TEST_STEP][PASSED] - click(findTestObject("Object Repository/New Subscription/Page_Add New Subscription - PraisindoSIARUI/button_Save to Draft")): Object: 'Object Repository/New Subscription/Page_Add New Subscription - PraisindoSIARUI/button_Save to Draft' is clicked on

2020-03-18 14:56:04 - [MESSAGE][PASSED] - Object: 'Object Repository/New Subscription/Page_Add New Subscription - PraisindoSIARUI/button_Save to Draft' is clicked on]]></system-out>
         <system-err><![CDATA[]]></system-err>
      </testcase>
      <testcase name="Test Cases/NF Testing Checklist - Remarks" time="3.992" classname="Test Cases/NF Testing Checklist - Remarks" status="PASSED">
         <system-out><![CDATA[2020-03-18 14:56:04 - [TEST_CASE][PASSED] - Test Cases/NF Testing Checklist - Remarks: Test Cases/NF Testing Checklist - Remarks

2020-03-18 14:56:04 - [TEST_STEP][PASSED] - setText(findTestObject("Object Repository/New Subscription/Page_Add New Subscription - PraisindoSIARUI/textarea_Remark_Remarks"), ParamRemarks): Text 'abcdefhijklmnopqrstuvwxyz ' is set on object 'Object Repository/New Subscription/Page_Add New Subscription - PraisindoSIARUI/textarea_Remark_Remarks'

2020-03-18 14:56:06 - [MESSAGE][PASSED] - Text 'abcdefhijklmnopqrstuvwxyz ' is set on object 'Object Repository/New Subscription/Page_Add New Subscription - PraisindoSIARUI/textarea_Remark_Remarks'

2020-03-18 14:56:06 - [TEST_STEP][PASSED] - click(findTestObject("Object Repository/New Subscription/Page_Add New Subscription - PraisindoSIARUI/button_Save to Draft")): Object: 'Object Repository/New Subscription/Page_Add New Subscription - PraisindoSIARUI/button_Save to Draft' is clicked on

2020-03-18 14:56:08 - [MESSAGE][PASSED] - Object: 'Object Repository/New Subscription/Page_Add New Subscription - PraisindoSIARUI/button_Save to Draft' is clicked on]]></system-out>
         <system-err><![CDATA[]]></system-err>
      </testcase>
      <testcase name="Test Cases/NF Testing Checklist - Remarks" time="3.916" classname="Test Cases/NF Testing Checklist - Remarks" status="PASSED">
         <system-out><![CDATA[2020-03-18 14:56:08 - [TEST_CASE][PASSED] - Test Cases/NF Testing Checklist - Remarks: Test Cases/NF Testing Checklist - Remarks

2020-03-18 14:56:08 - [TEST_STEP][PASSED] - setText(findTestObject("Object Repository/New Subscription/Page_Add New Subscription - PraisindoSIARUI/textarea_Remark_Remarks"), ParamRemarks): Text '1234567890' is set on object 'Object Repository/New Subscription/Page_Add New Subscription - PraisindoSIARUI/textarea_Remark_Remarks'

2020-03-18 14:56:10 - [MESSAGE][PASSED] - Text '1234567890' is set on object 'Object Repository/New Subscription/Page_Add New Subscription - PraisindoSIARUI/textarea_Remark_Remarks'

2020-03-18 14:56:10 - [TEST_STEP][PASSED] - click(findTestObject("Object Repository/New Subscription/Page_Add New Subscription - PraisindoSIARUI/button_Save to Draft")): Object: 'Object Repository/New Subscription/Page_Add New Subscription - PraisindoSIARUI/button_Save to Draft' is clicked on

2020-03-18 14:56:12 - [MESSAGE][PASSED] - Object: 'Object Repository/New Subscription/Page_Add New Subscription - PraisindoSIARUI/button_Save to Draft' is clicked on]]></system-out>
         <system-err><![CDATA[]]></system-err>
      </testcase>
      <testcase name="Test Cases/NF Testing Checklist - Remarks" time="3.897" classname="Test Cases/NF Testing Checklist - Remarks" status="PASSED">
         <system-out><![CDATA[2020-03-18 14:56:12 - [TEST_CASE][PASSED] - Test Cases/NF Testing Checklist - Remarks: Test Cases/NF Testing Checklist - Remarks

2020-03-18 14:56:12 - [TEST_STEP][PASSED] - setText(findTestObject("Object Repository/New Subscription/Page_Add New Subscription - PraisindoSIARUI/textarea_Remark_Remarks"), ParamRemarks): Text '' is set on object 'Object Repository/New Subscription/Page_Add New Subscription - PraisindoSIARUI/textarea_Remark_Remarks'

2020-03-18 14:56:14 - [MESSAGE][PASSED] - Text '' is set on object 'Object Repository/New Subscription/Page_Add New Subscription - PraisindoSIARUI/textarea_Remark_Remarks'

2020-03-18 14:56:14 - [TEST_STEP][PASSED] - click(findTestObject("Object Repository/New Subscription/Page_Add New Subscription - PraisindoSIARUI/button_Save to Draft")): Object: 'Object Repository/New Subscription/Page_Add New Subscription - PraisindoSIARUI/button_Save to Draft' is clicked on

2020-03-18 14:56:16 - [MESSAGE][PASSED] - Object: 'Object Repository/New Subscription/Page_Add New Subscription - PraisindoSIARUI/button_Save to Draft' is clicked on]]></system-out>
         <system-err><![CDATA[]]></system-err>
      </testcase>
      <testcase name="Test Cases/NF Testing Checklist - Remarks" time="3.92" classname="Test Cases/NF Testing Checklist - Remarks" status="PASSED">
         <system-out><![CDATA[2020-03-18 14:56:16 - [TEST_CASE][PASSED] - Test Cases/NF Testing Checklist - Remarks: Test Cases/NF Testing Checklist - Remarks

2020-03-18 14:56:16 - [TEST_STEP][PASSED] - setText(findTestObject("Object Repository/New Subscription/Page_Add New Subscription - PraisindoSIARUI/textarea_Remark_Remarks"), ParamRemarks): Text '' is set on object 'Object Repository/New Subscription/Page_Add New Subscription - PraisindoSIARUI/textarea_Remark_Remarks'

2020-03-18 14:56:18 - [MESSAGE][PASSED] - Text '' is set on object 'Object Repository/New Subscription/Page_Add New Subscription - PraisindoSIARUI/textarea_Remark_Remarks'

2020-03-18 14:56:18 - [TEST_STEP][PASSED] - click(findTestObject("Object Repository/New Subscription/Page_Add New Subscription - PraisindoSIARUI/button_Save to Draft")): Object: 'Object Repository/New Subscription/Page_Add New Subscription - PraisindoSIARUI/button_Save to Draft' is clicked on

2020-03-18 14:56:19 - [MESSAGE][PASSED] - Object: 'Object Repository/New Subscription/Page_Add New Subscription - PraisindoSIARUI/button_Save to Draft' is clicked on]]></system-out>
         <system-err><![CDATA[]]></system-err>
      </testcase>
      <testcase name="Test Cases/NF Testing Checklist - Remarks" time="3.916" classname="Test Cases/NF Testing Checklist - Remarks" status="PASSED">
         <system-out><![CDATA[2020-03-18 14:56:19 - [TEST_CASE][PASSED] - Test Cases/NF Testing Checklist - Remarks: Test Cases/NF Testing Checklist - Remarks

2020-03-18 14:56:20 - [TEST_STEP][PASSED] - setText(findTestObject("Object Repository/New Subscription/Page_Add New Subscription - PraisindoSIARUI/textarea_Remark_Remarks"), ParamRemarks): Text '           ' is set on object 'Object Repository/New Subscription/Page_Add New Subscription - PraisindoSIARUI/textarea_Remark_Remarks'

2020-03-18 14:56:22 - [MESSAGE][PASSED] - Text '           ' is set on object 'Object Repository/New Subscription/Page_Add New Subscription - PraisindoSIARUI/textarea_Remark_Remarks'

2020-03-18 14:56:22 - [TEST_STEP][PASSED] - click(findTestObject("Object Repository/New Subscription/Page_Add New Subscription - PraisindoSIARUI/button_Save to Draft")): Object: 'Object Repository/New Subscription/Page_Add New Subscription - PraisindoSIARUI/button_Save to Draft' is clicked on

2020-03-18 14:56:23 - [MESSAGE][PASSED] - Object: 'Object Repository/New Subscription/Page_Add New Subscription - PraisindoSIARUI/button_Save to Draft' is clicked on]]></system-out>
         <system-err><![CDATA[]]></system-err>
      </testcase>
      <testcase name="Test Cases/NF Testing Checklist - Remarks" time="4.179" classname="Test Cases/NF Testing Checklist - Remarks" status="PASSED">
         <system-out><![CDATA[2020-03-18 14:56:23 - [TEST_CASE][PASSED] - Test Cases/NF Testing Checklist - Remarks: Test Cases/NF Testing Checklist - Remarks

2020-03-18 14:56:23 - [TEST_STEP][PASSED] - setText(findTestObject("Object Repository/New Subscription/Page_Add New Subscription - PraisindoSIARUI/textarea_Remark_Remarks"), ParamRemarks): Text 'ABC<div style=\"x\\x3Aexpression(javascript:alert(1)\">DEF' is set on object 'Object Repository/New Subscription/Page_Add New Subscription - PraisindoSIARUI/textarea_Remark_Remarks'

2020-03-18 14:56:26 - [MESSAGE][PASSED] - Text 'ABC<div style=\"x\\x3Aexpression(javascript:alert(1)\">DEF' is set on object 'Object Repository/New Subscription/Page_Add New Subscription - PraisindoSIARUI/textarea_Remark_Remarks'

2020-03-18 14:56:26 - [TEST_STEP][PASSED] - click(findTestObject("Object Repository/New Subscription/Page_Add New Subscription - PraisindoSIARUI/button_Save to Draft")): Object: 'Object Repository/New Subscription/Page_Add New Subscription - PraisindoSIARUI/button_Save to Draft' is clicked on

2020-03-18 14:56:28 - [MESSAGE][PASSED] - Object: 'Object Repository/New Subscription/Page_Add New Subscription - PraisindoSIARUI/button_Save to Draft' is clicked on]]></system-out>
         <system-err><![CDATA[]]></system-err>
      </testcase>
      <testcase name="Test Cases/NF Testing Checklist - Remarks" time="4.233" classname="Test Cases/NF Testing Checklist - Remarks" status="PASSED">
         <system-out><![CDATA[2020-03-18 14:56:28 - [TEST_CASE][PASSED] - Test Cases/NF Testing Checklist - Remarks: Test Cases/NF Testing Checklist - Remarks

2020-03-18 14:56:28 - [TEST_STEP][PASSED] - setText(findTestObject("Object Repository/New Subscription/Page_Add New Subscription - PraisindoSIARUI/textarea_Remark_Remarks"), ParamRemarks): Text '<script\\x20type=\"text/javascript\">javascript:alert(1);</script>' is set on object 'Object Repository/New Subscription/Page_Add New Subscription - PraisindoSIARUI/textarea_Remark_Remarks'

2020-03-18 14:56:31 - [MESSAGE][PASSED] - Text '<script\\x20type=\"text/javascript\">javascript:alert(1);</script>' is set on object 'Object Repository/New Subscription/Page_Add New Subscription - PraisindoSIARUI/textarea_Remark_Remarks'

2020-03-18 14:56:31 - [TEST_STEP][PASSED] - click(findTestObject("Object Repository/New Subscription/Page_Add New Subscription - PraisindoSIARUI/button_Save to Draft")): Object: 'Object Repository/New Subscription/Page_Add New Subscription - PraisindoSIARUI/button_Save to Draft' is clicked on

2020-03-18 14:56:32 - [MESSAGE][PASSED] - Object: 'Object Repository/New Subscription/Page_Add New Subscription - PraisindoSIARUI/button_Save to Draft' is clicked on]]></system-out>
         <system-err><![CDATA[]]></system-err>
      </testcase>
      <testcase name="Test Cases/NF Testing Checklist - Remarks" time="4.285" classname="Test Cases/NF Testing Checklist - Remarks" status="PASSED">
         <system-out><![CDATA[2020-03-18 14:56:32 - [TEST_CASE][PASSED] - Test Cases/NF Testing Checklist - Remarks: Test Cases/NF Testing Checklist - Remarks

2020-03-18 14:56:32 - [TEST_STEP][PASSED] - setText(findTestObject("Object Repository/New Subscription/Page_Add New Subscription - PraisindoSIARUI/textarea_Remark_Remarks"), ParamRemarks): Text '<a href=\"\\x1Ejavascript:javascript:alert(1)\" id=\"fuzzelement1\">test</a>' is set on object 'Object Repository/New Subscription/Page_Add New Subscription - PraisindoSIARUI/textarea_Remark_Remarks'

2020-03-18 14:56:35 - [MESSAGE][PASSED] - Text '<a href=\"\\x1Ejavascript:javascript:alert(1)\" id=\"fuzzelement1\">test</a>' is set on object 'Object Repository/New Subscription/Page_Add New Subscription - PraisindoSIARUI/textarea_Remark_Remarks'

2020-03-18 14:56:35 - [TEST_STEP][PASSED] - click(findTestObject("Object Repository/New Subscription/Page_Add New Subscription - PraisindoSIARUI/button_Save to Draft")): Object: 'Object Repository/New Subscription/Page_Add New Subscription - PraisindoSIARUI/button_Save to Draft' is clicked on

2020-03-18 14:56:36 - [MESSAGE][PASSED] - Object: 'Object Repository/New Subscription/Page_Add New Subscription - PraisindoSIARUI/button_Save to Draft' is clicked on]]></system-out>
         <system-err><![CDATA[]]></system-err>
      </testcase>
      <testcase name="Test Cases/NF Testing Checklist - Remarks" time="4.123" classname="Test Cases/NF Testing Checklist - Remarks" status="PASSED">
         <system-out><![CDATA[2020-03-18 14:56:36 - [TEST_CASE][PASSED] - Test Cases/NF Testing Checklist - Remarks: Test Cases/NF Testing Checklist - Remarks

2020-03-18 14:56:36 - [TEST_STEP][PASSED] - setText(findTestObject("Object Repository/New Subscription/Page_Add New Subscription - PraisindoSIARUI/textarea_Remark_Remarks"), ParamRemarks): Text '<img src=x\\x13onerror=\"javascript:alert(1)\">' is set on object 'Object Repository/New Subscription/Page_Add New Subscription - PraisindoSIARUI/textarea_Remark_Remarks'

2020-03-18 14:56:39 - [MESSAGE][PASSED] - Text '<img src=x\\x13onerror=\"javascript:alert(1)\">' is set on object 'Object Repository/New Subscription/Page_Add New Subscription - PraisindoSIARUI/textarea_Remark_Remarks'

2020-03-18 14:56:39 - [TEST_STEP][PASSED] - click(findTestObject("Object Repository/New Subscription/Page_Add New Subscription - PraisindoSIARUI/button_Save to Draft")): Object: 'Object Repository/New Subscription/Page_Add New Subscription - PraisindoSIARUI/button_Save to Draft' is clicked on

2020-03-18 14:56:40 - [MESSAGE][PASSED] - Object: 'Object Repository/New Subscription/Page_Add New Subscription - PraisindoSIARUI/button_Save to Draft' is clicked on]]></system-out>
         <system-err><![CDATA[]]></system-err>
      </testcase>
      <testcase name="Test Cases/NF Testing Checklist - Remarks" time="4.687" classname="Test Cases/NF Testing Checklist - Remarks" status="PASSED">
         <system-out><![CDATA[2020-03-18 14:56:40 - [TEST_CASE][PASSED] - Test Cases/NF Testing Checklist - Remarks: Test Cases/NF Testing Checklist - Remarks

2020-03-18 14:56:40 - [TEST_STEP][PASSED] - setText(findTestObject("Object Repository/New Subscription/Page_Add New Subscription - PraisindoSIARUI/textarea_Remark_Remarks"), ParamRemarks): Text '<?xml version=\"1.0\" encoding=\"ISO-8859-1\"?><!DOCTYPE foo [ <!ELEMENT foo ANY ><!ENTITY xxe SYSTEM \"file:///etc/passwd\" >]><foo>&xxe;</foo>' is set on object 'Object Repository/New Subscription/Page_Add New Subscription - PraisindoSIARUI/textarea_Remark_Remarks'

2020-03-18 14:56:44 - [MESSAGE][PASSED] - Text '<?xml version=\"1.0\" encoding=\"ISO-8859-1\"?><!DOCTYPE foo [ <!ELEMENT foo ANY ><!ENTITY xxe SYSTEM \"file:///etc/passwd\" >]><foo>&xxe;</foo>' is set on object 'Object Repository/New Subscription/Page_Add New Subscription - PraisindoSIARUI/textarea_Remark_Remarks'

2020-03-18 14:56:44 - [TEST_STEP][PASSED] - click(findTestObject("Object Repository/New Subscription/Page_Add New Subscription - PraisindoSIARUI/button_Save to Draft")): Object: 'Object Repository/New Subscription/Page_Add New Subscription - PraisindoSIARUI/button_Save to Draft' is clicked on

2020-03-18 14:56:45 - [MESSAGE][PASSED] - Object: 'Object Repository/New Subscription/Page_Add New Subscription - PraisindoSIARUI/button_Save to Draft' is clicked on]]></system-out>
         <system-err><![CDATA[]]></system-err>
      </testcase>
      <testcase name="Test Cases/NF Testing Checklist - Remarks" time="4.147" classname="Test Cases/NF Testing Checklist - Remarks" status="PASSED">
         <system-out><![CDATA[2020-03-18 14:56:45 - [TEST_CASE][PASSED] - Test Cases/NF Testing Checklist - Remarks: Test Cases/NF Testing Checklist - Remarks

2020-03-18 14:56:45 - [TEST_STEP][PASSED] - setText(findTestObject("Object Repository/New Subscription/Page_Add New Subscription - PraisindoSIARUI/textarea_Remark_Remarks"), ParamRemarks): Text '\"`+"`"+`'><script>\\x0Djavascript:alert(1)</script>' is set on object 'Object Repository/New Subscription/Page_Add New Subscription - PraisindoSIARUI/textarea_Remark_Remarks'

2020-03-18 14:56:48 - [MESSAGE][PASSED] - Text '\"`+"`"+`'><script>\\x0Djavascript:alert(1)</script>' is set on object 'Object Repository/New Subscription/Page_Add New Subscription - PraisindoSIARUI/textarea_Remark_Remarks'

2020-03-18 14:56:48 - [TEST_STEP][PASSED] - click(findTestObject("Object Repository/New Subscription/Page_Add New Subscription - PraisindoSIARUI/button_Save to Draft")): Object: 'Object Repository/New Subscription/Page_Add New Subscription - PraisindoSIARUI/button_Save to Draft' is clicked on

2020-03-18 14:56:49 - [MESSAGE][PASSED] - Object: 'Object Repository/New Subscription/Page_Add New Subscription - PraisindoSIARUI/button_Save to Draft' is clicked on]]></system-out>
         <system-err><![CDATA[]]></system-err>
      </testcase>
      <testcase name="Test Cases/NF Testing Checklist - Remarks" time="4.019" classname="Test Cases/NF Testing Checklist - Remarks" status="PASSED">
         <system-out><![CDATA[2020-03-18 14:56:49 - [TEST_CASE][PASSED] - Test Cases/NF Testing Checklist - Remarks: Test Cases/NF Testing Checklist - Remarks

2020-03-18 14:56:49 - [TEST_STEP][PASSED] - setText(findTestObject("Object Repository/New Subscription/Page_Add New Subscription - PraisindoSIARUI/textarea_Remark_Remarks"), ParamRemarks): Text '<script>alert("123")</script>' is set on object 'Object Repository/New Subscription/Page_Add New Subscription - PraisindoSIARUI/textarea_Remark_Remarks'

2020-03-18 14:56:52 - [MESSAGE][PASSED] - Text '<script>alert("123")</script>' is set on object 'Object Repository/New Subscription/Page_Add New Subscription - PraisindoSIARUI/textarea_Remark_Remarks'

2020-03-18 14:56:52 - [TEST_STEP][PASSED] - click(findTestObject("Object Repository/New Subscription/Page_Add New Subscription - PraisindoSIARUI/button_Save to Draft")): Object: 'Object Repository/New Subscription/Page_Add New Subscription - PraisindoSIARUI/button_Save to Draft' is clicked on

2020-03-18 14:56:53 - [MESSAGE][PASSED] - Object: 'Object Repository/New Subscription/Page_Add New Subscription - PraisindoSIARUI/button_Save to Draft' is clicked on]]></system-out>
         <system-err><![CDATA[]]></system-err>
      </testcase>
      <testcase name="Test Cases/NF Testing Checklist - Remarks" time="4.066" classname="Test Cases/NF Testing Checklist - Remarks" status="PASSED">
         <system-out><![CDATA[2020-03-18 14:56:53 - [TEST_CASE][PASSED] - Test Cases/NF Testing Checklist - Remarks: Test Cases/NF Testing Checklist - Remarks

2020-03-18 14:56:53 - [TEST_STEP][PASSED] - setText(findTestObject("Object Repository/New Subscription/Page_Add New Subscription - PraisindoSIARUI/textarea_Remark_Remarks"), ParamRemarks): Text '<script>alert(document.cookie)</script>' is set on object 'Object Repository/New Subscription/Page_Add New Subscription - PraisindoSIARUI/textarea_Remark_Remarks'

2020-03-18 14:56:56 - [MESSAGE][PASSED] - Text '<script>alert(document.cookie)</script>' is set on object 'Object Repository/New Subscription/Page_Add New Subscription - PraisindoSIARUI/textarea_Remark_Remarks'

2020-03-18 14:56:56 - [TEST_STEP][PASSED] - click(findTestObject("Object Repository/New Subscription/Page_Add New Subscription - PraisindoSIARUI/button_Save to Draft")): Object: 'Object Repository/New Subscription/Page_Add New Subscription - PraisindoSIARUI/button_Save to Draft' is clicked on

2020-03-18 14:56:57 - [MESSAGE][PASSED] - Object: 'Object Repository/New Subscription/Page_Add New Subscription - PraisindoSIARUI/button_Save to Draft' is clicked on]]></system-out>
         <system-err><![CDATA[]]></system-err>
      </testcase>
      <testcase name="Test Cases/NF Testing Checklist - Remarks" time="4.057" classname="Test Cases/NF Testing Checklist - Remarks" status="PASSED">
         <system-out><![CDATA[2020-03-18 14:56:57 - [TEST_CASE][PASSED] - Test Cases/NF Testing Checklist - Remarks: Test Cases/NF Testing Checklist - Remarks

2020-03-18 14:56:57 - [TEST_STEP][PASSED] - setText(findTestObject("Object Repository/New Subscription/Page_Add New Subscription - PraisindoSIARUI/textarea_Remark_Remarks"), ParamRemarks): Text '<html><a>"Testing"</a></html>' is set on object 'Object Repository/New Subscription/Page_Add New Subscription - PraisindoSIARUI/textarea_Remark_Remarks'

2020-03-18 14:57:00 - [MESSAGE][PASSED] - Text '<html><a>"Testing"</a></html>' is set on object 'Object Repository/New Subscription/Page_Add New Subscription - PraisindoSIARUI/textarea_Remark_Remarks'

2020-03-18 14:57:00 - [TEST_STEP][PASSED] - click(findTestObject("Object Repository/New Subscription/Page_Add New Subscription - PraisindoSIARUI/button_Save to Draft")): Object: 'Object Repository/New Subscription/Page_Add New Subscription - PraisindoSIARUI/button_Save to Draft' is clicked on

2020-03-18 14:57:01 - [MESSAGE][PASSED] - Object: 'Object Repository/New Subscription/Page_Add New Subscription - PraisindoSIARUI/button_Save to Draft' is clicked on]]></system-out>
         <system-err><![CDATA[]]></system-err>
      </testcase>
      <testcase name="Test Cases/NF Testing Checklist - Remarks" time="4.218" classname="Test Cases/NF Testing Checklist - Remarks" status="PASSED">
         <system-out><![CDATA[2020-03-18 14:57:01 - [TEST_CASE][PASSED] - Test Cases/NF Testing Checklist - Remarks: Test Cases/NF Testing Checklist - Remarks

2020-03-18 14:57:01 - [TEST_STEP][PASSED] - setText(findTestObject("Object Repository/New Subscription/Page_Add New Subscription - PraisindoSIARUI/textarea_Remark_Remarks"), ParamRemarks): Text '<IMG SRC=\"jav&#x09;ascript:alert('XSS');\">' is set on object 'Object Repository/New Subscription/Page_Add New Subscription - PraisindoSIARUI/textarea_Remark_Remarks'

2020-03-18 14:57:04 - [MESSAGE][PASSED] - Text '<IMG SRC=\"jav&#x09;ascript:alert('XSS');\">' is set on object 'Object Repository/New Subscription/Page_Add New Subscription - PraisindoSIARUI/textarea_Remark_Remarks'

2020-03-18 14:57:04 - [TEST_STEP][PASSED] - click(findTestObject("Object Repository/New Subscription/Page_Add New Subscription - PraisindoSIARUI/button_Save to Draft")): Object: 'Object Repository/New Subscription/Page_Add New Subscription - PraisindoSIARUI/button_Save to Draft' is clicked on

2020-03-18 14:57:06 - [MESSAGE][PASSED] - Object: 'Object Repository/New Subscription/Page_Add New Subscription - PraisindoSIARUI/button_Save to Draft' is clicked on]]></system-out>
         <system-err><![CDATA[]]></system-err>
      </testcase>
      <testcase name="Test Cases/NF Testing Checklist - Remarks" time="3.961" classname="Test Cases/NF Testing Checklist - Remarks" status="PASSED">
         <system-out><![CDATA[2020-03-18 14:57:06 - [TEST_CASE][PASSED] - Test Cases/NF Testing Checklist - Remarks: Test Cases/NF Testing Checklist - Remarks

2020-03-18 14:57:06 - [TEST_STEP][PASSED] - setText(findTestObject("Object Repository/New Subscription/Page_Add New Subscription - PraisindoSIARUI/textarea_Remark_Remarks"), ParamRemarks): Text 'http://a/%%30%30' is set on object 'Object Repository/New Subscription/Page_Add New Subscription - PraisindoSIARUI/textarea_Remark_Remarks'

2020-03-18 14:57:08 - [MESSAGE][PASSED] - Text 'http://a/%%30%30' is set on object 'Object Repository/New Subscription/Page_Add New Subscription - PraisindoSIARUI/textarea_Remark_Remarks'

2020-03-18 14:57:08 - [TEST_STEP][PASSED] - click(findTestObject("Object Repository/New Subscription/Page_Add New Subscription - PraisindoSIARUI/button_Save to Draft")): Object: 'Object Repository/New Subscription/Page_Add New Subscription - PraisindoSIARUI/button_Save to Draft' is clicked on

2020-03-18 14:57:10 - [MESSAGE][PASSED] - Object: 'Object Repository/New Subscription/Page_Add New Subscription - PraisindoSIARUI/button_Save to Draft' is clicked on]]></system-out>
         <system-err><![CDATA[]]></system-err>
      </testcase>
      <testcase name="Test Cases/NF Testing Checklist - Remarks" time="3.992" classname="Test Cases/NF Testing Checklist - Remarks" status="PASSED">
         <system-out><![CDATA[2020-03-18 14:57:10 - [TEST_CASE][PASSED] - Test Cases/NF Testing Checklist - Remarks: Test Cases/NF Testing Checklist - Remarks

2020-03-18 14:57:10 - [TEST_STEP][PASSED] - setText(findTestObject("Object Repository/New Subscription/Page_Add New Subscription - PraisindoSIARUI/textarea_Remark_Remarks"), ParamRemarks): Text '1'; DROP TABLE users-- 1' is set on object 'Object Repository/New Subscription/Page_Add New Subscription - PraisindoSIARUI/textarea_Remark_Remarks'

2020-03-18 14:57:12 - [MESSAGE][PASSED] - Text '1'; DROP TABLE users-- 1' is set on object 'Object Repository/New Subscription/Page_Add New Subscription - PraisindoSIARUI/textarea_Remark_Remarks'

2020-03-18 14:57:12 - [TEST_STEP][PASSED] - click(findTestObject("Object Repository/New Subscription/Page_Add New Subscription - PraisindoSIARUI/button_Save to Draft")): Object: 'Object Repository/New Subscription/Page_Add New Subscription - PraisindoSIARUI/button_Save to Draft' is clicked on

2020-03-18 14:57:14 - [MESSAGE][PASSED] - Object: 'Object Repository/New Subscription/Page_Add New Subscription - PraisindoSIARUI/button_Save to Draft' is clicked on]]></system-out>
         <system-err><![CDATA[]]></system-err>
      </testcase>
      <testcase name="Test Cases/NF Testing Checklist - Remarks" time="5.27" classname="Test Cases/NF Testing Checklist - Remarks" status="PASSED">
         <system-out><![CDATA[2020-03-18 14:57:14 - [TEST_CASE][PASSED] - Test Cases/NF Testing Checklist - Remarks: Test Cases/NF Testing Checklist - Remarks

2020-03-18 14:57:14 - [TEST_STEP][PASSED] - setText(findTestObject("Object Repository/New Subscription/Page_Add New Subscription - PraisindoSIARUI/textarea_Remark_Remarks"), ParamRemarks): Text '<iframe width="560" height="315" src="https://www.youtube.com/embed/WesrJBgEmyw" frameborder="0" allow="accelerometer; autoplay; encrypted-media; gyroscope; picture-in-picture" allowfullscreen></iframe>' is set on object 'Object Repository/New Subscription/Page_Add New Subscription - PraisindoSIARUI/textarea_Remark_Remarks'

2020-03-18 14:57:17 - [MESSAGE][PASSED] - Text '<iframe width="560" height="315" src="https://www.youtube.com/embed/WesrJBgEmyw" frameborder="0" allow="accelerometer; autoplay; encrypted-media; gyroscope; picture-in-picture" allowfullscreen></iframe>' is set on object 'Object Repository/New Subscription/Page_Add New Subscription - PraisindoSIARUI/textarea_Remark_Remarks'

2020-03-18 14:57:17 - [TEST_STEP][PASSED] - click(findTestObject("Object Repository/New Subscription/Page_Add New Subscription - PraisindoSIARUI/button_Save to Draft")): Object: 'Object Repository/New Subscription/Page_Add New Subscription - PraisindoSIARUI/button_Save to Draft' is clicked on

2020-03-18 14:57:19 - [MESSAGE][PASSED] - Object: 'Object Repository/New Subscription/Page_Add New Subscription - PraisindoSIARUI/button_Save to Draft' is clicked on]]></system-out>
         <system-err><![CDATA[]]></system-err>
      </testcase>
      <testcase name="Test Cases/NF Testing Checklist - Remarks" time="4.006" classname="Test Cases/NF Testing Checklist - Remarks" status="PASSED">
         <system-out><![CDATA[2020-03-18 14:57:19 - [TEST_CASE][PASSED] - Test Cases/NF Testing Checklist - Remarks: Test Cases/NF Testing Checklist - Remarks

2020-03-18 14:57:19 - [TEST_STEP][PASSED] - setText(findTestObject("Object Repository/New Subscription/Page_Add New Subscription - PraisindoSIARUI/textarea_Remark_Remarks"), ParamRemarks): Text 'Kernel.exec(\"ls -al /\")' is set on object 'Object Repository/New Subscription/Page_Add New Subscription - PraisindoSIARUI/textarea_Remark_Remarks'

2020-03-18 14:57:22 - [MESSAGE][PASSED] - Text 'Kernel.exec(\"ls -al /\")' is set on object 'Object Repository/New Subscription/Page_Add New Subscription - PraisindoSIARUI/textarea_Remark_Remarks'

2020-03-18 14:57:22 - [TEST_STEP][PASSED] - click(findTestObject("Object Repository/New Subscription/Page_Add New Subscription - PraisindoSIARUI/button_Save to Draft")): Object: 'Object Repository/New Subscription/Page_Add New Subscription - PraisindoSIARUI/button_Save to Draft' is clicked on

2020-03-18 14:57:23 - [MESSAGE][PASSED] - Object: 'Object Repository/New Subscription/Page_Add New Subscription - PraisindoSIARUI/button_Save to Draft' is clicked on]]></system-out>
         <system-err><![CDATA[]]></system-err>
      </testcase>
      <testcase name="Test Cases/NF Testing Checklist - Remarks" time="4.194" classname="Test Cases/NF Testing Checklist - Remarks" status="PASSED">
         <system-out><![CDATA[2020-03-18 14:57:23 - [TEST_CASE][PASSED] - Test Cases/NF Testing Checklist - Remarks: Test Cases/NF Testing Checklist - Remarks

2020-03-18 14:57:23 - [TEST_STEP][PASSED] - setText(findTestObject("Object Repository/New Subscription/Page_Add New Subscription - PraisindoSIARUI/textarea_Remark_Remarks"), ParamRemarks): Text '() { _; } >_[$($())] { touch /tmp/blns.shellshock2.fail; }' is set on object 'Object Repository/New Subscription/Page_Add New Subscription - PraisindoSIARUI/textarea_Remark_Remarks'

2020-03-18 14:57:26 - [MESSAGE][PASSED] - Text '() { _; } >_[$($())] { touch /tmp/blns.shellshock2.fail; }' is set on object 'Object Repository/New Subscription/Page_Add New Subscription - PraisindoSIARUI/textarea_Remark_Remarks'

2020-03-18 14:57:26 - [TEST_STEP][PASSED] - click(findTestObject("Object Repository/New Subscription/Page_Add New Subscription - PraisindoSIARUI/button_Save to Draft")): Object: 'Object Repository/New Subscription/Page_Add New Subscription - PraisindoSIARUI/button_Save to Draft' is clicked on

2020-03-18 14:57:27 - [MESSAGE][PASSED] - Object: 'Object Repository/New Subscription/Page_Add New Subscription - PraisindoSIARUI/button_Save to Draft' is clicked on]]></system-out>
         <system-err><![CDATA[]]></system-err>
      </testcase>
      <system-out><![CDATA[2020-03-18 14:48:10 - [TEST_SUITE][FAILED] - TC - New Sub - Multiple: Test Cases/NF Testing Checklist - Amount FAILED.
Reason:
com.kms.katalon.core.exception.StepFailedException: No option matched.
	at com.kms.katalon.core.keyword.internal.KeywordMain.stepFailed(KeywordMain.groovy:39)
	at com.kms.katalon.core.keyword.internal.KeywordMain.stepFailed(KeywordMain.groovy)
	at com.kms.katalon.core.keyword.internal.KeywordMain.stepFailed(KeywordMain.groovy:23)
	at com.kms.katalon.core.webui.keyword.builtin.SelectOptionByValueKeyword$_selectOptionByValue_closure1.doCall(SelectOptionByValueKeyword.groovy:92)
	at com.kms.katalon.core.webui.keyword.builtin.SelectOptionByValueKeyword$_selectOptionByValue_closure1.call(SelectOptionByValueKeyword.groovy)
	at com.kms.katalon.core.webui.keyword.internal.WebUIKeywordMain.runKeyword(WebUIKeywordMain.groovy:20)
	at com.kms.katalon.core.webui.keyword.builtin.SelectOptionByValueKeyword.selectOptionByValue(SelectOptionByValueKeyword.groovy:99)
	at com.kms.katalon.core.webui.keyword.builtin.SelectOptionByValueKeyword.execute(SelectOptionByValueKeyword.groovy:71)
	at com.kms.katalon.core.keyword.internal.KeywordExecutor.executeKeywordForPlatform(KeywordExecutor.groovy:72)
	at com.kms.katalon.core.webui.keyword.WebUiBuiltInKeywords.selectOptionByValue(WebUiBuiltInKeywords.groovy:1164)
	at com.kms.katalon.core.webui.keyword.WebUiBuiltInKeywords$selectOptionByValue$4.call(Unknown Source)
	at NF Testing Checklist - Amount.run(NF Testing Checklist - Amount:23)
	at com.kms.katalon.core.main.ScriptEngine.run(ScriptEngine.java:194)
	at com.kms.katalon.core.main.ScriptEngine.runScriptAsRawText(ScriptEngine.java:119)
	at com.kms.katalon.core.main.TestCaseExecutor.runScript(TestCaseExecutor.java:337)
	at com.kms.katalon.core.main.TestCaseExecutor.doExecute(TestCaseExecutor.java:328)
	at com.kms.katalon.core.main.TestCaseExecutor.processExecutionPhase(TestCaseExecutor.java:307)
	at com.kms.katalon.core.main.TestCaseExecutor.accessMainPhase(TestCaseExecutor.java:299)
	at com.kms.katalon.core.main.TestCaseExecutor.execute(TestCaseExecutor.java:233)
	at com.kms.katalon.core.main.TestSuiteExecutor.accessTestCaseMainPhase(TestSuiteExecutor.java:169)
	at com.kms.katalon.core.main.TestSuiteExecutor.accessTestSuiteMainPhase(TestSuiteExecutor.java:142)
	at com.kms.katalon.core.main.TestSuiteExecutor.execute(TestSuiteExecutor.java:91)
	at com.kms.katalon.core.main.TestCaseMain.startTestSuite(TestCaseMain.java:157)
	at com.kms.katalon.core.main.TestCaseMain$startTestSuite$0.call(Unknown Source)
	at TempTestSuite1584517683796.run(TempTestSuite1584517683796.groovy:36)]]></system-out>
      <system-err><![CDATA[2020-03-18 14:48:10 - [TEST_SUITE][FAILED] - TC - New Sub - Multiple: Test Cases/NF Testing Checklist - Amount FAILED.
Reason:
com.kms.katalon.core.exception.StepFailedException: No option matched.
	at com.kms.katalon.core.keyword.internal.KeywordMain.stepFailed(KeywordMain.groovy:39)
	at com.kms.katalon.core.keyword.internal.KeywordMain.stepFailed(KeywordMain.groovy)
	at com.kms.katalon.core.keyword.internal.KeywordMain.stepFailed(KeywordMain.groovy:23)
	at com.kms.katalon.core.webui.keyword.builtin.SelectOptionByValueKeyword$_selectOptionByValue_closure1.doCall(SelectOptionByValueKeyword.groovy:92)
	at com.kms.katalon.core.webui.keyword.builtin.SelectOptionByValueKeyword$_selectOptionByValue_closure1.call(SelectOptionByValueKeyword.groovy)
	at com.kms.katalon.core.webui.keyword.internal.WebUIKeywordMain.runKeyword(WebUIKeywordMain.groovy:20)
	at com.kms.katalon.core.webui.keyword.builtin.SelectOptionByValueKeyword.selectOptionByValue(SelectOptionByValueKeyword.groovy:99)
	at com.kms.katalon.core.webui.keyword.builtin.SelectOptionByValueKeyword.execute(SelectOptionByValueKeyword.groovy:71)
	at com.kms.katalon.core.keyword.internal.KeywordExecutor.executeKeywordForPlatform(KeywordExecutor.groovy:72)
	at com.kms.katalon.core.webui.keyword.WebUiBuiltInKeywords.selectOptionByValue(WebUiBuiltInKeywords.groovy:1164)
	at com.kms.katalon.core.webui.keyword.WebUiBuiltInKeywords$selectOptionByValue$4.call(Unknown Source)
	at NF Testing Checklist - Amount.run(NF Testing Checklist - Amount:23)
	at com.kms.katalon.core.main.ScriptEngine.run(ScriptEngine.java:194)
	at com.kms.katalon.core.main.ScriptEngine.runScriptAsRawText(ScriptEngine.java:119)
	at com.kms.katalon.core.main.TestCaseExecutor.runScript(TestCaseExecutor.java:337)
	at com.kms.katalon.core.main.TestCaseExecutor.doExecute(TestCaseExecutor.java:328)
	at com.kms.katalon.core.main.TestCaseExecutor.processExecutionPhase(TestCaseExecutor.java:307)
	at com.kms.katalon.core.main.TestCaseExecutor.accessMainPhase(TestCaseExecutor.java:299)
	at com.kms.katalon.core.main.TestCaseExecutor.execute(TestCaseExecutor.java:233)
	at com.kms.katalon.core.main.TestSuiteExecutor.accessTestCaseMainPhase(TestSuiteExecutor.java:169)
	at com.kms.katalon.core.main.TestSuiteExecutor.accessTestSuiteMainPhase(TestSuiteExecutor.java:142)
	at com.kms.katalon.core.main.TestSuiteExecutor.execute(TestSuiteExecutor.java:91)
	at com.kms.katalon.core.main.TestCaseMain.startTestSuite(TestCaseMain.java:157)
	at com.kms.katalon.core.main.TestCaseMain$startTestSuite$0.call(Unknown Source)
	at TempTestSuite1584517683796.run(TempTestSuite1584517683796.groovy:36)]]></system-err>
   </testsuite>
</testsuites>
